{"C:\\Users\\Mail4\\Documents\\GitHub\\christisking\\server\\server.js": {"path":"C:\\Users\\Mail4\\Documents\\GitHub\\christisking\\server\\server.js","statementMap":{"0":{"start":{"line":21,"column":12},"end":{"line":21,"column":21}},"1":{"start":{"line":22,"column":16},"end":{"line":22,"column":38}},"2":{"start":{"line":23,"column":15},"end":{"line":23,"column":43}},"3":{"start":{"line":25,"column":0},"end":{"line":27,"column":2}},"4":{"start":{"line":29,"column":0},"end":{"line":29,"column":43}},"5":{"start":{"line":30,"column":0},"end":{"line":30,"column":43}},"6":{"start":{"line":32,"column":17},"end":{"line":32,"column":64}},"7":{"start":{"line":33,"column":20},"end":{"line":33,"column":61}},"8":{"start":{"line":34,"column":11},"end":{"line":34,"column":15}},"9":{"start":{"line":36,"column":25},"end":{"line":39,"column":2}},"10":{"start":{"line":40,"column":36},"end":{"line":43,"column":2}},"11":{"start":{"line":44,"column":28},"end":{"line":47,"column":2}},"12":{"start":{"line":48,"column":31},"end":{"line":51,"column":2}},"13":{"start":{"line":53,"column":0},"end":{"line":53,"column":24}},"14":{"start":{"line":54,"column":0},"end":{"line":62,"column":3}},"15":{"start":{"line":63,"column":0},"end":{"line":63,"column":26}},"16":{"start":{"line":64,"column":0},"end":{"line":64,"column":30}},"17":{"start":{"line":65,"column":0},"end":{"line":65,"column":29}},"18":{"start":{"line":66,"column":0},"end":{"line":66,"column":32}},"19":{"start":{"line":68,"column":0},"end":{"line":70,"column":2}},"20":{"start":{"line":73,"column":25},"end":{"line":92,"column":1}},"21":{"start":{"line":75,"column":23},"end":{"line":75,"column":51}},"22":{"start":{"line":76,"column":18},"end":{"line":76,"column":56}},"23":{"start":{"line":78,"column":4},"end":{"line":80,"column":5}},"24":{"start":{"line":79,"column":8},"end":{"line":79,"column":65}},"25":{"start":{"line":82,"column":4},"end":{"line":90,"column":6}},"26":{"start":{"line":83,"column":8},"end":{"line":85,"column":9}},"27":{"start":{"line":84,"column":12},"end":{"line":84,"column":77}},"28":{"start":{"line":87,"column":8},"end":{"line":87,"column":26}},"29":{"start":{"line":88,"column":8},"end":{"line":88,"column":30}},"30":{"start":{"line":89,"column":8},"end":{"line":89,"column":14}},"31":{"start":{"line":94,"column":32},"end":{"line":105,"column":1}},"32":{"start":{"line":96,"column":25},"end":{"line":96,"column":101}},"33":{"start":{"line":98,"column":4},"end":{"line":104,"column":5}},"34":{"start":{"line":107,"column":32},"end":{"line":116,"column":1}},"35":{"start":{"line":108,"column":19},"end":{"line":108,"column":38}},"36":{"start":{"line":110,"column":30},"end":{"line":110,"column":112}},"37":{"start":{"line":110,"column":105},"end":{"line":110,"column":111}},"38":{"start":{"line":112,"column":4},"end":{"line":112,"column":68}},"39":{"start":{"line":114,"column":4},"end":{"line":114,"column":20}},"40":{"start":{"line":118,"column":0},"end":{"line":162,"column":3}},"41":{"start":{"line":120,"column":40},"end":{"line":120,"column":48}},"42":{"start":{"line":121,"column":18},"end":{"line":121,"column":69}},"43":{"start":{"line":123,"column":4},"end":{"line":125,"column":5}},"44":{"start":{"line":124,"column":8},"end":{"line":124,"column":92}},"45":{"start":{"line":126,"column":4},"end":{"line":128,"column":5}},"46":{"start":{"line":127,"column":8},"end":{"line":127,"column":63}},"47":{"start":{"line":129,"column":4},"end":{"line":131,"column":5}},"48":{"start":{"line":130,"column":8},"end":{"line":130,"column":68}},"49":{"start":{"line":132,"column":4},"end":{"line":134,"column":5}},"50":{"start":{"line":133,"column":8},"end":{"line":133,"column":146}},"51":{"start":{"line":136,"column":4},"end":{"line":161,"column":7}},"52":{"start":{"line":137,"column":23},"end":{"line":137,"column":52}},"53":{"start":{"line":138,"column":26},"end":{"line":138,"column":122}},"54":{"start":{"line":140,"column":19},"end":{"line":151,"column":10}},"55":{"start":{"line":153,"column":8},"end":{"line":160,"column":11}},"56":{"start":{"line":154,"column":12},"end":{"line":154,"column":54}},"57":{"start":{"line":156,"column":12},"end":{"line":158,"column":13}},"58":{"start":{"line":157,"column":16},"end":{"line":157,"column":80}},"59":{"start":{"line":159,"column":12},"end":{"line":159,"column":65}},"60":{"start":{"line":164,"column":0},"end":{"line":201,"column":2}},"61":{"start":{"line":166,"column":30},"end":{"line":166,"column":38}},"62":{"start":{"line":168,"column":4},"end":{"line":199,"column":6}},"63":{"start":{"line":170,"column":8},"end":{"line":172,"column":9}},"64":{"start":{"line":171,"column":12},"end":{"line":171,"column":72}},"65":{"start":{"line":175,"column":8},"end":{"line":193,"column":9}},"66":{"start":{"line":177,"column":12},"end":{"line":189,"column":14}},"67":{"start":{"line":179,"column":16},"end":{"line":181,"column":17}},"68":{"start":{"line":180,"column":20},"end":{"line":180,"column":107}},"69":{"start":{"line":183,"column":16},"end":{"line":187,"column":17}},"70":{"start":{"line":184,"column":20},"end":{"line":184,"column":82}},"71":{"start":{"line":186,"column":20},"end":{"line":186,"column":71}},"72":{"start":{"line":192,"column":12},"end":{"line":192,"column":145}},"73":{"start":{"line":197,"column":8},"end":{"line":197,"column":33}},"74":{"start":{"line":198,"column":8},"end":{"line":198,"column":61}},"75":{"start":{"line":203,"column":0},"end":{"line":259,"column":2}},"76":{"start":{"line":205,"column":27},"end":{"line":205,"column":35}},"77":{"start":{"line":207,"column":4},"end":{"line":257,"column":6}},"78":{"start":{"line":211,"column":39},"end":{"line":211,"column":50}},"79":{"start":{"line":212,"column":22},"end":{"line":212,"column":27}},"80":{"start":{"line":214,"column":8},"end":{"line":216,"column":9}},"81":{"start":{"line":215,"column":12},"end":{"line":215,"column":27}},"82":{"start":{"line":218,"column":8},"end":{"line":218,"column":53}},"83":{"start":{"line":220,"column":19},"end":{"line":225,"column":10}},"84":{"start":{"line":221,"column":12},"end":{"line":221,"column":28}},"85":{"start":{"line":224,"column":12},"end":{"line":224,"column":65}},"86":{"start":{"line":227,"column":8},"end":{"line":250,"column":9}},"87":{"start":{"line":228,"column":12},"end":{"line":230,"column":13}},"88":{"start":{"line":229,"column":16},"end":{"line":229,"column":150}},"89":{"start":{"line":234,"column":27},"end":{"line":234,"column":56}},"90":{"start":{"line":236,"column":12},"end":{"line":241,"column":14}},"91":{"start":{"line":243,"column":12},"end":{"line":248,"column":14}},"92":{"start":{"line":244,"column":16},"end":{"line":244,"column":25}},"93":{"start":{"line":247,"column":16},"end":{"line":247,"column":69}},"94":{"start":{"line":252,"column":8},"end":{"line":252,"column":59}},"95":{"start":{"line":256,"column":8},"end":{"line":256,"column":126}},"96":{"start":{"line":261,"column":0},"end":{"line":316,"column":2}},"97":{"start":{"line":263,"column":27},"end":{"line":263,"column":35}},"98":{"start":{"line":266,"column":4},"end":{"line":314,"column":6}},"99":{"start":{"line":270,"column":39},"end":{"line":270,"column":50}},"100":{"start":{"line":271,"column":22},"end":{"line":271,"column":27}},"101":{"start":{"line":273,"column":8},"end":{"line":275,"column":9}},"102":{"start":{"line":274,"column":12},"end":{"line":274,"column":27}},"103":{"start":{"line":277,"column":19},"end":{"line":282,"column":10}},"104":{"start":{"line":278,"column":12},"end":{"line":278,"column":28}},"105":{"start":{"line":281,"column":12},"end":{"line":281,"column":65}},"106":{"start":{"line":284,"column":8},"end":{"line":307,"column":9}},"107":{"start":{"line":285,"column":12},"end":{"line":287,"column":13}},"108":{"start":{"line":286,"column":16},"end":{"line":286,"column":152}},"109":{"start":{"line":291,"column":27},"end":{"line":291,"column":56}},"110":{"start":{"line":293,"column":12},"end":{"line":298,"column":14}},"111":{"start":{"line":300,"column":12},"end":{"line":305,"column":14}},"112":{"start":{"line":301,"column":16},"end":{"line":301,"column":25}},"113":{"start":{"line":304,"column":16},"end":{"line":304,"column":69}},"114":{"start":{"line":309,"column":8},"end":{"line":309,"column":59}},"115":{"start":{"line":313,"column":8},"end":{"line":313,"column":128}},"116":{"start":{"line":318,"column":0},"end":{"line":356,"column":3}},"117":{"start":{"line":319,"column":4},"end":{"line":355,"column":5}},"118":{"start":{"line":320,"column":8},"end":{"line":351,"column":9}},"119":{"start":{"line":321,"column":23},"end":{"line":321,"column":45}},"120":{"start":{"line":322,"column":27},"end":{"line":322,"column":74}},"121":{"start":{"line":324,"column":29},"end":{"line":324,"column":94}},"122":{"start":{"line":325,"column":33},"end":{"line":329,"column":14}},"123":{"start":{"line":331,"column":12},"end":{"line":331,"column":46}},"124":{"start":{"line":333,"column":12},"end":{"line":348,"column":15}},"125":{"start":{"line":334,"column":16},"end":{"line":334,"column":58}},"126":{"start":{"line":336,"column":34},"end":{"line":342,"column":18}},"127":{"start":{"line":344,"column":16},"end":{"line":344,"column":39}},"128":{"start":{"line":346,"column":33},"end":{"line":346,"column":88}},"129":{"start":{"line":347,"column":16},"end":{"line":347,"column":82}},"130":{"start":{"line":350,"column":12},"end":{"line":350,"column":68}},"131":{"start":{"line":353,"column":8},"end":{"line":353,"column":55}},"132":{"start":{"line":354,"column":8},"end":{"line":354,"column":87}},"133":{"start":{"line":358,"column":0},"end":{"line":385,"column":3}},"134":{"start":{"line":359,"column":4},"end":{"line":384,"column":5}},"135":{"start":{"line":360,"column":21},"end":{"line":360,"column":77}},"136":{"start":{"line":362,"column":8},"end":{"line":366,"column":9}},"137":{"start":{"line":363,"column":12},"end":{"line":365,"column":15}},"138":{"start":{"line":369,"column":8},"end":{"line":380,"column":9}},"139":{"start":{"line":370,"column":23},"end":{"line":370,"column":45}},"140":{"start":{"line":371,"column":27},"end":{"line":371,"column":74}},"141":{"start":{"line":374,"column":31},"end":{"line":374,"column":83}},"142":{"start":{"line":375,"column":12},"end":{"line":375,"column":33}},"143":{"start":{"line":377,"column":12},"end":{"line":379,"column":15}},"144":{"start":{"line":382,"column":8},"end":{"line":382,"column":56}},"145":{"start":{"line":383,"column":8},"end":{"line":383,"column":87}},"146":{"start":{"line":388,"column":0},"end":{"line":432,"column":3}},"147":{"start":{"line":390,"column":43},"end":{"line":390,"column":51}},"148":{"start":{"line":392,"column":4},"end":{"line":394,"column":5}},"149":{"start":{"line":393,"column":8},"end":{"line":393,"column":144}},"150":{"start":{"line":396,"column":4},"end":{"line":431,"column":5}},"151":{"start":{"line":397,"column":8},"end":{"line":428,"column":14}},"152":{"start":{"line":399,"column":16},"end":{"line":401,"column":17}},"153":{"start":{"line":400,"column":20},"end":{"line":400,"column":134}},"154":{"start":{"line":403,"column":16},"end":{"line":423,"column":22}},"155":{"start":{"line":404,"column":20},"end":{"line":406,"column":21}},"156":{"start":{"line":405,"column":24},"end":{"line":405,"column":136}},"157":{"start":{"line":408,"column":20},"end":{"line":410,"column":21}},"158":{"start":{"line":409,"column":24},"end":{"line":409,"column":92}},"159":{"start":{"line":412,"column":20},"end":{"line":422,"column":26}},"160":{"start":{"line":414,"column":24},"end":{"line":420,"column":30}},"161":{"start":{"line":416,"column":32},"end":{"line":416,"column":91}},"162":{"start":{"line":419,"column":32},"end":{"line":419,"column":142}},"163":{"start":{"line":426,"column":16},"end":{"line":426,"column":33}},"164":{"start":{"line":427,"column":16},"end":{"line":427,"column":81}},"165":{"start":{"line":430,"column":8},"end":{"line":430,"column":99}},"166":{"start":{"line":434,"column":0},"end":{"line":453,"column":2}},"167":{"start":{"line":436,"column":19},"end":{"line":436,"column":27}},"168":{"start":{"line":438,"column":19},"end":{"line":438,"column":20}},"169":{"start":{"line":440,"column":4},"end":{"line":451,"column":6}},"170":{"start":{"line":447,"column":8},"end":{"line":447,"column":46}},"171":{"start":{"line":450,"column":8},"end":{"line":450,"column":59}},"172":{"start":{"line":455,"column":0},"end":{"line":466,"column":2}},"173":{"start":{"line":457,"column":4},"end":{"line":464,"column":6}},"174":{"start":{"line":459,"column":8},"end":{"line":459,"column":57}},"175":{"start":{"line":462,"column":8},"end":{"line":462,"column":33}},"176":{"start":{"line":463,"column":8},"end":{"line":463,"column":59}},"177":{"start":{"line":468,"column":0},"end":{"line":482,"column":2}},"178":{"start":{"line":470,"column":4},"end":{"line":480,"column":6}},"179":{"start":{"line":476,"column":8},"end":{"line":476,"column":46}},"180":{"start":{"line":479,"column":8},"end":{"line":479,"column":59}},"181":{"start":{"line":484,"column":0},"end":{"line":513,"column":2}},"182":{"start":{"line":486,"column":62},"end":{"line":486,"column":70}},"183":{"start":{"line":490,"column":4},"end":{"line":496,"column":5}},"184":{"start":{"line":491,"column":8},"end":{"line":491,"column":82}},"185":{"start":{"line":492,"column":11},"end":{"line":496,"column":5}},"186":{"start":{"line":493,"column":8},"end":{"line":493,"column":67}},"187":{"start":{"line":494,"column":11},"end":{"line":496,"column":5}},"188":{"start":{"line":495,"column":8},"end":{"line":495,"column":44}},"189":{"start":{"line":498,"column":19},"end":{"line":498,"column":36}},"190":{"start":{"line":500,"column":4},"end":{"line":511,"column":6}},"191":{"start":{"line":507,"column":8},"end":{"line":507,"column":46}},"192":{"start":{"line":510,"column":8},"end":{"line":510,"column":59}},"193":{"start":{"line":515,"column":0},"end":{"line":538,"column":2}},"194":{"start":{"line":517,"column":33},"end":{"line":517,"column":41}},"195":{"start":{"line":521,"column":4},"end":{"line":527,"column":5}},"196":{"start":{"line":522,"column":8},"end":{"line":522,"column":48}},"197":{"start":{"line":523,"column":11},"end":{"line":527,"column":5}},"198":{"start":{"line":524,"column":8},"end":{"line":524,"column":67}},"199":{"start":{"line":525,"column":11},"end":{"line":527,"column":5}},"200":{"start":{"line":526,"column":8},"end":{"line":526,"column":44}},"201":{"start":{"line":529,"column":4},"end":{"line":536,"column":6}},"202":{"start":{"line":531,"column":8},"end":{"line":531,"column":57}},"203":{"start":{"line":534,"column":8},"end":{"line":534,"column":33}},"204":{"start":{"line":535,"column":8},"end":{"line":535,"column":59}},"205":{"start":{"line":540,"column":0},"end":{"line":554,"column":2}},"206":{"start":{"line":542,"column":20},"end":{"line":542,"column":28}},"207":{"start":{"line":544,"column":4},"end":{"line":552,"column":6}},"208":{"start":{"line":548,"column":8},"end":{"line":548,"column":46}},"209":{"start":{"line":551,"column":8},"end":{"line":551,"column":59}},"210":{"start":{"line":577,"column":0},"end":{"line":587,"column":3}},"211":{"start":{"line":578,"column":4},"end":{"line":586,"column":11}},"212":{"start":{"line":581,"column":12},"end":{"line":581,"column":80}},"213":{"start":{"line":581,"column":23},"end":{"line":581,"column":80}},"214":{"start":{"line":582,"column":12},"end":{"line":582,"column":39}},"215":{"start":{"line":585,"column":12},"end":{"line":585,"column":56}},"216":{"start":{"line":590,"column":0},"end":{"line":611,"column":3}},"217":{"start":{"line":591,"column":23},"end":{"line":595,"column":5}},"218":{"start":{"line":597,"column":4},"end":{"line":597,"column":104}},"219":{"start":{"line":597,"column":52},"end":{"line":597,"column":104}},"220":{"start":{"line":599,"column":4},"end":{"line":610,"column":11}},"221":{"start":{"line":602,"column":12},"end":{"line":602,"column":50}},"222":{"start":{"line":605,"column":12},"end":{"line":605,"column":28}},"223":{"start":{"line":606,"column":12},"end":{"line":608,"column":13}},"224":{"start":{"line":607,"column":16},"end":{"line":607,"column":80}},"225":{"start":{"line":609,"column":12},"end":{"line":609,"column":57}},"226":{"start":{"line":613,"column":0},"end":{"line":687,"column":2}},"227":{"start":{"line":615,"column":19},"end":{"line":615,"column":27}},"228":{"start":{"line":616,"column":18},"end":{"line":616,"column":27}},"229":{"start":{"line":618,"column":4},"end":{"line":685,"column":5}},"230":{"start":{"line":620,"column":66},"end":{"line":620,"column":74}},"231":{"start":{"line":622,"column":8},"end":{"line":624,"column":9}},"232":{"start":{"line":623,"column":12},"end":{"line":623,"column":79}},"233":{"start":{"line":626,"column":8},"end":{"line":642,"column":9}},"234":{"start":{"line":627,"column":12},"end":{"line":629,"column":13}},"235":{"start":{"line":628,"column":16},"end":{"line":628,"column":113}},"236":{"start":{"line":631,"column":12},"end":{"line":633,"column":13}},"237":{"start":{"line":632,"column":16},"end":{"line":632,"column":105}},"238":{"start":{"line":635,"column":12},"end":{"line":637,"column":13}},"239":{"start":{"line":636,"column":16},"end":{"line":636,"column":104}},"240":{"start":{"line":639,"column":12},"end":{"line":641,"column":13}},"241":{"start":{"line":640,"column":16},"end":{"line":640,"column":112}},"242":{"start":{"line":644,"column":8},"end":{"line":644,"column":50}},"243":{"start":{"line":644,"column":31},"end":{"line":644,"column":48}},"244":{"start":{"line":646,"column":22},"end":{"line":646,"column":102}},"245":{"start":{"line":648,"column":8},"end":{"line":681,"column":9}},"246":{"start":{"line":650,"column":12},"end":{"line":656,"column":14}},"247":{"start":{"line":652,"column":16},"end":{"line":652,"column":61}},"248":{"start":{"line":655,"column":16},"end":{"line":655,"column":93}},"249":{"start":{"line":660,"column":23},"end":{"line":662,"column":14}},"250":{"start":{"line":664,"column":12},"end":{"line":679,"column":14}},"251":{"start":{"line":666,"column":35},"end":{"line":666,"column":48}},"252":{"start":{"line":668,"column":16},"end":{"line":674,"column":18}},"253":{"start":{"line":670,"column":20},"end":{"line":670,"column":69}},"254":{"start":{"line":673,"column":20},"end":{"line":673,"column":97}},"255":{"start":{"line":678,"column":16},"end":{"line":678,"column":67}},"256":{"start":{"line":684,"column":8},"end":{"line":684,"column":96}},"257":{"start":{"line":689,"column":0},"end":{"line":718,"column":2}},"258":{"start":{"line":691,"column":35},"end":{"line":691,"column":43}},"259":{"start":{"line":693,"column":23},"end":{"line":693,"column":45}},"260":{"start":{"line":695,"column":4},"end":{"line":716,"column":6}},"261":{"start":{"line":700,"column":8},"end":{"line":705,"column":10}},"262":{"start":{"line":704,"column":12},"end":{"line":704,"column":63}},"263":{"start":{"line":707,"column":8},"end":{"line":709,"column":9}},"264":{"start":{"line":708,"column":12},"end":{"line":708,"column":84}},"265":{"start":{"line":711,"column":8},"end":{"line":711,"column":46}},"266":{"start":{"line":715,"column":8},"end":{"line":715,"column":60}},"267":{"start":{"line":720,"column":0},"end":{"line":756,"column":2}},"268":{"start":{"line":722,"column":18},"end":{"line":722,"column":26}},"269":{"start":{"line":724,"column":33},"end":{"line":724,"column":41}},"270":{"start":{"line":726,"column":23},"end":{"line":726,"column":46}},"271":{"start":{"line":728,"column":4},"end":{"line":754,"column":6}},"272":{"start":{"line":731,"column":8},"end":{"line":752,"column":9}},"273":{"start":{"line":732,"column":23},"end":{"line":737,"column":14}},"274":{"start":{"line":739,"column":12},"end":{"line":741,"column":14}},"275":{"start":{"line":740,"column":16},"end":{"line":740,"column":68}},"276":{"start":{"line":744,"column":12},"end":{"line":750,"column":14}},"277":{"start":{"line":746,"column":16},"end":{"line":746,"column":69}},"278":{"start":{"line":749,"column":16},"end":{"line":749,"column":68}},"279":{"start":{"line":758,"column":0},"end":{"line":772,"column":2}},"280":{"start":{"line":760,"column":18},"end":{"line":760,"column":26}},"281":{"start":{"line":762,"column":18},"end":{"line":762,"column":26}},"282":{"start":{"line":764,"column":4},"end":{"line":770,"column":6}},"283":{"start":{"line":766,"column":8},"end":{"line":766,"column":47}},"284":{"start":{"line":769,"column":8},"end":{"line":769,"column":59}},"285":{"start":{"line":774,"column":0},"end":{"line":832,"column":2}},"286":{"start":{"line":776,"column":18},"end":{"line":776,"column":26}},"287":{"start":{"line":778,"column":70},"end":{"line":778,"column":78}},"288":{"start":{"line":780,"column":4},"end":{"line":782,"column":5}},"289":{"start":{"line":781,"column":8},"end":{"line":781,"column":85}},"290":{"start":{"line":785,"column":21},"end":{"line":787,"column":5}},"291":{"start":{"line":789,"column":4},"end":{"line":792,"column":5}},"292":{"start":{"line":790,"column":8},"end":{"line":790,"column":40}},"293":{"start":{"line":791,"column":8},"end":{"line":791,"column":34}},"294":{"start":{"line":794,"column":4},"end":{"line":829,"column":6}},"295":{"start":{"line":796,"column":49},"end":{"line":796,"column":60}},"296":{"start":{"line":798,"column":8},"end":{"line":799,"column":62}},"297":{"start":{"line":799,"column":24},"end":{"line":799,"column":58}},"298":{"start":{"line":801,"column":30},"end":{"line":807,"column":9}},"299":{"start":{"line":809,"column":8},"end":{"line":821,"column":9}},"300":{"start":{"line":811,"column":12},"end":{"line":811,"column":61}},"301":{"start":{"line":813,"column":12},"end":{"line":814,"column":115}},"302":{"start":{"line":814,"column":44},"end":{"line":814,"column":112}},"303":{"start":{"line":816,"column":12},"end":{"line":819,"column":13}},"304":{"start":{"line":817,"column":16},"end":{"line":818,"column":74}},"305":{"start":{"line":818,"column":38},"end":{"line":818,"column":73}},"306":{"start":{"line":823,"column":8},"end":{"line":823,"column":111}},"307":{"start":{"line":823,"column":70},"end":{"line":823,"column":109}},"308":{"start":{"line":825,"column":8},"end":{"line":827,"column":10}},"309":{"start":{"line":834,"column":0},"end":{"line":856,"column":2}},"310":{"start":{"line":836,"column":28},"end":{"line":836,"column":36}},"311":{"start":{"line":838,"column":19},"end":{"line":838,"column":20}},"312":{"start":{"line":840,"column":4},"end":{"line":854,"column":6}},"313":{"start":{"line":848,"column":8},"end":{"line":848,"column":43}},"314":{"start":{"line":849,"column":8},"end":{"line":849,"column":45}},"315":{"start":{"line":852,"column":8},"end":{"line":852,"column":33}},"316":{"start":{"line":853,"column":8},"end":{"line":853,"column":59}},"317":{"start":{"line":858,"column":0},"end":{"line":887,"column":2}},"318":{"start":{"line":860,"column":24},"end":{"line":860,"column":32}},"319":{"start":{"line":862,"column":19},"end":{"line":862,"column":20}},"320":{"start":{"line":864,"column":4},"end":{"line":885,"column":6}},"321":{"start":{"line":880,"column":8},"end":{"line":880,"column":25}},"322":{"start":{"line":881,"column":8},"end":{"line":881,"column":62}},"323":{"start":{"line":884,"column":8},"end":{"line":884,"column":59}},"324":{"start":{"line":889,"column":23},"end":{"line":916,"column":1}},"325":{"start":{"line":890,"column":4},"end":{"line":915,"column":6}},"326":{"start":{"line":893,"column":8},"end":{"line":897,"column":9}},"327":{"start":{"line":894,"column":12},"end":{"line":896,"column":44}},"328":{"start":{"line":895,"column":26},"end":{"line":895,"column":67}},"329":{"start":{"line":896,"column":26},"end":{"line":896,"column":42}},"330":{"start":{"line":899,"column":8},"end":{"line":899,"column":121}},"331":{"start":{"line":899,"column":77},"end":{"line":899,"column":120}},"332":{"start":{"line":901,"column":8},"end":{"line":901,"column":143}},"333":{"start":{"line":901,"column":101},"end":{"line":901,"column":142}},"334":{"start":{"line":903,"column":8},"end":{"line":910,"column":10}},"335":{"start":{"line":905,"column":12},"end":{"line":909,"column":13}},"336":{"start":{"line":906,"column":16},"end":{"line":908,"column":18}},"337":{"start":{"line":907,"column":20},"end":{"line":907,"column":43}},"338":{"start":{"line":914,"column":8},"end":{"line":914,"column":33}},"339":{"start":{"line":918,"column":0},"end":{"line":939,"column":2}},"340":{"start":{"line":920,"column":18},"end":{"line":920,"column":26}},"341":{"start":{"line":922,"column":18},"end":{"line":922,"column":26}},"342":{"start":{"line":924,"column":4},"end":{"line":937,"column":6}},"343":{"start":{"line":927,"column":8},"end":{"line":935,"column":9}},"344":{"start":{"line":929,"column":12},"end":{"line":929,"column":31}},"345":{"start":{"line":931,"column":12},"end":{"line":931,"column":60}},"346":{"start":{"line":934,"column":12},"end":{"line":934,"column":84}},"347":{"start":{"line":941,"column":0},"end":{"line":958,"column":2}},"348":{"start":{"line":943,"column":18},"end":{"line":943,"column":26}},"349":{"start":{"line":945,"column":4},"end":{"line":956,"column":6}},"350":{"start":{"line":947,"column":8},"end":{"line":951,"column":9}},"351":{"start":{"line":948,"column":12},"end":{"line":948,"column":77}},"352":{"start":{"line":950,"column":12},"end":{"line":950,"column":78}},"353":{"start":{"line":954,"column":8},"end":{"line":954,"column":33}},"354":{"start":{"line":955,"column":8},"end":{"line":955,"column":59}},"355":{"start":{"line":960,"column":0},"end":{"line":1004,"column":2}},"356":{"start":{"line":961,"column":18},"end":{"line":961,"column":26}},"357":{"start":{"line":963,"column":44},"end":{"line":963,"column":52}},"358":{"start":{"line":965,"column":19},"end":{"line":965,"column":21}},"359":{"start":{"line":967,"column":20},"end":{"line":967,"column":73}},"360":{"start":{"line":969,"column":19},"end":{"line":969,"column":42}},"361":{"start":{"line":971,"column":4},"end":{"line":973,"column":5}},"362":{"start":{"line":972,"column":8},"end":{"line":972,"column":32}},"363":{"start":{"line":975,"column":4},"end":{"line":977,"column":5}},"364":{"start":{"line":976,"column":8},"end":{"line":976,"column":36}},"365":{"start":{"line":979,"column":4},"end":{"line":1002,"column":6}},"366":{"start":{"line":991,"column":8},"end":{"line":994,"column":54}},"367":{"start":{"line":994,"column":20},"end":{"line":994,"column":52}},"368":{"start":{"line":996,"column":8},"end":{"line":996,"column":55}},"369":{"start":{"line":1000,"column":8},"end":{"line":1000,"column":33}},"370":{"start":{"line":1001,"column":8},"end":{"line":1001,"column":60}},"371":{"start":{"line":1006,"column":0},"end":{"line":1026,"column":2}},"372":{"start":{"line":1008,"column":18},"end":{"line":1008,"column":26}},"373":{"start":{"line":1010,"column":21},"end":{"line":1010,"column":29}},"374":{"start":{"line":1012,"column":20},"end":{"line":1012,"column":73}},"375":{"start":{"line":1014,"column":4},"end":{"line":1016,"column":5}},"376":{"start":{"line":1015,"column":8},"end":{"line":1015,"column":32}},"377":{"start":{"line":1018,"column":4},"end":{"line":1024,"column":6}},"378":{"start":{"line":1020,"column":8},"end":{"line":1020,"column":57}},"379":{"start":{"line":1023,"column":8},"end":{"line":1023,"column":59}},"380":{"start":{"line":1028,"column":0},"end":{"line":1053,"column":2}},"381":{"start":{"line":1030,"column":18},"end":{"line":1030,"column":26}},"382":{"start":{"line":1032,"column":50},"end":{"line":1032,"column":58}},"383":{"start":{"line":1034,"column":19},"end":{"line":1034,"column":20}},"384":{"start":{"line":1035,"column":19},"end":{"line":1035,"column":40}},"385":{"start":{"line":1037,"column":4},"end":{"line":1039,"column":5}},"386":{"start":{"line":1038,"column":8},"end":{"line":1038,"column":36}},"387":{"start":{"line":1041,"column":4},"end":{"line":1051,"column":6}},"388":{"start":{"line":1047,"column":8},"end":{"line":1047,"column":46}},"389":{"start":{"line":1050,"column":8},"end":{"line":1050,"column":60}},"390":{"start":{"line":1055,"column":0},"end":{"line":1070,"column":2}},"391":{"start":{"line":1057,"column":18},"end":{"line":1057,"column":26}},"392":{"start":{"line":1059,"column":27},"end":{"line":1059,"column":35}},"393":{"start":{"line":1061,"column":4},"end":{"line":1068,"column":6}},"394":{"start":{"line":1063,"column":8},"end":{"line":1063,"column":57}},"395":{"start":{"line":1066,"column":8},"end":{"line":1066,"column":33}},"396":{"start":{"line":1067,"column":8},"end":{"line":1067,"column":60}},"397":{"start":{"line":1072,"column":0},"end":{"line":1100,"column":3}},"398":{"start":{"line":1074,"column":18},"end":{"line":1074,"column":26}},"399":{"start":{"line":1075,"column":18},"end":{"line":1075,"column":27}},"400":{"start":{"line":1076,"column":22},"end":{"line":1076,"column":30}},"401":{"start":{"line":1079,"column":4},"end":{"line":1098,"column":5}},"402":{"start":{"line":1080,"column":8},"end":{"line":1095,"column":10}},"403":{"start":{"line":1083,"column":12},"end":{"line":1083,"column":107}},"404":{"start":{"line":1083,"column":69},"end":{"line":1083,"column":105}},"405":{"start":{"line":1085,"column":12},"end":{"line":1085,"column":100}},"406":{"start":{"line":1085,"column":67},"end":{"line":1085,"column":98}},"407":{"start":{"line":1087,"column":12},"end":{"line":1088,"column":55}},"408":{"start":{"line":1088,"column":26},"end":{"line":1088,"column":53}},"409":{"start":{"line":1090,"column":12},"end":{"line":1090,"column":60}},"410":{"start":{"line":1094,"column":12},"end":{"line":1094,"column":63}},"411":{"start":{"line":1097,"column":8},"end":{"line":1097,"column":95}},"412":{"start":{"line":1103,"column":0},"end":{"line":1115,"column":3}},"413":{"start":{"line":1105,"column":4},"end":{"line":1105,"column":104}},"414":{"start":{"line":1105,"column":52},"end":{"line":1105,"column":104}},"415":{"start":{"line":1107,"column":4},"end":{"line":1114,"column":11}},"416":{"start":{"line":1109,"column":12},"end":{"line":1109,"column":75}},"417":{"start":{"line":1112,"column":12},"end":{"line":1112,"column":28}},"418":{"start":{"line":1113,"column":12},"end":{"line":1113,"column":67}},"419":{"start":{"line":1117,"column":0},"end":{"line":1119,"column":2}},"420":{"start":{"line":1118,"column":4},"end":{"line":1118,"column":48}}},"fnMap":{"0":{"name":"(anonymous_0)","decl":{"start":{"line":73,"column":25},"end":{"line":73,"column":26}},"loc":{"start":{"line":73,"column":45},"end":{"line":92,"column":1}},"line":73},"1":{"name":"(anonymous_1)","decl":{"start":{"line":82,"column":53},"end":{"line":82,"column":54}},"loc":{"start":{"line":82,"column":68},"end":{"line":90,"column":5}},"line":82},"2":{"name":"(anonymous_2)","decl":{"start":{"line":94,"column":32},"end":{"line":94,"column":33}},"loc":{"start":{"line":94,"column":42},"end":{"line":105,"column":1}},"line":94},"3":{"name":"(anonymous_3)","decl":{"start":{"line":107,"column":32},"end":{"line":107,"column":33}},"loc":{"start":{"line":107,"column":49},"end":{"line":116,"column":1}},"line":107},"4":{"name":"(anonymous_4)","decl":{"start":{"line":110,"column":93},"end":{"line":110,"column":94}},"loc":{"start":{"line":110,"column":105},"end":{"line":110,"column":111}},"line":110},"5":{"name":"(anonymous_5)","decl":{"start":{"line":118,"column":19},"end":{"line":118,"column":20}},"loc":{"start":{"line":118,"column":39},"end":{"line":162,"column":1}},"line":118},"6":{"name":"(anonymous_6)","decl":{"start":{"line":136,"column":30},"end":{"line":136,"column":31}},"loc":{"start":{"line":136,"column":62},"end":{"line":161,"column":5}},"line":136},"7":{"name":"(anonymous_7)","decl":{"start":{"line":153,"column":25},"end":{"line":153,"column":26}},"loc":{"start":{"line":153,"column":32},"end":{"line":155,"column":9}},"line":153},"8":{"name":"(anonymous_8)","decl":{"start":{"line":155,"column":17},"end":{"line":155,"column":18}},"loc":{"start":{"line":155,"column":24},"end":{"line":160,"column":9}},"line":155},"9":{"name":"(anonymous_9)","decl":{"start":{"line":164,"column":20},"end":{"line":164,"column":21}},"loc":{"start":{"line":164,"column":34},"end":{"line":201,"column":1}},"line":164},"10":{"name":"(anonymous_10)","decl":{"start":{"line":169,"column":10},"end":{"line":169,"column":11}},"loc":{"start":{"line":169,"column":20},"end":{"line":195,"column":5}},"line":169},"11":{"name":"(anonymous_11)","decl":{"start":{"line":177,"column":66},"end":{"line":177,"column":67}},"loc":{"start":{"line":177,"column":83},"end":{"line":189,"column":13}},"line":177},"12":{"name":"(anonymous_12)","decl":{"start":{"line":196,"column":11},"end":{"line":196,"column":12}},"loc":{"start":{"line":196,"column":18},"end":{"line":199,"column":5}},"line":196},"13":{"name":"(anonymous_13)","decl":{"start":{"line":203,"column":25},"end":{"line":203,"column":26}},"loc":{"start":{"line":203,"column":45},"end":{"line":259,"column":1}},"line":203},"14":{"name":"(anonymous_14)","decl":{"start":{"line":209,"column":10},"end":{"line":209,"column":11}},"loc":{"start":{"line":209,"column":33},"end":{"line":254,"column":5}},"line":209},"15":{"name":"(anonymous_15)","decl":{"start":{"line":220,"column":189},"end":{"line":220,"column":190}},"loc":{"start":{"line":220,"column":196},"end":{"line":222,"column":9}},"line":220},"16":{"name":"(anonymous_16)","decl":{"start":{"line":223,"column":15},"end":{"line":223,"column":16}},"loc":{"start":{"line":223,"column":22},"end":{"line":225,"column":9}},"line":223},"17":{"name":"(anonymous_17)","decl":{"start":{"line":243,"column":35},"end":{"line":243,"column":36}},"loc":{"start":{"line":243,"column":42},"end":{"line":245,"column":13}},"line":243},"18":{"name":"(anonymous_18)","decl":{"start":{"line":246,"column":19},"end":{"line":246,"column":20}},"loc":{"start":{"line":246,"column":26},"end":{"line":248,"column":13}},"line":246},"19":{"name":"(anonymous_19)","decl":{"start":{"line":255,"column":11},"end":{"line":255,"column":12}},"loc":{"start":{"line":255,"column":18},"end":{"line":257,"column":5}},"line":255},"20":{"name":"(anonymous_20)","decl":{"start":{"line":261,"column":27},"end":{"line":261,"column":28}},"loc":{"start":{"line":261,"column":47},"end":{"line":316,"column":1}},"line":261},"21":{"name":"(anonymous_21)","decl":{"start":{"line":268,"column":10},"end":{"line":268,"column":11}},"loc":{"start":{"line":268,"column":33},"end":{"line":311,"column":5}},"line":268},"22":{"name":"(anonymous_22)","decl":{"start":{"line":277,"column":171},"end":{"line":277,"column":172}},"loc":{"start":{"line":277,"column":178},"end":{"line":279,"column":9}},"line":277},"23":{"name":"(anonymous_23)","decl":{"start":{"line":280,"column":15},"end":{"line":280,"column":16}},"loc":{"start":{"line":280,"column":22},"end":{"line":282,"column":9}},"line":280},"24":{"name":"(anonymous_24)","decl":{"start":{"line":300,"column":35},"end":{"line":300,"column":36}},"loc":{"start":{"line":300,"column":42},"end":{"line":302,"column":13}},"line":300},"25":{"name":"(anonymous_25)","decl":{"start":{"line":303,"column":19},"end":{"line":303,"column":20}},"loc":{"start":{"line":303,"column":26},"end":{"line":305,"column":13}},"line":303},"26":{"name":"(anonymous_26)","decl":{"start":{"line":312,"column":11},"end":{"line":312,"column":12}},"loc":{"start":{"line":312,"column":18},"end":{"line":314,"column":5}},"line":312},"27":{"name":"(anonymous_27)","decl":{"start":{"line":318,"column":54},"end":{"line":318,"column":55}},"loc":{"start":{"line":318,"column":68},"end":{"line":356,"column":1}},"line":318},"28":{"name":"(anonymous_28)","decl":{"start":{"line":333,"column":38},"end":{"line":333,"column":39}},"loc":{"start":{"line":333,"column":50},"end":{"line":348,"column":13}},"line":333},"29":{"name":"(anonymous_29)","decl":{"start":{"line":358,"column":30},"end":{"line":358,"column":31}},"loc":{"start":{"line":358,"column":50},"end":{"line":385,"column":1}},"line":358},"30":{"name":"(anonymous_30)","decl":{"start":{"line":388,"column":56},"end":{"line":388,"column":57}},"loc":{"start":{"line":388,"column":70},"end":{"line":432,"column":1}},"line":388},"31":{"name":"(anonymous_31)","decl":{"start":{"line":398,"column":18},"end":{"line":398,"column":19}},"loc":{"start":{"line":398,"column":28},"end":{"line":424,"column":17}},"line":398},"32":{"name":"(anonymous_32)","decl":{"start":{"line":403,"column":77},"end":{"line":403,"column":78}},"loc":{"start":{"line":403,"column":94},"end":{"line":423,"column":21}},"line":403},"33":{"name":"(anonymous_33)","decl":{"start":{"line":412,"column":49},"end":{"line":412,"column":50}},"loc":{"start":{"line":412,"column":75},"end":{"line":422,"column":25}},"line":412},"34":{"name":"(anonymous_34)","decl":{"start":{"line":415,"column":34},"end":{"line":415,"column":35}},"loc":{"start":{"line":415,"column":41},"end":{"line":417,"column":29}},"line":415},"35":{"name":"(anonymous_35)","decl":{"start":{"line":418,"column":35},"end":{"line":418,"column":36}},"loc":{"start":{"line":418,"column":42},"end":{"line":420,"column":29}},"line":418},"36":{"name":"(anonymous_36)","decl":{"start":{"line":425,"column":19},"end":{"line":425,"column":20}},"loc":{"start":{"line":425,"column":26},"end":{"line":428,"column":13}},"line":425},"37":{"name":"(anonymous_37)","decl":{"start":{"line":434,"column":26},"end":{"line":434,"column":27}},"loc":{"start":{"line":434,"column":40},"end":{"line":453,"column":1}},"line":434},"38":{"name":"(anonymous_38)","decl":{"start":{"line":446,"column":10},"end":{"line":446,"column":11}},"loc":{"start":{"line":446,"column":19},"end":{"line":448,"column":5}},"line":446},"39":{"name":"(anonymous_39)","decl":{"start":{"line":449,"column":11},"end":{"line":449,"column":12}},"loc":{"start":{"line":449,"column":18},"end":{"line":451,"column":5}},"line":449},"40":{"name":"(anonymous_40)","decl":{"start":{"line":455,"column":36},"end":{"line":455,"column":37}},"loc":{"start":{"line":455,"column":50},"end":{"line":466,"column":1}},"line":455},"41":{"name":"(anonymous_41)","decl":{"start":{"line":458,"column":10},"end":{"line":458,"column":11}},"loc":{"start":{"line":458,"column":19},"end":{"line":460,"column":5}},"line":458},"42":{"name":"(anonymous_42)","decl":{"start":{"line":461,"column":11},"end":{"line":461,"column":12}},"loc":{"start":{"line":461,"column":18},"end":{"line":464,"column":5}},"line":461},"43":{"name":"(anonymous_43)","decl":{"start":{"line":468,"column":27},"end":{"line":468,"column":28}},"loc":{"start":{"line":468,"column":41},"end":{"line":482,"column":1}},"line":468},"44":{"name":"(anonymous_44)","decl":{"start":{"line":475,"column":10},"end":{"line":475,"column":11}},"loc":{"start":{"line":475,"column":19},"end":{"line":477,"column":5}},"line":475},"45":{"name":"(anonymous_45)","decl":{"start":{"line":478,"column":11},"end":{"line":478,"column":12}},"loc":{"start":{"line":478,"column":18},"end":{"line":480,"column":5}},"line":478},"46":{"name":"(anonymous_46)","decl":{"start":{"line":484,"column":26},"end":{"line":484,"column":27}},"loc":{"start":{"line":484,"column":40},"end":{"line":513,"column":1}},"line":484},"47":{"name":"(anonymous_47)","decl":{"start":{"line":506,"column":10},"end":{"line":506,"column":11}},"loc":{"start":{"line":506,"column":19},"end":{"line":508,"column":5}},"line":506},"48":{"name":"(anonymous_48)","decl":{"start":{"line":509,"column":11},"end":{"line":509,"column":12}},"loc":{"start":{"line":509,"column":18},"end":{"line":511,"column":5}},"line":509},"49":{"name":"(anonymous_49)","decl":{"start":{"line":515,"column":32},"end":{"line":515,"column":33}},"loc":{"start":{"line":515,"column":46},"end":{"line":538,"column":1}},"line":515},"50":{"name":"(anonymous_50)","decl":{"start":{"line":530,"column":10},"end":{"line":530,"column":11}},"loc":{"start":{"line":530,"column":19},"end":{"line":532,"column":5}},"line":530},"51":{"name":"(anonymous_51)","decl":{"start":{"line":533,"column":11},"end":{"line":533,"column":12}},"loc":{"start":{"line":533,"column":18},"end":{"line":536,"column":5}},"line":533},"52":{"name":"(anonymous_52)","decl":{"start":{"line":540,"column":26},"end":{"line":540,"column":27}},"loc":{"start":{"line":540,"column":40},"end":{"line":554,"column":1}},"line":540},"53":{"name":"(anonymous_53)","decl":{"start":{"line":547,"column":10},"end":{"line":547,"column":11}},"loc":{"start":{"line":547,"column":19},"end":{"line":549,"column":5}},"line":547},"54":{"name":"(anonymous_54)","decl":{"start":{"line":550,"column":11},"end":{"line":550,"column":12}},"loc":{"start":{"line":550,"column":18},"end":{"line":552,"column":5}},"line":550},"55":{"name":"(anonymous_55)","decl":{"start":{"line":577,"column":46},"end":{"line":577,"column":47}},"loc":{"start":{"line":577,"column":60},"end":{"line":587,"column":1}},"line":577},"56":{"name":"(anonymous_56)","decl":{"start":{"line":580,"column":14},"end":{"line":580,"column":15}},"loc":{"start":{"line":580,"column":22},"end":{"line":583,"column":9}},"line":580},"57":{"name":"(anonymous_57)","decl":{"start":{"line":584,"column":15},"end":{"line":584,"column":16}},"loc":{"start":{"line":584,"column":22},"end":{"line":586,"column":9}},"line":584},"58":{"name":"(anonymous_58)","decl":{"start":{"line":590,"column":55},"end":{"line":590,"column":56}},"loc":{"start":{"line":590,"column":69},"end":{"line":611,"column":1}},"line":590},"59":{"name":"(anonymous_59)","decl":{"start":{"line":601,"column":14},"end":{"line":601,"column":15}},"loc":{"start":{"line":601,"column":29},"end":{"line":603,"column":9}},"line":601},"60":{"name":"(anonymous_60)","decl":{"start":{"line":604,"column":15},"end":{"line":604,"column":16}},"loc":{"start":{"line":604,"column":22},"end":{"line":610,"column":9}},"line":604},"61":{"name":"(anonymous_61)","decl":{"start":{"line":613,"column":36},"end":{"line":613,"column":37}},"loc":{"start":{"line":613,"column":50},"end":{"line":687,"column":1}},"line":613},"62":{"name":"(anonymous_62)","decl":{"start":{"line":644,"column":24},"end":{"line":644,"column":25}},"loc":{"start":{"line":644,"column":31},"end":{"line":644,"column":48}},"line":644},"63":{"name":"(anonymous_63)","decl":{"start":{"line":651,"column":18},"end":{"line":651,"column":19}},"loc":{"start":{"line":651,"column":24},"end":{"line":653,"column":13}},"line":651},"64":{"name":"(anonymous_64)","decl":{"start":{"line":654,"column":19},"end":{"line":654,"column":20}},"loc":{"start":{"line":654,"column":26},"end":{"line":656,"column":13}},"line":654},"65":{"name":"(anonymous_65)","decl":{"start":{"line":664,"column":29},"end":{"line":664,"column":30}},"loc":{"start":{"line":664,"column":37},"end":{"line":676,"column":13}},"line":664},"66":{"name":"(anonymous_66)","decl":{"start":{"line":669,"column":22},"end":{"line":669,"column":23}},"loc":{"start":{"line":669,"column":30},"end":{"line":671,"column":17}},"line":669},"67":{"name":"(anonymous_67)","decl":{"start":{"line":672,"column":23},"end":{"line":672,"column":24}},"loc":{"start":{"line":672,"column":30},"end":{"line":674,"column":17}},"line":672},"68":{"name":"(anonymous_68)","decl":{"start":{"line":677,"column":19},"end":{"line":677,"column":20}},"loc":{"start":{"line":677,"column":26},"end":{"line":679,"column":13}},"line":677},"69":{"name":"(anonymous_69)","decl":{"start":{"line":689,"column":22},"end":{"line":689,"column":23}},"loc":{"start":{"line":689,"column":36},"end":{"line":718,"column":1}},"line":689},"70":{"name":"(anonymous_70)","decl":{"start":{"line":698,"column":10},"end":{"line":698,"column":11}},"loc":{"start":{"line":698,"column":18},"end":{"line":713,"column":5}},"line":698},"71":{"name":"(anonymous_71)","decl":{"start":{"line":703,"column":15},"end":{"line":703,"column":16}},"loc":{"start":{"line":703,"column":22},"end":{"line":705,"column":9}},"line":703},"72":{"name":"(anonymous_72)","decl":{"start":{"line":714,"column":11},"end":{"line":714,"column":12}},"loc":{"start":{"line":714,"column":18},"end":{"line":716,"column":5}},"line":714},"73":{"name":"(anonymous_73)","decl":{"start":{"line":720,"column":34},"end":{"line":720,"column":35}},"loc":{"start":{"line":720,"column":48},"end":{"line":756,"column":1}},"line":720},"74":{"name":"(anonymous_74)","decl":{"start":{"line":729,"column":10},"end":{"line":729,"column":11}},"loc":{"start":{"line":729,"column":18},"end":{"line":754,"column":5}},"line":729},"75":{"name":"(anonymous_75)","decl":{"start":{"line":739,"column":29},"end":{"line":739,"column":30}},"loc":{"start":{"line":739,"column":45},"end":{"line":741,"column":13}},"line":739},"76":{"name":"(anonymous_76)","decl":{"start":{"line":745,"column":18},"end":{"line":745,"column":19}},"loc":{"start":{"line":745,"column":26},"end":{"line":747,"column":13}},"line":745},"77":{"name":"(anonymous_77)","decl":{"start":{"line":748,"column":19},"end":{"line":748,"column":20}},"loc":{"start":{"line":748,"column":26},"end":{"line":750,"column":13}},"line":748},"78":{"name":"(anonymous_78)","decl":{"start":{"line":758,"column":40},"end":{"line":758,"column":41}},"loc":{"start":{"line":758,"column":54},"end":{"line":772,"column":1}},"line":758},"79":{"name":"(anonymous_79)","decl":{"start":{"line":765,"column":10},"end":{"line":765,"column":11}},"loc":{"start":{"line":765,"column":20},"end":{"line":767,"column":5}},"line":765},"80":{"name":"(anonymous_80)","decl":{"start":{"line":768,"column":11},"end":{"line":768,"column":12}},"loc":{"start":{"line":768,"column":18},"end":{"line":770,"column":5}},"line":768},"81":{"name":"(anonymous_81)","decl":{"start":{"line":774,"column":36},"end":{"line":774,"column":37}},"loc":{"start":{"line":774,"column":50},"end":{"line":832,"column":1}},"line":774},"82":{"name":"(anonymous_82)","decl":{"start":{"line":794,"column":40},"end":{"line":794,"column":41}},"loc":{"start":{"line":794,"column":61},"end":{"line":829,"column":5}},"line":794},"83":{"name":"(anonymous_83)","decl":{"start":{"line":799,"column":14},"end":{"line":799,"column":15}},"loc":{"start":{"line":799,"column":22},"end":{"line":799,"column":60}},"line":799},"84":{"name":"(anonymous_84)","decl":{"start":{"line":814,"column":18},"end":{"line":814,"column":19}},"loc":{"start":{"line":814,"column":42},"end":{"line":814,"column":114}},"line":814},"85":{"name":"(anonymous_85)","decl":{"start":{"line":818,"column":22},"end":{"line":818,"column":23}},"loc":{"start":{"line":818,"column":38},"end":{"line":818,"column":73}},"line":818},"86":{"name":"(anonymous_86)","decl":{"start":{"line":823,"column":54},"end":{"line":823,"column":55}},"loc":{"start":{"line":823,"column":70},"end":{"line":823,"column":109}},"line":823},"87":{"name":"(anonymous_87)","decl":{"start":{"line":834,"column":31},"end":{"line":834,"column":32}},"loc":{"start":{"line":834,"column":45},"end":{"line":856,"column":1}},"line":834},"88":{"name":"(anonymous_88)","decl":{"start":{"line":847,"column":10},"end":{"line":847,"column":11}},"loc":{"start":{"line":847,"column":21},"end":{"line":850,"column":5}},"line":847},"89":{"name":"(anonymous_89)","decl":{"start":{"line":851,"column":11},"end":{"line":851,"column":12}},"loc":{"start":{"line":851,"column":18},"end":{"line":854,"column":5}},"line":851},"90":{"name":"(anonymous_90)","decl":{"start":{"line":858,"column":25},"end":{"line":858,"column":26}},"loc":{"start":{"line":858,"column":39},"end":{"line":887,"column":1}},"line":858},"91":{"name":"(anonymous_91)","decl":{"start":{"line":879,"column":10},"end":{"line":879,"column":11}},"loc":{"start":{"line":879,"column":17},"end":{"line":882,"column":5}},"line":879},"92":{"name":"(anonymous_92)","decl":{"start":{"line":883,"column":11},"end":{"line":883,"column":12}},"loc":{"start":{"line":883,"column":18},"end":{"line":885,"column":5}},"line":883},"93":{"name":"(anonymous_93)","decl":{"start":{"line":889,"column":23},"end":{"line":889,"column":24}},"loc":{"start":{"line":889,"column":34},"end":{"line":916,"column":1}},"line":889},"94":{"name":"(anonymous_94)","decl":{"start":{"line":891,"column":10},"end":{"line":891,"column":11}},"loc":{"start":{"line":891,"column":21},"end":{"line":912,"column":5}},"line":891},"95":{"name":"(anonymous_95)","decl":{"start":{"line":895,"column":18},"end":{"line":895,"column":19}},"loc":{"start":{"line":895,"column":26},"end":{"line":895,"column":67}},"line":895},"96":{"name":"(anonymous_96)","decl":{"start":{"line":896,"column":19},"end":{"line":896,"column":20}},"loc":{"start":{"line":896,"column":26},"end":{"line":896,"column":42}},"line":896},"97":{"name":"(anonymous_97)","decl":{"start":{"line":899,"column":61},"end":{"line":899,"column":62}},"loc":{"start":{"line":899,"column":77},"end":{"line":899,"column":120}},"line":899},"98":{"name":"(anonymous_98)","decl":{"start":{"line":901,"column":85},"end":{"line":901,"column":86}},"loc":{"start":{"line":901,"column":101},"end":{"line":901,"column":142}},"line":901},"99":{"name":"(anonymous_99)","decl":{"start":{"line":904,"column":14},"end":{"line":904,"column":15}},"loc":{"start":{"line":904,"column":22},"end":{"line":910,"column":9}},"line":904},"100":{"name":"(anonymous_100)","decl":{"start":{"line":906,"column":37},"end":{"line":906,"column":38}},"loc":{"start":{"line":906,"column":48},"end":{"line":908,"column":17}},"line":906},"101":{"name":"(anonymous_101)","decl":{"start":{"line":913,"column":11},"end":{"line":913,"column":12}},"loc":{"start":{"line":913,"column":18},"end":{"line":915,"column":5}},"line":913},"102":{"name":"(anonymous_102)","decl":{"start":{"line":918,"column":39},"end":{"line":918,"column":40}},"loc":{"start":{"line":918,"column":53},"end":{"line":939,"column":1}},"line":918},"103":{"name":"(anonymous_103)","decl":{"start":{"line":925,"column":10},"end":{"line":925,"column":11}},"loc":{"start":{"line":925,"column":21},"end":{"line":937,"column":5}},"line":925},"104":{"name":"(anonymous_104)","decl":{"start":{"line":941,"column":40},"end":{"line":941,"column":41}},"loc":{"start":{"line":941,"column":54},"end":{"line":958,"column":1}},"line":941},"105":{"name":"(anonymous_105)","decl":{"start":{"line":946,"column":10},"end":{"line":946,"column":11}},"loc":{"start":{"line":946,"column":20},"end":{"line":952,"column":5}},"line":946},"106":{"name":"(anonymous_106)","decl":{"start":{"line":953,"column":11},"end":{"line":953,"column":12}},"loc":{"start":{"line":953,"column":18},"end":{"line":956,"column":5}},"line":953},"107":{"name":"(anonymous_107)","decl":{"start":{"line":960,"column":38},"end":{"line":960,"column":39}},"loc":{"start":{"line":960,"column":52},"end":{"line":1004,"column":1}},"line":960},"108":{"name":"(anonymous_108)","decl":{"start":{"line":989,"column":10},"end":{"line":989,"column":11}},"loc":{"start":{"line":989,"column":27},"end":{"line":998,"column":5}},"line":989},"109":{"name":"(anonymous_109)","decl":{"start":{"line":994,"column":14},"end":{"line":994,"column":15}},"loc":{"start":{"line":994,"column":20},"end":{"line":994,"column":52}},"line":994},"110":{"name":"(anonymous_110)","decl":{"start":{"line":999,"column":11},"end":{"line":999,"column":12}},"loc":{"start":{"line":999,"column":18},"end":{"line":1002,"column":5}},"line":999},"111":{"name":"(anonymous_111)","decl":{"start":{"line":1006,"column":48},"end":{"line":1006,"column":49}},"loc":{"start":{"line":1006,"column":62},"end":{"line":1026,"column":1}},"line":1006},"112":{"name":"(anonymous_112)","decl":{"start":{"line":1019,"column":10},"end":{"line":1019,"column":11}},"loc":{"start":{"line":1019,"column":19},"end":{"line":1021,"column":5}},"line":1019},"113":{"name":"(anonymous_113)","decl":{"start":{"line":1022,"column":11},"end":{"line":1022,"column":12}},"loc":{"start":{"line":1022,"column":18},"end":{"line":1024,"column":5}},"line":1022},"114":{"name":"(anonymous_114)","decl":{"start":{"line":1028,"column":43},"end":{"line":1028,"column":44}},"loc":{"start":{"line":1028,"column":57},"end":{"line":1053,"column":1}},"line":1028},"115":{"name":"(anonymous_115)","decl":{"start":{"line":1046,"column":10},"end":{"line":1046,"column":11}},"loc":{"start":{"line":1046,"column":19},"end":{"line":1048,"column":5}},"line":1046},"116":{"name":"(anonymous_116)","decl":{"start":{"line":1049,"column":11},"end":{"line":1049,"column":12}},"loc":{"start":{"line":1049,"column":18},"end":{"line":1051,"column":5}},"line":1049},"117":{"name":"(anonymous_117)","decl":{"start":{"line":1055,"column":49},"end":{"line":1055,"column":50}},"loc":{"start":{"line":1055,"column":63},"end":{"line":1070,"column":1}},"line":1055},"118":{"name":"(anonymous_118)","decl":{"start":{"line":1062,"column":10},"end":{"line":1062,"column":11}},"loc":{"start":{"line":1062,"column":19},"end":{"line":1064,"column":5}},"line":1062},"119":{"name":"(anonymous_119)","decl":{"start":{"line":1065,"column":11},"end":{"line":1065,"column":12}},"loc":{"start":{"line":1065,"column":18},"end":{"line":1068,"column":5}},"line":1065},"120":{"name":"(anonymous_120)","decl":{"start":{"line":1072,"column":36},"end":{"line":1072,"column":37}},"loc":{"start":{"line":1072,"column":50},"end":{"line":1100,"column":1}},"line":1072},"121":{"name":"(anonymous_121)","decl":{"start":{"line":1081,"column":14},"end":{"line":1081,"column":15}},"loc":{"start":{"line":1081,"column":22},"end":{"line":1092,"column":9}},"line":1081},"122":{"name":"(anonymous_122)","decl":{"start":{"line":1083,"column":61},"end":{"line":1083,"column":62}},"loc":{"start":{"line":1083,"column":69},"end":{"line":1083,"column":105}},"line":1083},"123":{"name":"(anonymous_123)","decl":{"start":{"line":1085,"column":59},"end":{"line":1085,"column":60}},"loc":{"start":{"line":1085,"column":67},"end":{"line":1085,"column":98}},"line":1085},"124":{"name":"(anonymous_124)","decl":{"start":{"line":1088,"column":18},"end":{"line":1088,"column":19}},"loc":{"start":{"line":1088,"column":26},"end":{"line":1088,"column":53}},"line":1088},"125":{"name":"(anonymous_125)","decl":{"start":{"line":1093,"column":15},"end":{"line":1093,"column":16}},"loc":{"start":{"line":1093,"column":22},"end":{"line":1095,"column":9}},"line":1093},"126":{"name":"(anonymous_126)","decl":{"start":{"line":1103,"column":36},"end":{"line":1103,"column":37}},"loc":{"start":{"line":1103,"column":50},"end":{"line":1115,"column":1}},"line":1103},"127":{"name":"(anonymous_127)","decl":{"start":{"line":1108,"column":14},"end":{"line":1108,"column":15}},"loc":{"start":{"line":1108,"column":29},"end":{"line":1110,"column":9}},"line":1108},"128":{"name":"(anonymous_128)","decl":{"start":{"line":1111,"column":15},"end":{"line":1111,"column":16}},"loc":{"start":{"line":1111,"column":22},"end":{"line":1114,"column":9}},"line":1111},"129":{"name":"(anonymous_129)","decl":{"start":{"line":1117,"column":28},"end":{"line":1117,"column":29}},"loc":{"start":{"line":1117,"column":34},"end":{"line":1119,"column":1}},"line":1117}},"branchMap":{"0":{"loc":{"start":{"line":76,"column":18},"end":{"line":76,"column":56}},"type":"binary-expr","locations":[{"start":{"line":76,"column":18},"end":{"line":76,"column":28}},{"start":{"line":76,"column":32},"end":{"line":76,"column":56}}],"line":76},"1":{"loc":{"start":{"line":78,"column":4},"end":{"line":80,"column":5}},"type":"if","locations":[{"start":{"line":78,"column":4},"end":{"line":80,"column":5}},{"start":{},"end":{}}],"line":78},"2":{"loc":{"start":{"line":83,"column":8},"end":{"line":85,"column":9}},"type":"if","locations":[{"start":{"line":83,"column":8},"end":{"line":85,"column":9}},{"start":{},"end":{}}],"line":83},"3":{"loc":{"start":{"line":112,"column":4},"end":{"line":112,"column":67}},"type":"cond-expr","locations":[{"start":{"line":112,"column":26},"end":{"line":112,"column":62}},{"start":{"line":112,"column":65},"end":{"line":112,"column":67}}],"line":112},"4":{"loc":{"start":{"line":123,"column":4},"end":{"line":125,"column":5}},"type":"if","locations":[{"start":{"line":123,"column":4},"end":{"line":125,"column":5}},{"start":{},"end":{}}],"line":123},"5":{"loc":{"start":{"line":126,"column":4},"end":{"line":128,"column":5}},"type":"if","locations":[{"start":{"line":126,"column":4},"end":{"line":128,"column":5}},{"start":{},"end":{}}],"line":126},"6":{"loc":{"start":{"line":129,"column":4},"end":{"line":131,"column":5}},"type":"if","locations":[{"start":{"line":129,"column":4},"end":{"line":131,"column":5}},{"start":{},"end":{}}],"line":129},"7":{"loc":{"start":{"line":132,"column":4},"end":{"line":134,"column":5}},"type":"if","locations":[{"start":{"line":132,"column":4},"end":{"line":134,"column":5}},{"start":{},"end":{}}],"line":132},"8":{"loc":{"start":{"line":156,"column":12},"end":{"line":158,"column":13}},"type":"if","locations":[{"start":{"line":156,"column":12},"end":{"line":158,"column":13}},{"start":{},"end":{}}],"line":156},"9":{"loc":{"start":{"line":170,"column":8},"end":{"line":172,"column":9}},"type":"if","locations":[{"start":{"line":170,"column":8},"end":{"line":172,"column":9}},{"start":{},"end":{}}],"line":170},"10":{"loc":{"start":{"line":175,"column":8},"end":{"line":193,"column":9}},"type":"if","locations":[{"start":{"line":175,"column":8},"end":{"line":193,"column":9}},{"start":{"line":191,"column":15},"end":{"line":193,"column":9}}],"line":175},"11":{"loc":{"start":{"line":175,"column":11},"end":{"line":175,"column":51}},"type":"binary-expr","locations":[{"start":{"line":175,"column":11},"end":{"line":175,"column":28}},{"start":{"line":175,"column":32},"end":{"line":175,"column":51}}],"line":175},"12":{"loc":{"start":{"line":179,"column":16},"end":{"line":181,"column":17}},"type":"if","locations":[{"start":{"line":179,"column":16},"end":{"line":181,"column":17}},{"start":{},"end":{}}],"line":179},"13":{"loc":{"start":{"line":183,"column":16},"end":{"line":187,"column":17}},"type":"if","locations":[{"start":{"line":183,"column":16},"end":{"line":187,"column":17}},{"start":{"line":185,"column":22},"end":{"line":187,"column":17}}],"line":183},"14":{"loc":{"start":{"line":214,"column":8},"end":{"line":216,"column":9}},"type":"if","locations":[{"start":{"line":214,"column":8},"end":{"line":216,"column":9}},{"start":{},"end":{}}],"line":214},"15":{"loc":{"start":{"line":221,"column":19},"end":{"line":221,"column":28}},"type":"binary-expr","locations":[{"start":{"line":221,"column":19},"end":{"line":221,"column":20}},{"start":{"line":221,"column":24},"end":{"line":221,"column":28}}],"line":221},"16":{"loc":{"start":{"line":227,"column":8},"end":{"line":250,"column":9}},"type":"if","locations":[{"start":{"line":227,"column":8},"end":{"line":250,"column":9}},{"start":{"line":232,"column":13},"end":{"line":250,"column":9}}],"line":227},"17":{"loc":{"start":{"line":228,"column":12},"end":{"line":230,"column":13}},"type":"if","locations":[{"start":{"line":228,"column":12},"end":{"line":230,"column":13}},{"start":{},"end":{}}],"line":228},"18":{"loc":{"start":{"line":273,"column":8},"end":{"line":275,"column":9}},"type":"if","locations":[{"start":{"line":273,"column":8},"end":{"line":275,"column":9}},{"start":{},"end":{}}],"line":273},"19":{"loc":{"start":{"line":278,"column":19},"end":{"line":278,"column":28}},"type":"binary-expr","locations":[{"start":{"line":278,"column":19},"end":{"line":278,"column":20}},{"start":{"line":278,"column":24},"end":{"line":278,"column":28}}],"line":278},"20":{"loc":{"start":{"line":284,"column":8},"end":{"line":307,"column":9}},"type":"if","locations":[{"start":{"line":284,"column":8},"end":{"line":307,"column":9}},{"start":{"line":289,"column":13},"end":{"line":307,"column":9}}],"line":284},"21":{"loc":{"start":{"line":285,"column":12},"end":{"line":287,"column":13}},"type":"if","locations":[{"start":{"line":285,"column":12},"end":{"line":287,"column":13}},{"start":{},"end":{}}],"line":285},"22":{"loc":{"start":{"line":320,"column":8},"end":{"line":351,"column":9}},"type":"if","locations":[{"start":{"line":320,"column":8},"end":{"line":351,"column":9}},{"start":{"line":349,"column":15},"end":{"line":351,"column":9}}],"line":320},"23":{"loc":{"start":{"line":362,"column":8},"end":{"line":366,"column":9}},"type":"if","locations":[{"start":{"line":362,"column":8},"end":{"line":366,"column":9}},{"start":{},"end":{}}],"line":362},"24":{"loc":{"start":{"line":369,"column":8},"end":{"line":380,"column":9}},"type":"if","locations":[{"start":{"line":369,"column":8},"end":{"line":380,"column":9}},{"start":{"line":376,"column":15},"end":{"line":380,"column":9}}],"line":369},"25":{"loc":{"start":{"line":392,"column":4},"end":{"line":394,"column":5}},"type":"if","locations":[{"start":{"line":392,"column":4},"end":{"line":394,"column":5}},{"start":{},"end":{}}],"line":392},"26":{"loc":{"start":{"line":392,"column":8},"end":{"line":392,"column":80}},"type":"binary-expr","locations":[{"start":{"line":392,"column":8},"end":{"line":392,"column":44}},{"start":{"line":392,"column":48},"end":{"line":392,"column":80}}],"line":392},"27":{"loc":{"start":{"line":396,"column":4},"end":{"line":431,"column":5}},"type":"if","locations":[{"start":{"line":396,"column":4},"end":{"line":431,"column":5}},{"start":{"line":429,"column":11},"end":{"line":431,"column":5}}],"line":396},"28":{"loc":{"start":{"line":399,"column":16},"end":{"line":401,"column":17}},"type":"if","locations":[{"start":{"line":399,"column":16},"end":{"line":401,"column":17}},{"start":{},"end":{}}],"line":399},"29":{"loc":{"start":{"line":404,"column":20},"end":{"line":406,"column":21}},"type":"if","locations":[{"start":{"line":404,"column":20},"end":{"line":406,"column":21}},{"start":{},"end":{}}],"line":404},"30":{"loc":{"start":{"line":408,"column":20},"end":{"line":410,"column":21}},"type":"if","locations":[{"start":{"line":408,"column":20},"end":{"line":410,"column":21}},{"start":{},"end":{}}],"line":408},"31":{"loc":{"start":{"line":490,"column":4},"end":{"line":496,"column":5}},"type":"if","locations":[{"start":{"line":490,"column":4},"end":{"line":496,"column":5}},{"start":{"line":492,"column":11},"end":{"line":496,"column":5}}],"line":490},"32":{"loc":{"start":{"line":492,"column":11},"end":{"line":496,"column":5}},"type":"if","locations":[{"start":{"line":492,"column":11},"end":{"line":496,"column":5}},{"start":{"line":494,"column":11},"end":{"line":496,"column":5}}],"line":492},"33":{"loc":{"start":{"line":494,"column":11},"end":{"line":496,"column":5}},"type":"if","locations":[{"start":{"line":494,"column":11},"end":{"line":496,"column":5}},{"start":{},"end":{}}],"line":494},"34":{"loc":{"start":{"line":498,"column":19},"end":{"line":498,"column":36}},"type":"cond-expr","locations":[{"start":{"line":498,"column":27},"end":{"line":498,"column":32}},{"start":{"line":498,"column":35},"end":{"line":498,"column":36}}],"line":498},"35":{"loc":{"start":{"line":521,"column":4},"end":{"line":527,"column":5}},"type":"if","locations":[{"start":{"line":521,"column":4},"end":{"line":527,"column":5}},{"start":{"line":523,"column":11},"end":{"line":527,"column":5}}],"line":521},"36":{"loc":{"start":{"line":523,"column":11},"end":{"line":527,"column":5}},"type":"if","locations":[{"start":{"line":523,"column":11},"end":{"line":527,"column":5}},{"start":{"line":525,"column":11},"end":{"line":527,"column":5}}],"line":523},"37":{"loc":{"start":{"line":525,"column":11},"end":{"line":527,"column":5}},"type":"if","locations":[{"start":{"line":525,"column":11},"end":{"line":527,"column":5}},{"start":{},"end":{}}],"line":525},"38":{"loc":{"start":{"line":581,"column":12},"end":{"line":581,"column":80}},"type":"if","locations":[{"start":{"line":581,"column":12},"end":{"line":581,"column":80}},{"start":{},"end":{}}],"line":581},"39":{"loc":{"start":{"line":597,"column":4},"end":{"line":597,"column":104}},"type":"if","locations":[{"start":{"line":597,"column":4},"end":{"line":597,"column":104}},{"start":{},"end":{}}],"line":597},"40":{"loc":{"start":{"line":606,"column":12},"end":{"line":608,"column":13}},"type":"if","locations":[{"start":{"line":606,"column":12},"end":{"line":608,"column":13}},{"start":{},"end":{}}],"line":606},"41":{"loc":{"start":{"line":618,"column":4},"end":{"line":685,"column":5}},"type":"if","locations":[{"start":{"line":618,"column":4},"end":{"line":685,"column":5}},{"start":{"line":683,"column":11},"end":{"line":685,"column":5}}],"line":618},"42":{"loc":{"start":{"line":622,"column":8},"end":{"line":624,"column":9}},"type":"if","locations":[{"start":{"line":622,"column":8},"end":{"line":624,"column":9}},{"start":{},"end":{}}],"line":622},"43":{"loc":{"start":{"line":626,"column":8},"end":{"line":642,"column":9}},"type":"if","locations":[{"start":{"line":626,"column":8},"end":{"line":642,"column":9}},{"start":{},"end":{}}],"line":626},"44":{"loc":{"start":{"line":627,"column":12},"end":{"line":629,"column":13}},"type":"if","locations":[{"start":{"line":627,"column":12},"end":{"line":629,"column":13}},{"start":{},"end":{}}],"line":627},"45":{"loc":{"start":{"line":627,"column":15},"end":{"line":627,"column":46}},"type":"binary-expr","locations":[{"start":{"line":627,"column":15},"end":{"line":627,"column":26}},{"start":{"line":627,"column":30},"end":{"line":627,"column":46}}],"line":627},"46":{"loc":{"start":{"line":631,"column":12},"end":{"line":633,"column":13}},"type":"if","locations":[{"start":{"line":631,"column":12},"end":{"line":633,"column":13}},{"start":{},"end":{}}],"line":631},"47":{"loc":{"start":{"line":635,"column":12},"end":{"line":637,"column":13}},"type":"if","locations":[{"start":{"line":635,"column":12},"end":{"line":637,"column":13}},{"start":{},"end":{}}],"line":635},"48":{"loc":{"start":{"line":639,"column":12},"end":{"line":641,"column":13}},"type":"if","locations":[{"start":{"line":639,"column":12},"end":{"line":641,"column":13}},{"start":{},"end":{}}],"line":639},"49":{"loc":{"start":{"line":639,"column":15},"end":{"line":639,"column":47}},"type":"binary-expr","locations":[{"start":{"line":639,"column":15},"end":{"line":639,"column":27}},{"start":{"line":639,"column":31},"end":{"line":639,"column":47}}],"line":639},"50":{"loc":{"start":{"line":646,"column":22},"end":{"line":646,"column":102}},"type":"binary-expr","locations":[{"start":{"line":646,"column":22},"end":{"line":646,"column":24}},{"start":{"line":646,"column":28},"end":{"line":646,"column":102}}],"line":646},"51":{"loc":{"start":{"line":648,"column":8},"end":{"line":681,"column":9}},"type":"if","locations":[{"start":{"line":648,"column":8},"end":{"line":681,"column":9}},{"start":{"line":658,"column":14},"end":{"line":681,"column":9}}],"line":648},"52":{"loc":{"start":{"line":650,"column":94},"end":{"line":650,"column":115}},"type":"cond-expr","locations":[{"start":{"line":650,"column":102},"end":{"line":650,"column":107}},{"start":{"line":650,"column":110},"end":{"line":650,"column":115}}],"line":650},"53":{"loc":{"start":{"line":666,"column":35},"end":{"line":666,"column":48}},"type":"cond-expr","locations":[{"start":{"line":666,"column":43},"end":{"line":666,"column":44}},{"start":{"line":666,"column":47},"end":{"line":666,"column":48}}],"line":666},"54":{"loc":{"start":{"line":693,"column":23},"end":{"line":693,"column":45}},"type":"cond-expr","locations":[{"start":{"line":693,"column":40},"end":{"line":693,"column":41}},{"start":{"line":693,"column":44},"end":{"line":693,"column":45}}],"line":693},"55":{"loc":{"start":{"line":707,"column":8},"end":{"line":709,"column":9}},"type":"if","locations":[{"start":{"line":707,"column":8},"end":{"line":709,"column":9}},{"start":{},"end":{}}],"line":707},"56":{"loc":{"start":{"line":707,"column":11},"end":{"line":707,"column":31}},"type":"binary-expr","locations":[{"start":{"line":707,"column":11},"end":{"line":707,"column":21}},{"start":{"line":707,"column":25},"end":{"line":707,"column":31}}],"line":707},"57":{"loc":{"start":{"line":726,"column":23},"end":{"line":726,"column":46}},"type":"cond-expr","locations":[{"start":{"line":726,"column":40},"end":{"line":726,"column":41}},{"start":{"line":726,"column":44},"end":{"line":726,"column":46}}],"line":726},"58":{"loc":{"start":{"line":731,"column":8},"end":{"line":752,"column":9}},"type":"if","locations":[{"start":{"line":731,"column":8},"end":{"line":752,"column":9}},{"start":{"line":742,"column":14},"end":{"line":752,"column":9}}],"line":731},"59":{"loc":{"start":{"line":780,"column":4},"end":{"line":782,"column":5}},"type":"if","locations":[{"start":{"line":780,"column":4},"end":{"line":782,"column":5}},{"start":{},"end":{}}],"line":780},"60":{"loc":{"start":{"line":789,"column":4},"end":{"line":792,"column":5}},"type":"if","locations":[{"start":{"line":789,"column":4},"end":{"line":792,"column":5}},{"start":{},"end":{}}],"line":789},"61":{"loc":{"start":{"line":798,"column":154},"end":{"line":798,"column":173}},"type":"cond-expr","locations":[{"start":{"line":798,"column":168},"end":{"line":798,"column":169}},{"start":{"line":798,"column":172},"end":{"line":798,"column":173}}],"line":798},"62":{"loc":{"start":{"line":802,"column":18},"end":{"line":802,"column":51}},"type":"cond-expr","locations":[{"start":{"line":802,"column":32},"end":{"line":802,"column":39}},{"start":{"line":802,"column":42},"end":{"line":802,"column":51}}],"line":802},"63":{"loc":{"start":{"line":809,"column":8},"end":{"line":821,"column":9}},"type":"if","locations":[{"start":{"line":809,"column":8},"end":{"line":821,"column":9}},{"start":{},"end":{}}],"line":809},"64":{"loc":{"start":{"line":816,"column":12},"end":{"line":819,"column":13}},"type":"if","locations":[{"start":{"line":816,"column":12},"end":{"line":819,"column":13}},{"start":{},"end":{}}],"line":816},"65":{"loc":{"start":{"line":893,"column":8},"end":{"line":897,"column":9}},"type":"if","locations":[{"start":{"line":893,"column":8},"end":{"line":897,"column":9}},{"start":{},"end":{}}],"line":893},"66":{"loc":{"start":{"line":903,"column":159},"end":{"line":903,"column":182}},"type":"cond-expr","locations":[{"start":{"line":903,"column":176},"end":{"line":903,"column":177}},{"start":{"line":903,"column":180},"end":{"line":903,"column":182}}],"line":903},"67":{"loc":{"start":{"line":905,"column":12},"end":{"line":909,"column":13}},"type":"if","locations":[{"start":{"line":905,"column":12},"end":{"line":909,"column":13}},{"start":{},"end":{}}],"line":905},"68":{"loc":{"start":{"line":927,"column":8},"end":{"line":935,"column":9}},"type":"if","locations":[{"start":{"line":927,"column":8},"end":{"line":935,"column":9}},{"start":{"line":933,"column":14},"end":{"line":935,"column":9}}],"line":927},"69":{"loc":{"start":{"line":927,"column":12},"end":{"line":927,"column":77}},"type":"binary-expr","locations":[{"start":{"line":927,"column":12},"end":{"line":927,"column":43}},{"start":{"line":927,"column":47},"end":{"line":927,"column":77}}],"line":927},"70":{"loc":{"start":{"line":947,"column":8},"end":{"line":951,"column":9}},"type":"if","locations":[{"start":{"line":947,"column":8},"end":{"line":951,"column":9}},{"start":{"line":949,"column":14},"end":{"line":951,"column":9}}],"line":947},"71":{"loc":{"start":{"line":971,"column":4},"end":{"line":973,"column":5}},"type":"if","locations":[{"start":{"line":971,"column":4},"end":{"line":973,"column":5}},{"start":{},"end":{}}],"line":971},"72":{"loc":{"start":{"line":975,"column":4},"end":{"line":977,"column":5}},"type":"if","locations":[{"start":{"line":975,"column":4},"end":{"line":977,"column":5}},{"start":{},"end":{}}],"line":975},"73":{"loc":{"start":{"line":1014,"column":4},"end":{"line":1016,"column":5}},"type":"if","locations":[{"start":{"line":1014,"column":4},"end":{"line":1016,"column":5}},{"start":{},"end":{}}],"line":1014},"74":{"loc":{"start":{"line":1037,"column":4},"end":{"line":1039,"column":5}},"type":"if","locations":[{"start":{"line":1037,"column":4},"end":{"line":1039,"column":5}},{"start":{},"end":{}}],"line":1037},"75":{"loc":{"start":{"line":1079,"column":4},"end":{"line":1098,"column":5}},"type":"if","locations":[{"start":{"line":1079,"column":4},"end":{"line":1098,"column":5}},{"start":{"line":1096,"column":11},"end":{"line":1098,"column":5}}],"line":1079},"76":{"loc":{"start":{"line":1105,"column":4},"end":{"line":1105,"column":104}},"type":"if","locations":[{"start":{"line":1105,"column":4},"end":{"line":1105,"column":104}},{"start":{},"end":{}}],"line":1105}},"s":{"0":1,"1":1,"2":1,"3":1,"4":1,"5":1,"6":1,"7":1,"8":1,"9":1,"10":1,"11":1,"12":1,"13":1,"14":1,"15":1,"16":1,"17":1,"18":1,"19":1,"20":1,"21":6,"22":6,"23":6,"24":1,"25":5,"26":5,"27":1,"28":4,"29":4,"30":4,"31":1,"32":1,"33":1,"34":1,"35":2,"36":2,"37":2,"38":2,"39":2,"40":1,"41":6,"42":6,"43":6,"44":1,"45":5,"46":1,"47":4,"48":1,"49":3,"50":1,"51":2,"52":2,"53":2,"54":2,"55":2,"56":1,"57":1,"58":1,"59":0,"60":1,"61":0,"62":0,"63":0,"64":0,"65":0,"66":0,"67":0,"68":0,"69":0,"70":0,"71":0,"72":0,"73":0,"74":0,"75":1,"76":0,"77":0,"78":0,"79":0,"80":0,"81":0,"82":0,"83":0,"84":0,"85":0,"86":0,"87":0,"88":0,"89":0,"90":0,"91":0,"92":0,"93":0,"94":0,"95":0,"96":1,"97":0,"98":0,"99":0,"100":0,"101":0,"102":0,"103":0,"104":0,"105":0,"106":0,"107":0,"108":0,"109":0,"110":0,"111":0,"112":0,"113":0,"114":0,"115":0,"116":1,"117":0,"118":0,"119":0,"120":0,"121":0,"122":0,"123":0,"124":0,"125":0,"126":0,"127":0,"128":0,"129":0,"130":0,"131":0,"132":0,"133":1,"134":0,"135":0,"136":0,"137":0,"138":0,"139":0,"140":0,"141":0,"142":0,"143":0,"144":0,"145":0,"146":1,"147":0,"148":0,"149":0,"150":0,"151":0,"152":0,"153":0,"154":0,"155":0,"156":0,"157":0,"158":0,"159":0,"160":0,"161":0,"162":0,"163":0,"164":0,"165":0,"166":1,"167":0,"168":0,"169":0,"170":0,"171":0,"172":1,"173":0,"174":0,"175":0,"176":0,"177":1,"178":0,"179":0,"180":0,"181":1,"182":0,"183":0,"184":0,"185":0,"186":0,"187":0,"188":0,"189":0,"190":0,"191":0,"192":0,"193":1,"194":0,"195":0,"196":0,"197":0,"198":0,"199":0,"200":0,"201":0,"202":0,"203":0,"204":0,"205":1,"206":0,"207":0,"208":0,"209":0,"210":1,"211":0,"212":0,"213":0,"214":0,"215":0,"216":1,"217":0,"218":0,"219":0,"220":0,"221":0,"222":0,"223":0,"224":0,"225":0,"226":1,"227":0,"228":0,"229":0,"230":0,"231":0,"232":0,"233":0,"234":0,"235":0,"236":0,"237":0,"238":0,"239":0,"240":0,"241":0,"242":0,"243":0,"244":0,"245":0,"246":0,"247":0,"248":0,"249":0,"250":0,"251":0,"252":0,"253":0,"254":0,"255":0,"256":0,"257":1,"258":0,"259":0,"260":0,"261":0,"262":0,"263":0,"264":0,"265":0,"266":0,"267":1,"268":0,"269":0,"270":0,"271":0,"272":0,"273":0,"274":0,"275":0,"276":0,"277":0,"278":0,"279":1,"280":0,"281":0,"282":0,"283":0,"284":0,"285":1,"286":0,"287":0,"288":0,"289":0,"290":0,"291":0,"292":0,"293":0,"294":0,"295":0,"296":0,"297":0,"298":0,"299":0,"300":0,"301":0,"302":0,"303":0,"304":0,"305":0,"306":0,"307":0,"308":0,"309":1,"310":0,"311":0,"312":0,"313":0,"314":0,"315":0,"316":0,"317":1,"318":0,"319":0,"320":0,"321":0,"322":0,"323":0,"324":1,"325":0,"326":0,"327":0,"328":0,"329":0,"330":0,"331":0,"332":0,"333":0,"334":0,"335":0,"336":0,"337":0,"338":0,"339":1,"340":0,"341":0,"342":0,"343":0,"344":0,"345":0,"346":0,"347":1,"348":0,"349":0,"350":0,"351":0,"352":0,"353":0,"354":0,"355":1,"356":0,"357":0,"358":0,"359":0,"360":0,"361":0,"362":0,"363":0,"364":0,"365":0,"366":0,"367":0,"368":0,"369":0,"370":0,"371":1,"372":0,"373":0,"374":0,"375":0,"376":0,"377":0,"378":0,"379":0,"380":1,"381":0,"382":0,"383":0,"384":0,"385":0,"386":0,"387":0,"388":0,"389":0,"390":1,"391":0,"392":0,"393":0,"394":0,"395":0,"396":0,"397":1,"398":0,"399":0,"400":0,"401":0,"402":0,"403":0,"404":0,"405":0,"406":0,"407":0,"408":0,"409":0,"410":0,"411":0,"412":1,"413":3,"414":1,"415":2,"416":1,"417":1,"418":1,"419":1,"420":1},"f":{"0":6,"1":5,"2":1,"3":2,"4":2,"5":6,"6":2,"7":1,"8":1,"9":0,"10":0,"11":0,"12":0,"13":0,"14":0,"15":0,"16":0,"17":0,"18":0,"19":0,"20":0,"21":0,"22":0,"23":0,"24":0,"25":0,"26":0,"27":0,"28":0,"29":0,"30":0,"31":0,"32":0,"33":0,"34":0,"35":0,"36":0,"37":0,"38":0,"39":0,"40":0,"41":0,"42":0,"43":0,"44":0,"45":0,"46":0,"47":0,"48":0,"49":0,"50":0,"51":0,"52":0,"53":0,"54":0,"55":0,"56":0,"57":0,"58":0,"59":0,"60":0,"61":0,"62":0,"63":0,"64":0,"65":0,"66":0,"67":0,"68":0,"69":0,"70":0,"71":0,"72":0,"73":0,"74":0,"75":0,"76":0,"77":0,"78":0,"79":0,"80":0,"81":0,"82":0,"83":0,"84":0,"85":0,"86":0,"87":0,"88":0,"89":0,"90":0,"91":0,"92":0,"93":0,"94":0,"95":0,"96":0,"97":0,"98":0,"99":0,"100":0,"101":0,"102":0,"103":0,"104":0,"105":0,"106":0,"107":0,"108":0,"109":0,"110":0,"111":0,"112":0,"113":0,"114":0,"115":0,"116":0,"117":0,"118":0,"119":0,"120":0,"121":0,"122":0,"123":0,"124":0,"125":0,"126":3,"127":1,"128":1,"129":1},"b":{"0":[6,5],"1":[1,5],"2":[1,4],"3":[1,1],"4":[1,5],"5":[1,4],"6":[1,3],"7":[1,2],"8":[1,0],"9":[0,0],"10":[0,0],"11":[0,0],"12":[0,0],"13":[0,0],"14":[0,0],"15":[0,0],"16":[0,0],"17":[0,0],"18":[0,0],"19":[0,0],"20":[0,0],"21":[0,0],"22":[0,0],"23":[0,0],"24":[0,0],"25":[0,0],"26":[0,0],"27":[0,0],"28":[0,0],"29":[0,0],"30":[0,0],"31":[0,0],"32":[0,0],"33":[0,0],"34":[0,0],"35":[0,0],"36":[0,0],"37":[0,0],"38":[0,0],"39":[0,0],"40":[0,0],"41":[0,0],"42":[0,0],"43":[0,0],"44":[0,0],"45":[0,0],"46":[0,0],"47":[0,0],"48":[0,0],"49":[0,0],"50":[0,0],"51":[0,0],"52":[0,0],"53":[0,0],"54":[0,0],"55":[0,0],"56":[0,0],"57":[0,0],"58":[0,0],"59":[0,0],"60":[0,0],"61":[0,0],"62":[0,0],"63":[0,0],"64":[0,0],"65":[0,0],"66":[0,0],"67":[0,0],"68":[0,0],"69":[0,0],"70":[0,0],"71":[0,0],"72":[0,0],"73":[0,0],"74":[0,0],"75":[0,0],"76":[1,2]},"_coverageSchema":"1a1c01bbd47fc00a2c39e90264f33305004495a9","hash":"747e5f3727eb708fd4312b8bfa456e0f75effb69"}
,"C:\\Users\\Mail4\\Documents\\GitHub\\christisking\\server\\Schema\\Comment.js": {"path":"C:\\Users\\Mail4\\Documents\\GitHub\\christisking\\server\\Schema\\Comment.js","statementMap":{"0":{"start":{"line":3,"column":22},"end":{"line":42,"column":2}}},"fnMap":{},"branchMap":{},"s":{"0":1},"f":{},"b":{},"_coverageSchema":"1a1c01bbd47fc00a2c39e90264f33305004495a9","hash":"d60ce5a74e81e94153483f9aa71aa45b06904e14"}
,"C:\\Users\\Mail4\\Documents\\GitHub\\christisking\\server\\Schema\\Notification.js": {"path":"C:\\Users\\Mail4\\Documents\\GitHub\\christisking\\server\\Schema\\Notification.js","statementMap":{"0":{"start":{"line":3,"column":27},"end":{"line":44,"column":1}}},"fnMap":{},"branchMap":{},"s":{"0":1},"f":{},"b":{},"_coverageSchema":"1a1c01bbd47fc00a2c39e90264f33305004495a9","hash":"91a7c36aa2b38bc3f5f536d104da0261c24c7c11"}
,"C:\\Users\\Mail4\\Documents\\GitHub\\christisking\\server\\Schema\\Post.js": {"path":"C:\\Users\\Mail4\\Documents\\GitHub\\christisking\\server\\Schema\\Post.js","statementMap":{"0":{"start":{"line":3,"column":19},"end":{"line":69,"column":2}}},"fnMap":{},"branchMap":{},"s":{"0":1},"f":{},"b":{},"_coverageSchema":"1a1c01bbd47fc00a2c39e90264f33305004495a9","hash":"f18220419bd6faf219237e1323fa9282a8e329a2"}
,"C:\\Users\\Mail4\\Documents\\GitHub\\christisking\\server\\Schema\\Uploads.js": {"path":"C:\\Users\\Mail4\\Documents\\GitHub\\christisking\\server\\Schema\\Uploads.js","statementMap":{"0":{"start":{"line":3,"column":22},"end":{"line":30,"column":2}}},"fnMap":{},"branchMap":{},"s":{"0":1},"f":{},"b":{},"_coverageSchema":"1a1c01bbd47fc00a2c39e90264f33305004495a9","hash":"5fd3a64cfe312d83a47f18172a341e8fb7ed0511"}
,"C:\\Users\\Mail4\\Documents\\GitHub\\christisking\\server\\Schema\\User.js": {"path":"C:\\Users\\Mail4\\Documents\\GitHub\\christisking\\server\\Schema\\User.js","statementMap":{"0":{"start":{"line":3,"column":19},"end":{"line":91,"column":2}}},"fnMap":{},"branchMap":{},"s":{"0":1},"f":{},"b":{},"_coverageSchema":"1a1c01bbd47fc00a2c39e90264f33305004495a9","hash":"472f9a8a4a2d78120c64460eb300a918993361e1"}
}
