{"C:\\Users\\Brandon Pyle\\Documents\\GitHub\\christisking\\server\\server.js": {"path":"C:\\Users\\Brandon Pyle\\Documents\\GitHub\\christisking\\server\\server.js","statementMap":{"0":{"start":{"line":20,"column":12},"end":{"line":20,"column":21}},"1":{"start":{"line":21,"column":16},"end":{"line":21,"column":38}},"2":{"start":{"line":22,"column":15},"end":{"line":22,"column":43}},"3":{"start":{"line":24,"column":0},"end":{"line":26,"column":2}},"4":{"start":{"line":28,"column":0},"end":{"line":28,"column":43}},"5":{"start":{"line":29,"column":0},"end":{"line":29,"column":43}},"6":{"start":{"line":31,"column":17},"end":{"line":31,"column":64}},"7":{"start":{"line":32,"column":20},"end":{"line":32,"column":61}},"8":{"start":{"line":33,"column":11},"end":{"line":33,"column":15}},"9":{"start":{"line":35,"column":0},"end":{"line":35,"column":24}},"10":{"start":{"line":36,"column":0},"end":{"line":44,"column":2}},"11":{"start":{"line":46,"column":0},"end":{"line":48,"column":2}},"12":{"start":{"line":50,"column":25},"end":{"line":69,"column":1}},"13":{"start":{"line":52,"column":23},"end":{"line":52,"column":51}},"14":{"start":{"line":53,"column":18},"end":{"line":53,"column":56}},"15":{"start":{"line":55,"column":4},"end":{"line":57,"column":5}},"16":{"start":{"line":56,"column":8},"end":{"line":56,"column":65}},"17":{"start":{"line":59,"column":4},"end":{"line":67,"column":6}},"18":{"start":{"line":60,"column":8},"end":{"line":62,"column":9}},"19":{"start":{"line":61,"column":12},"end":{"line":61,"column":77}},"20":{"start":{"line":64,"column":8},"end":{"line":64,"column":26}},"21":{"start":{"line":65,"column":8},"end":{"line":65,"column":30}},"22":{"start":{"line":66,"column":8},"end":{"line":66,"column":14}},"23":{"start":{"line":71,"column":32},"end":{"line":82,"column":1}},"24":{"start":{"line":73,"column":25},"end":{"line":73,"column":101}},"25":{"start":{"line":75,"column":4},"end":{"line":81,"column":5}},"26":{"start":{"line":84,"column":32},"end":{"line":93,"column":1}},"27":{"start":{"line":85,"column":19},"end":{"line":85,"column":38}},"28":{"start":{"line":87,"column":30},"end":{"line":87,"column":112}},"29":{"start":{"line":87,"column":105},"end":{"line":87,"column":111}},"30":{"start":{"line":89,"column":4},"end":{"line":89,"column":68}},"31":{"start":{"line":91,"column":4},"end":{"line":91,"column":20}},"32":{"start":{"line":95,"column":0},"end":{"line":138,"column":3}},"33":{"start":{"line":96,"column":40},"end":{"line":96,"column":48}},"34":{"start":{"line":97,"column":18},"end":{"line":97,"column":69}},"35":{"start":{"line":99,"column":4},"end":{"line":101,"column":5}},"36":{"start":{"line":100,"column":8},"end":{"line":100,"column":92}},"37":{"start":{"line":102,"column":4},"end":{"line":104,"column":5}},"38":{"start":{"line":103,"column":8},"end":{"line":103,"column":63}},"39":{"start":{"line":105,"column":4},"end":{"line":107,"column":5}},"40":{"start":{"line":106,"column":8},"end":{"line":106,"column":68}},"41":{"start":{"line":108,"column":4},"end":{"line":110,"column":5}},"42":{"start":{"line":109,"column":8},"end":{"line":109,"column":146}},"43":{"start":{"line":112,"column":4},"end":{"line":137,"column":7}},"44":{"start":{"line":113,"column":23},"end":{"line":113,"column":52}},"45":{"start":{"line":114,"column":26},"end":{"line":114,"column":122}},"46":{"start":{"line":116,"column":19},"end":{"line":127,"column":10}},"47":{"start":{"line":129,"column":8},"end":{"line":136,"column":11}},"48":{"start":{"line":130,"column":12},"end":{"line":130,"column":54}},"49":{"start":{"line":132,"column":12},"end":{"line":134,"column":13}},"50":{"start":{"line":133,"column":16},"end":{"line":133,"column":80}},"51":{"start":{"line":135,"column":12},"end":{"line":135,"column":65}},"52":{"start":{"line":140,"column":0},"end":{"line":177,"column":2}},"53":{"start":{"line":142,"column":30},"end":{"line":142,"column":38}},"54":{"start":{"line":144,"column":4},"end":{"line":175,"column":6}},"55":{"start":{"line":146,"column":8},"end":{"line":148,"column":9}},"56":{"start":{"line":147,"column":12},"end":{"line":147,"column":72}},"57":{"start":{"line":151,"column":8},"end":{"line":169,"column":9}},"58":{"start":{"line":153,"column":12},"end":{"line":165,"column":14}},"59":{"start":{"line":155,"column":16},"end":{"line":157,"column":17}},"60":{"start":{"line":156,"column":20},"end":{"line":156,"column":107}},"61":{"start":{"line":159,"column":16},"end":{"line":163,"column":17}},"62":{"start":{"line":160,"column":20},"end":{"line":160,"column":82}},"63":{"start":{"line":162,"column":20},"end":{"line":162,"column":71}},"64":{"start":{"line":168,"column":12},"end":{"line":168,"column":145}},"65":{"start":{"line":173,"column":8},"end":{"line":173,"column":33}},"66":{"start":{"line":174,"column":8},"end":{"line":174,"column":61}},"67":{"start":{"line":179,"column":0},"end":{"line":235,"column":2}},"68":{"start":{"line":181,"column":27},"end":{"line":181,"column":35}},"69":{"start":{"line":183,"column":4},"end":{"line":233,"column":6}},"70":{"start":{"line":187,"column":39},"end":{"line":187,"column":50}},"71":{"start":{"line":188,"column":22},"end":{"line":188,"column":27}},"72":{"start":{"line":190,"column":8},"end":{"line":192,"column":9}},"73":{"start":{"line":191,"column":12},"end":{"line":191,"column":27}},"74":{"start":{"line":194,"column":8},"end":{"line":194,"column":53}},"75":{"start":{"line":196,"column":19},"end":{"line":201,"column":10}},"76":{"start":{"line":197,"column":12},"end":{"line":197,"column":28}},"77":{"start":{"line":200,"column":12},"end":{"line":200,"column":65}},"78":{"start":{"line":203,"column":8},"end":{"line":226,"column":9}},"79":{"start":{"line":204,"column":12},"end":{"line":206,"column":13}},"80":{"start":{"line":205,"column":16},"end":{"line":205,"column":150}},"81":{"start":{"line":210,"column":27},"end":{"line":210,"column":56}},"82":{"start":{"line":212,"column":12},"end":{"line":217,"column":14}},"83":{"start":{"line":219,"column":12},"end":{"line":224,"column":14}},"84":{"start":{"line":220,"column":16},"end":{"line":220,"column":25}},"85":{"start":{"line":223,"column":16},"end":{"line":223,"column":69}},"86":{"start":{"line":228,"column":8},"end":{"line":228,"column":59}},"87":{"start":{"line":232,"column":8},"end":{"line":232,"column":126}},"88":{"start":{"line":237,"column":0},"end":{"line":292,"column":2}},"89":{"start":{"line":239,"column":27},"end":{"line":239,"column":35}},"90":{"start":{"line":242,"column":4},"end":{"line":290,"column":6}},"91":{"start":{"line":246,"column":39},"end":{"line":246,"column":50}},"92":{"start":{"line":247,"column":22},"end":{"line":247,"column":27}},"93":{"start":{"line":249,"column":8},"end":{"line":251,"column":9}},"94":{"start":{"line":250,"column":12},"end":{"line":250,"column":27}},"95":{"start":{"line":253,"column":19},"end":{"line":258,"column":10}},"96":{"start":{"line":254,"column":12},"end":{"line":254,"column":28}},"97":{"start":{"line":257,"column":12},"end":{"line":257,"column":65}},"98":{"start":{"line":260,"column":8},"end":{"line":283,"column":9}},"99":{"start":{"line":261,"column":12},"end":{"line":263,"column":13}},"100":{"start":{"line":262,"column":16},"end":{"line":262,"column":152}},"101":{"start":{"line":267,"column":27},"end":{"line":267,"column":56}},"102":{"start":{"line":269,"column":12},"end":{"line":274,"column":14}},"103":{"start":{"line":276,"column":12},"end":{"line":281,"column":14}},"104":{"start":{"line":277,"column":16},"end":{"line":277,"column":25}},"105":{"start":{"line":280,"column":16},"end":{"line":280,"column":69}},"106":{"start":{"line":285,"column":8},"end":{"line":285,"column":59}},"107":{"start":{"line":289,"column":8},"end":{"line":289,"column":128}},"108":{"start":{"line":294,"column":0},"end":{"line":332,"column":3}},"109":{"start":{"line":295,"column":4},"end":{"line":331,"column":5}},"110":{"start":{"line":296,"column":8},"end":{"line":327,"column":9}},"111":{"start":{"line":297,"column":23},"end":{"line":297,"column":45}},"112":{"start":{"line":298,"column":27},"end":{"line":298,"column":74}},"113":{"start":{"line":300,"column":29},"end":{"line":300,"column":94}},"114":{"start":{"line":301,"column":33},"end":{"line":305,"column":14}},"115":{"start":{"line":307,"column":12},"end":{"line":307,"column":46}},"116":{"start":{"line":309,"column":12},"end":{"line":324,"column":15}},"117":{"start":{"line":310,"column":16},"end":{"line":310,"column":58}},"118":{"start":{"line":312,"column":34},"end":{"line":318,"column":18}},"119":{"start":{"line":320,"column":16},"end":{"line":320,"column":39}},"120":{"start":{"line":322,"column":33},"end":{"line":322,"column":88}},"121":{"start":{"line":323,"column":16},"end":{"line":323,"column":82}},"122":{"start":{"line":326,"column":12},"end":{"line":326,"column":68}},"123":{"start":{"line":329,"column":8},"end":{"line":329,"column":55}},"124":{"start":{"line":330,"column":8},"end":{"line":330,"column":87}},"125":{"start":{"line":334,"column":0},"end":{"line":361,"column":3}},"126":{"start":{"line":335,"column":4},"end":{"line":360,"column":5}},"127":{"start":{"line":336,"column":21},"end":{"line":336,"column":77}},"128":{"start":{"line":338,"column":8},"end":{"line":342,"column":9}},"129":{"start":{"line":339,"column":12},"end":{"line":341,"column":15}},"130":{"start":{"line":345,"column":8},"end":{"line":356,"column":9}},"131":{"start":{"line":346,"column":23},"end":{"line":346,"column":45}},"132":{"start":{"line":347,"column":27},"end":{"line":347,"column":74}},"133":{"start":{"line":350,"column":31},"end":{"line":350,"column":83}},"134":{"start":{"line":351,"column":12},"end":{"line":351,"column":33}},"135":{"start":{"line":353,"column":12},"end":{"line":355,"column":15}},"136":{"start":{"line":358,"column":8},"end":{"line":358,"column":56}},"137":{"start":{"line":359,"column":8},"end":{"line":359,"column":87}},"138":{"start":{"line":363,"column":0},"end":{"line":406,"column":2}},"139":{"start":{"line":365,"column":43},"end":{"line":365,"column":51}},"140":{"start":{"line":367,"column":4},"end":{"line":369,"column":5}},"141":{"start":{"line":368,"column":8},"end":{"line":368,"column":144}},"142":{"start":{"line":371,"column":4},"end":{"line":404,"column":6}},"143":{"start":{"line":374,"column":8},"end":{"line":376,"column":9}},"144":{"start":{"line":375,"column":12},"end":{"line":375,"column":126}},"145":{"start":{"line":378,"column":8},"end":{"line":398,"column":10}},"146":{"start":{"line":379,"column":12},"end":{"line":381,"column":13}},"147":{"start":{"line":380,"column":16},"end":{"line":380,"column":128}},"148":{"start":{"line":383,"column":12},"end":{"line":385,"column":13}},"149":{"start":{"line":384,"column":16},"end":{"line":384,"column":84}},"150":{"start":{"line":387,"column":12},"end":{"line":397,"column":14}},"151":{"start":{"line":389,"column":16},"end":{"line":395,"column":18}},"152":{"start":{"line":391,"column":20},"end":{"line":391,"column":79}},"153":{"start":{"line":394,"column":20},"end":{"line":394,"column":130}},"154":{"start":{"line":402,"column":8},"end":{"line":402,"column":25}},"155":{"start":{"line":403,"column":8},"end":{"line":403,"column":58}},"156":{"start":{"line":408,"column":0},"end":{"line":427,"column":2}},"157":{"start":{"line":410,"column":19},"end":{"line":410,"column":27}},"158":{"start":{"line":412,"column":19},"end":{"line":412,"column":20}},"159":{"start":{"line":414,"column":4},"end":{"line":425,"column":6}},"160":{"start":{"line":421,"column":8},"end":{"line":421,"column":46}},"161":{"start":{"line":424,"column":8},"end":{"line":424,"column":59}},"162":{"start":{"line":429,"column":0},"end":{"line":440,"column":2}},"163":{"start":{"line":431,"column":4},"end":{"line":438,"column":6}},"164":{"start":{"line":433,"column":8},"end":{"line":433,"column":57}},"165":{"start":{"line":436,"column":8},"end":{"line":436,"column":33}},"166":{"start":{"line":437,"column":8},"end":{"line":437,"column":59}},"167":{"start":{"line":442,"column":0},"end":{"line":456,"column":2}},"168":{"start":{"line":444,"column":4},"end":{"line":454,"column":6}},"169":{"start":{"line":450,"column":8},"end":{"line":450,"column":46}},"170":{"start":{"line":453,"column":8},"end":{"line":453,"column":59}},"171":{"start":{"line":458,"column":0},"end":{"line":487,"column":2}},"172":{"start":{"line":460,"column":62},"end":{"line":460,"column":70}},"173":{"start":{"line":464,"column":4},"end":{"line":470,"column":5}},"174":{"start":{"line":465,"column":8},"end":{"line":465,"column":82}},"175":{"start":{"line":466,"column":11},"end":{"line":470,"column":5}},"176":{"start":{"line":467,"column":8},"end":{"line":467,"column":67}},"177":{"start":{"line":468,"column":11},"end":{"line":470,"column":5}},"178":{"start":{"line":469,"column":8},"end":{"line":469,"column":44}},"179":{"start":{"line":472,"column":19},"end":{"line":472,"column":36}},"180":{"start":{"line":474,"column":4},"end":{"line":485,"column":6}},"181":{"start":{"line":481,"column":8},"end":{"line":481,"column":46}},"182":{"start":{"line":484,"column":8},"end":{"line":484,"column":59}},"183":{"start":{"line":489,"column":0},"end":{"line":512,"column":2}},"184":{"start":{"line":491,"column":33},"end":{"line":491,"column":41}},"185":{"start":{"line":495,"column":4},"end":{"line":501,"column":5}},"186":{"start":{"line":496,"column":8},"end":{"line":496,"column":48}},"187":{"start":{"line":497,"column":11},"end":{"line":501,"column":5}},"188":{"start":{"line":498,"column":8},"end":{"line":498,"column":67}},"189":{"start":{"line":499,"column":11},"end":{"line":501,"column":5}},"190":{"start":{"line":500,"column":8},"end":{"line":500,"column":44}},"191":{"start":{"line":503,"column":4},"end":{"line":510,"column":6}},"192":{"start":{"line":505,"column":8},"end":{"line":505,"column":57}},"193":{"start":{"line":508,"column":8},"end":{"line":508,"column":33}},"194":{"start":{"line":509,"column":8},"end":{"line":509,"column":59}},"195":{"start":{"line":514,"column":0},"end":{"line":528,"column":2}},"196":{"start":{"line":516,"column":20},"end":{"line":516,"column":28}},"197":{"start":{"line":518,"column":4},"end":{"line":526,"column":6}},"198":{"start":{"line":522,"column":8},"end":{"line":522,"column":46}},"199":{"start":{"line":525,"column":8},"end":{"line":525,"column":59}},"200":{"start":{"line":530,"column":0},"end":{"line":544,"column":2}},"201":{"start":{"line":532,"column":23},"end":{"line":532,"column":31}},"202":{"start":{"line":534,"column":4},"end":{"line":542,"column":6}},"203":{"start":{"line":537,"column":8},"end":{"line":537,"column":41}},"204":{"start":{"line":540,"column":8},"end":{"line":540,"column":25}},"205":{"start":{"line":541,"column":8},"end":{"line":541,"column":59}},"206":{"start":{"line":546,"column":0},"end":{"line":558,"column":2}},"207":{"start":{"line":548,"column":18},"end":{"line":548,"column":26}},"208":{"start":{"line":550,"column":4},"end":{"line":556,"column":6}},"209":{"start":{"line":552,"column":8},"end":{"line":552,"column":57}},"210":{"start":{"line":555,"column":8},"end":{"line":555,"column":59}},"211":{"start":{"line":560,"column":0},"end":{"line":612,"column":2}},"212":{"start":{"line":562,"column":42},"end":{"line":562,"column":50}},"213":{"start":{"line":564,"column":19},"end":{"line":564,"column":22}},"214":{"start":{"line":566,"column":4},"end":{"line":568,"column":5}},"215":{"start":{"line":567,"column":8},"end":{"line":567,"column":93}},"216":{"start":{"line":570,"column":4},"end":{"line":572,"column":5}},"217":{"start":{"line":571,"column":8},"end":{"line":571,"column":101}},"218":{"start":{"line":574,"column":25},"end":{"line":574,"column":50}},"219":{"start":{"line":576,"column":4},"end":{"line":591,"column":5}},"220":{"start":{"line":578,"column":8},"end":{"line":587,"column":9}},"221":{"start":{"line":578,"column":20},"end":{"line":578,"column":21}},"222":{"start":{"line":579,"column":12},"end":{"line":586,"column":13}},"223":{"start":{"line":580,"column":31},"end":{"line":580,"column":80}},"224":{"start":{"line":582,"column":16},"end":{"line":584,"column":17}},"225":{"start":{"line":583,"column":20},"end":{"line":583,"column":126}},"226":{"start":{"line":590,"column":8},"end":{"line":590,"column":106}},"227":{"start":{"line":593,"column":20},"end":{"line":597,"column":5}},"228":{"start":{"line":599,"column":4},"end":{"line":610,"column":6}},"229":{"start":{"line":603,"column":8},"end":{"line":603,"column":49}},"230":{"start":{"line":606,"column":8},"end":{"line":608,"column":9}},"231":{"start":{"line":607,"column":12},"end":{"line":607,"column":79}},"232":{"start":{"line":609,"column":8},"end":{"line":609,"column":59}},"233":{"start":{"line":614,"column":0},"end":{"line":688,"column":2}},"234":{"start":{"line":616,"column":19},"end":{"line":616,"column":27}},"235":{"start":{"line":617,"column":18},"end":{"line":617,"column":27}},"236":{"start":{"line":619,"column":4},"end":{"line":686,"column":5}},"237":{"start":{"line":621,"column":66},"end":{"line":621,"column":74}},"238":{"start":{"line":623,"column":8},"end":{"line":625,"column":9}},"239":{"start":{"line":624,"column":12},"end":{"line":624,"column":79}},"240":{"start":{"line":627,"column":8},"end":{"line":643,"column":9}},"241":{"start":{"line":628,"column":12},"end":{"line":630,"column":13}},"242":{"start":{"line":629,"column":16},"end":{"line":629,"column":113}},"243":{"start":{"line":632,"column":12},"end":{"line":634,"column":13}},"244":{"start":{"line":633,"column":16},"end":{"line":633,"column":105}},"245":{"start":{"line":636,"column":12},"end":{"line":638,"column":13}},"246":{"start":{"line":637,"column":16},"end":{"line":637,"column":104}},"247":{"start":{"line":640,"column":12},"end":{"line":642,"column":13}},"248":{"start":{"line":641,"column":16},"end":{"line":641,"column":112}},"249":{"start":{"line":645,"column":8},"end":{"line":645,"column":50}},"250":{"start":{"line":645,"column":31},"end":{"line":645,"column":48}},"251":{"start":{"line":647,"column":22},"end":{"line":647,"column":102}},"252":{"start":{"line":649,"column":8},"end":{"line":682,"column":9}},"253":{"start":{"line":651,"column":12},"end":{"line":657,"column":14}},"254":{"start":{"line":653,"column":16},"end":{"line":653,"column":61}},"255":{"start":{"line":656,"column":16},"end":{"line":656,"column":93}},"256":{"start":{"line":661,"column":23},"end":{"line":663,"column":14}},"257":{"start":{"line":665,"column":12},"end":{"line":680,"column":14}},"258":{"start":{"line":667,"column":35},"end":{"line":667,"column":48}},"259":{"start":{"line":669,"column":16},"end":{"line":675,"column":18}},"260":{"start":{"line":671,"column":20},"end":{"line":671,"column":69}},"261":{"start":{"line":674,"column":20},"end":{"line":674,"column":97}},"262":{"start":{"line":679,"column":16},"end":{"line":679,"column":67}},"263":{"start":{"line":685,"column":8},"end":{"line":685,"column":96}},"264":{"start":{"line":690,"column":0},"end":{"line":719,"column":2}},"265":{"start":{"line":692,"column":35},"end":{"line":692,"column":43}},"266":{"start":{"line":694,"column":23},"end":{"line":694,"column":45}},"267":{"start":{"line":696,"column":4},"end":{"line":717,"column":6}},"268":{"start":{"line":701,"column":8},"end":{"line":706,"column":10}},"269":{"start":{"line":705,"column":12},"end":{"line":705,"column":63}},"270":{"start":{"line":708,"column":8},"end":{"line":710,"column":9}},"271":{"start":{"line":709,"column":12},"end":{"line":709,"column":84}},"272":{"start":{"line":712,"column":8},"end":{"line":712,"column":46}},"273":{"start":{"line":716,"column":8},"end":{"line":716,"column":60}},"274":{"start":{"line":721,"column":0},"end":{"line":757,"column":2}},"275":{"start":{"line":723,"column":18},"end":{"line":723,"column":26}},"276":{"start":{"line":725,"column":33},"end":{"line":725,"column":41}},"277":{"start":{"line":727,"column":23},"end":{"line":727,"column":46}},"278":{"start":{"line":729,"column":4},"end":{"line":755,"column":6}},"279":{"start":{"line":732,"column":8},"end":{"line":753,"column":9}},"280":{"start":{"line":733,"column":23},"end":{"line":738,"column":14}},"281":{"start":{"line":740,"column":12},"end":{"line":742,"column":14}},"282":{"start":{"line":741,"column":16},"end":{"line":741,"column":68}},"283":{"start":{"line":745,"column":12},"end":{"line":751,"column":14}},"284":{"start":{"line":747,"column":16},"end":{"line":747,"column":69}},"285":{"start":{"line":750,"column":16},"end":{"line":750,"column":68}},"286":{"start":{"line":759,"column":0},"end":{"line":773,"column":2}},"287":{"start":{"line":761,"column":18},"end":{"line":761,"column":26}},"288":{"start":{"line":763,"column":18},"end":{"line":763,"column":26}},"289":{"start":{"line":765,"column":4},"end":{"line":771,"column":6}},"290":{"start":{"line":767,"column":8},"end":{"line":767,"column":47}},"291":{"start":{"line":770,"column":8},"end":{"line":770,"column":59}},"292":{"start":{"line":775,"column":0},"end":{"line":833,"column":2}},"293":{"start":{"line":777,"column":18},"end":{"line":777,"column":26}},"294":{"start":{"line":779,"column":70},"end":{"line":779,"column":78}},"295":{"start":{"line":781,"column":4},"end":{"line":783,"column":5}},"296":{"start":{"line":782,"column":8},"end":{"line":782,"column":85}},"297":{"start":{"line":786,"column":21},"end":{"line":788,"column":5}},"298":{"start":{"line":790,"column":4},"end":{"line":793,"column":5}},"299":{"start":{"line":791,"column":8},"end":{"line":791,"column":40}},"300":{"start":{"line":792,"column":8},"end":{"line":792,"column":34}},"301":{"start":{"line":795,"column":4},"end":{"line":830,"column":6}},"302":{"start":{"line":797,"column":49},"end":{"line":797,"column":60}},"303":{"start":{"line":799,"column":8},"end":{"line":800,"column":62}},"304":{"start":{"line":800,"column":24},"end":{"line":800,"column":58}},"305":{"start":{"line":802,"column":30},"end":{"line":808,"column":9}},"306":{"start":{"line":810,"column":8},"end":{"line":822,"column":9}},"307":{"start":{"line":812,"column":12},"end":{"line":812,"column":61}},"308":{"start":{"line":814,"column":12},"end":{"line":815,"column":115}},"309":{"start":{"line":815,"column":44},"end":{"line":815,"column":112}},"310":{"start":{"line":817,"column":12},"end":{"line":820,"column":13}},"311":{"start":{"line":818,"column":16},"end":{"line":819,"column":74}},"312":{"start":{"line":819,"column":38},"end":{"line":819,"column":73}},"313":{"start":{"line":824,"column":8},"end":{"line":824,"column":111}},"314":{"start":{"line":824,"column":70},"end":{"line":824,"column":109}},"315":{"start":{"line":826,"column":8},"end":{"line":828,"column":10}},"316":{"start":{"line":835,"column":0},"end":{"line":857,"column":2}},"317":{"start":{"line":837,"column":28},"end":{"line":837,"column":36}},"318":{"start":{"line":839,"column":19},"end":{"line":839,"column":20}},"319":{"start":{"line":841,"column":4},"end":{"line":855,"column":6}},"320":{"start":{"line":849,"column":8},"end":{"line":849,"column":43}},"321":{"start":{"line":850,"column":8},"end":{"line":850,"column":45}},"322":{"start":{"line":853,"column":8},"end":{"line":853,"column":33}},"323":{"start":{"line":854,"column":8},"end":{"line":854,"column":59}},"324":{"start":{"line":859,"column":0},"end":{"line":888,"column":2}},"325":{"start":{"line":861,"column":24},"end":{"line":861,"column":32}},"326":{"start":{"line":863,"column":19},"end":{"line":863,"column":20}},"327":{"start":{"line":865,"column":4},"end":{"line":886,"column":6}},"328":{"start":{"line":881,"column":8},"end":{"line":881,"column":25}},"329":{"start":{"line":882,"column":8},"end":{"line":882,"column":62}},"330":{"start":{"line":885,"column":8},"end":{"line":885,"column":59}},"331":{"start":{"line":890,"column":23},"end":{"line":917,"column":1}},"332":{"start":{"line":891,"column":4},"end":{"line":916,"column":6}},"333":{"start":{"line":894,"column":8},"end":{"line":898,"column":9}},"334":{"start":{"line":895,"column":12},"end":{"line":897,"column":44}},"335":{"start":{"line":896,"column":26},"end":{"line":896,"column":67}},"336":{"start":{"line":897,"column":26},"end":{"line":897,"column":42}},"337":{"start":{"line":900,"column":8},"end":{"line":900,"column":121}},"338":{"start":{"line":900,"column":77},"end":{"line":900,"column":120}},"339":{"start":{"line":902,"column":8},"end":{"line":902,"column":143}},"340":{"start":{"line":902,"column":101},"end":{"line":902,"column":142}},"341":{"start":{"line":904,"column":8},"end":{"line":911,"column":10}},"342":{"start":{"line":906,"column":12},"end":{"line":910,"column":13}},"343":{"start":{"line":907,"column":16},"end":{"line":909,"column":18}},"344":{"start":{"line":908,"column":20},"end":{"line":908,"column":43}},"345":{"start":{"line":915,"column":8},"end":{"line":915,"column":33}},"346":{"start":{"line":919,"column":0},"end":{"line":940,"column":2}},"347":{"start":{"line":921,"column":18},"end":{"line":921,"column":26}},"348":{"start":{"line":923,"column":18},"end":{"line":923,"column":26}},"349":{"start":{"line":925,"column":4},"end":{"line":938,"column":6}},"350":{"start":{"line":928,"column":8},"end":{"line":936,"column":9}},"351":{"start":{"line":930,"column":12},"end":{"line":930,"column":31}},"352":{"start":{"line":932,"column":12},"end":{"line":932,"column":60}},"353":{"start":{"line":935,"column":12},"end":{"line":935,"column":84}},"354":{"start":{"line":942,"column":0},"end":{"line":959,"column":2}},"355":{"start":{"line":944,"column":18},"end":{"line":944,"column":26}},"356":{"start":{"line":946,"column":4},"end":{"line":957,"column":6}},"357":{"start":{"line":948,"column":8},"end":{"line":952,"column":9}},"358":{"start":{"line":949,"column":12},"end":{"line":949,"column":77}},"359":{"start":{"line":951,"column":12},"end":{"line":951,"column":78}},"360":{"start":{"line":955,"column":8},"end":{"line":955,"column":33}},"361":{"start":{"line":956,"column":8},"end":{"line":956,"column":59}},"362":{"start":{"line":961,"column":0},"end":{"line":1005,"column":2}},"363":{"start":{"line":962,"column":18},"end":{"line":962,"column":26}},"364":{"start":{"line":964,"column":44},"end":{"line":964,"column":52}},"365":{"start":{"line":966,"column":19},"end":{"line":966,"column":21}},"366":{"start":{"line":968,"column":20},"end":{"line":968,"column":73}},"367":{"start":{"line":970,"column":19},"end":{"line":970,"column":42}},"368":{"start":{"line":972,"column":4},"end":{"line":974,"column":5}},"369":{"start":{"line":973,"column":8},"end":{"line":973,"column":32}},"370":{"start":{"line":976,"column":4},"end":{"line":978,"column":5}},"371":{"start":{"line":977,"column":8},"end":{"line":977,"column":36}},"372":{"start":{"line":980,"column":4},"end":{"line":1003,"column":6}},"373":{"start":{"line":992,"column":8},"end":{"line":995,"column":54}},"374":{"start":{"line":995,"column":20},"end":{"line":995,"column":52}},"375":{"start":{"line":997,"column":8},"end":{"line":997,"column":55}},"376":{"start":{"line":1001,"column":8},"end":{"line":1001,"column":33}},"377":{"start":{"line":1002,"column":8},"end":{"line":1002,"column":60}},"378":{"start":{"line":1007,"column":0},"end":{"line":1027,"column":2}},"379":{"start":{"line":1009,"column":18},"end":{"line":1009,"column":26}},"380":{"start":{"line":1011,"column":21},"end":{"line":1011,"column":29}},"381":{"start":{"line":1013,"column":20},"end":{"line":1013,"column":73}},"382":{"start":{"line":1015,"column":4},"end":{"line":1017,"column":5}},"383":{"start":{"line":1016,"column":8},"end":{"line":1016,"column":32}},"384":{"start":{"line":1019,"column":4},"end":{"line":1025,"column":6}},"385":{"start":{"line":1021,"column":8},"end":{"line":1021,"column":57}},"386":{"start":{"line":1024,"column":8},"end":{"line":1024,"column":59}},"387":{"start":{"line":1029,"column":0},"end":{"line":1054,"column":2}},"388":{"start":{"line":1031,"column":18},"end":{"line":1031,"column":26}},"389":{"start":{"line":1033,"column":50},"end":{"line":1033,"column":58}},"390":{"start":{"line":1035,"column":19},"end":{"line":1035,"column":20}},"391":{"start":{"line":1036,"column":19},"end":{"line":1036,"column":40}},"392":{"start":{"line":1038,"column":4},"end":{"line":1040,"column":5}},"393":{"start":{"line":1039,"column":8},"end":{"line":1039,"column":36}},"394":{"start":{"line":1042,"column":4},"end":{"line":1052,"column":6}},"395":{"start":{"line":1048,"column":8},"end":{"line":1048,"column":46}},"396":{"start":{"line":1051,"column":8},"end":{"line":1051,"column":60}},"397":{"start":{"line":1056,"column":0},"end":{"line":1071,"column":2}},"398":{"start":{"line":1058,"column":18},"end":{"line":1058,"column":26}},"399":{"start":{"line":1060,"column":27},"end":{"line":1060,"column":35}},"400":{"start":{"line":1062,"column":4},"end":{"line":1069,"column":6}},"401":{"start":{"line":1064,"column":8},"end":{"line":1064,"column":57}},"402":{"start":{"line":1067,"column":8},"end":{"line":1067,"column":33}},"403":{"start":{"line":1068,"column":8},"end":{"line":1068,"column":60}},"404":{"start":{"line":1073,"column":0},"end":{"line":1101,"column":3}},"405":{"start":{"line":1075,"column":18},"end":{"line":1075,"column":26}},"406":{"start":{"line":1076,"column":18},"end":{"line":1076,"column":27}},"407":{"start":{"line":1077,"column":22},"end":{"line":1077,"column":30}},"408":{"start":{"line":1080,"column":4},"end":{"line":1099,"column":5}},"409":{"start":{"line":1081,"column":8},"end":{"line":1096,"column":10}},"410":{"start":{"line":1084,"column":12},"end":{"line":1084,"column":107}},"411":{"start":{"line":1084,"column":69},"end":{"line":1084,"column":105}},"412":{"start":{"line":1086,"column":12},"end":{"line":1086,"column":100}},"413":{"start":{"line":1086,"column":67},"end":{"line":1086,"column":98}},"414":{"start":{"line":1088,"column":12},"end":{"line":1089,"column":55}},"415":{"start":{"line":1089,"column":26},"end":{"line":1089,"column":53}},"416":{"start":{"line":1091,"column":12},"end":{"line":1091,"column":60}},"417":{"start":{"line":1095,"column":12},"end":{"line":1095,"column":63}},"418":{"start":{"line":1098,"column":8},"end":{"line":1098,"column":95}},"419":{"start":{"line":1104,"column":0},"end":{"line":1116,"column":3}},"420":{"start":{"line":1106,"column":4},"end":{"line":1106,"column":104}},"421":{"start":{"line":1106,"column":52},"end":{"line":1106,"column":104}},"422":{"start":{"line":1108,"column":4},"end":{"line":1115,"column":11}},"423":{"start":{"line":1110,"column":12},"end":{"line":1110,"column":75}},"424":{"start":{"line":1113,"column":12},"end":{"line":1113,"column":28}},"425":{"start":{"line":1114,"column":12},"end":{"line":1114,"column":67}},"426":{"start":{"line":1118,"column":0},"end":{"line":1120,"column":2}},"427":{"start":{"line":1119,"column":4},"end":{"line":1119,"column":48}}},"fnMap":{"0":{"name":"(anonymous_0)","decl":{"start":{"line":50,"column":25},"end":{"line":50,"column":26}},"loc":{"start":{"line":50,"column":45},"end":{"line":69,"column":1}},"line":50},"1":{"name":"(anonymous_1)","decl":{"start":{"line":59,"column":53},"end":{"line":59,"column":54}},"loc":{"start":{"line":59,"column":68},"end":{"line":67,"column":5}},"line":59},"2":{"name":"(anonymous_2)","decl":{"start":{"line":71,"column":32},"end":{"line":71,"column":33}},"loc":{"start":{"line":71,"column":42},"end":{"line":82,"column":1}},"line":71},"3":{"name":"(anonymous_3)","decl":{"start":{"line":84,"column":32},"end":{"line":84,"column":33}},"loc":{"start":{"line":84,"column":49},"end":{"line":93,"column":1}},"line":84},"4":{"name":"(anonymous_4)","decl":{"start":{"line":87,"column":93},"end":{"line":87,"column":94}},"loc":{"start":{"line":87,"column":105},"end":{"line":87,"column":111}},"line":87},"5":{"name":"(anonymous_5)","decl":{"start":{"line":95,"column":19},"end":{"line":95,"column":20}},"loc":{"start":{"line":95,"column":39},"end":{"line":138,"column":1}},"line":95},"6":{"name":"(anonymous_6)","decl":{"start":{"line":112,"column":30},"end":{"line":112,"column":31}},"loc":{"start":{"line":112,"column":62},"end":{"line":137,"column":5}},"line":112},"7":{"name":"(anonymous_7)","decl":{"start":{"line":129,"column":25},"end":{"line":129,"column":26}},"loc":{"start":{"line":129,"column":32},"end":{"line":131,"column":9}},"line":129},"8":{"name":"(anonymous_8)","decl":{"start":{"line":131,"column":17},"end":{"line":131,"column":18}},"loc":{"start":{"line":131,"column":24},"end":{"line":136,"column":9}},"line":131},"9":{"name":"(anonymous_9)","decl":{"start":{"line":140,"column":20},"end":{"line":140,"column":21}},"loc":{"start":{"line":140,"column":34},"end":{"line":177,"column":1}},"line":140},"10":{"name":"(anonymous_10)","decl":{"start":{"line":145,"column":10},"end":{"line":145,"column":11}},"loc":{"start":{"line":145,"column":20},"end":{"line":171,"column":5}},"line":145},"11":{"name":"(anonymous_11)","decl":{"start":{"line":153,"column":66},"end":{"line":153,"column":67}},"loc":{"start":{"line":153,"column":83},"end":{"line":165,"column":13}},"line":153},"12":{"name":"(anonymous_12)","decl":{"start":{"line":172,"column":11},"end":{"line":172,"column":12}},"loc":{"start":{"line":172,"column":18},"end":{"line":175,"column":5}},"line":172},"13":{"name":"(anonymous_13)","decl":{"start":{"line":179,"column":25},"end":{"line":179,"column":26}},"loc":{"start":{"line":179,"column":45},"end":{"line":235,"column":1}},"line":179},"14":{"name":"(anonymous_14)","decl":{"start":{"line":185,"column":10},"end":{"line":185,"column":11}},"loc":{"start":{"line":185,"column":33},"end":{"line":230,"column":5}},"line":185},"15":{"name":"(anonymous_15)","decl":{"start":{"line":196,"column":189},"end":{"line":196,"column":190}},"loc":{"start":{"line":196,"column":196},"end":{"line":198,"column":9}},"line":196},"16":{"name":"(anonymous_16)","decl":{"start":{"line":199,"column":15},"end":{"line":199,"column":16}},"loc":{"start":{"line":199,"column":22},"end":{"line":201,"column":9}},"line":199},"17":{"name":"(anonymous_17)","decl":{"start":{"line":219,"column":35},"end":{"line":219,"column":36}},"loc":{"start":{"line":219,"column":42},"end":{"line":221,"column":13}},"line":219},"18":{"name":"(anonymous_18)","decl":{"start":{"line":222,"column":19},"end":{"line":222,"column":20}},"loc":{"start":{"line":222,"column":26},"end":{"line":224,"column":13}},"line":222},"19":{"name":"(anonymous_19)","decl":{"start":{"line":231,"column":11},"end":{"line":231,"column":12}},"loc":{"start":{"line":231,"column":18},"end":{"line":233,"column":5}},"line":231},"20":{"name":"(anonymous_20)","decl":{"start":{"line":237,"column":27},"end":{"line":237,"column":28}},"loc":{"start":{"line":237,"column":47},"end":{"line":292,"column":1}},"line":237},"21":{"name":"(anonymous_21)","decl":{"start":{"line":244,"column":10},"end":{"line":244,"column":11}},"loc":{"start":{"line":244,"column":33},"end":{"line":287,"column":5}},"line":244},"22":{"name":"(anonymous_22)","decl":{"start":{"line":253,"column":171},"end":{"line":253,"column":172}},"loc":{"start":{"line":253,"column":178},"end":{"line":255,"column":9}},"line":253},"23":{"name":"(anonymous_23)","decl":{"start":{"line":256,"column":15},"end":{"line":256,"column":16}},"loc":{"start":{"line":256,"column":22},"end":{"line":258,"column":9}},"line":256},"24":{"name":"(anonymous_24)","decl":{"start":{"line":276,"column":35},"end":{"line":276,"column":36}},"loc":{"start":{"line":276,"column":42},"end":{"line":278,"column":13}},"line":276},"25":{"name":"(anonymous_25)","decl":{"start":{"line":279,"column":19},"end":{"line":279,"column":20}},"loc":{"start":{"line":279,"column":26},"end":{"line":281,"column":13}},"line":279},"26":{"name":"(anonymous_26)","decl":{"start":{"line":288,"column":11},"end":{"line":288,"column":12}},"loc":{"start":{"line":288,"column":18},"end":{"line":290,"column":5}},"line":288},"27":{"name":"(anonymous_27)","decl":{"start":{"line":294,"column":54},"end":{"line":294,"column":55}},"loc":{"start":{"line":294,"column":68},"end":{"line":332,"column":1}},"line":294},"28":{"name":"(anonymous_28)","decl":{"start":{"line":309,"column":38},"end":{"line":309,"column":39}},"loc":{"start":{"line":309,"column":50},"end":{"line":324,"column":13}},"line":309},"29":{"name":"(anonymous_29)","decl":{"start":{"line":334,"column":30},"end":{"line":334,"column":31}},"loc":{"start":{"line":334,"column":50},"end":{"line":361,"column":1}},"line":334},"30":{"name":"(anonymous_30)","decl":{"start":{"line":363,"column":40},"end":{"line":363,"column":41}},"loc":{"start":{"line":363,"column":54},"end":{"line":406,"column":1}},"line":363},"31":{"name":"(anonymous_31)","decl":{"start":{"line":372,"column":10},"end":{"line":372,"column":11}},"loc":{"start":{"line":372,"column":20},"end":{"line":400,"column":5}},"line":372},"32":{"name":"(anonymous_32)","decl":{"start":{"line":378,"column":69},"end":{"line":378,"column":70}},"loc":{"start":{"line":378,"column":86},"end":{"line":398,"column":9}},"line":378},"33":{"name":"(anonymous_33)","decl":{"start":{"line":387,"column":41},"end":{"line":387,"column":42}},"loc":{"start":{"line":387,"column":67},"end":{"line":397,"column":13}},"line":387},"34":{"name":"(anonymous_34)","decl":{"start":{"line":390,"column":22},"end":{"line":390,"column":23}},"loc":{"start":{"line":390,"column":29},"end":{"line":392,"column":17}},"line":390},"35":{"name":"(anonymous_35)","decl":{"start":{"line":393,"column":23},"end":{"line":393,"column":24}},"loc":{"start":{"line":393,"column":30},"end":{"line":395,"column":17}},"line":393},"36":{"name":"(anonymous_36)","decl":{"start":{"line":401,"column":11},"end":{"line":401,"column":12}},"loc":{"start":{"line":401,"column":18},"end":{"line":404,"column":5}},"line":401},"37":{"name":"(anonymous_37)","decl":{"start":{"line":408,"column":26},"end":{"line":408,"column":27}},"loc":{"start":{"line":408,"column":40},"end":{"line":427,"column":1}},"line":408},"38":{"name":"(anonymous_38)","decl":{"start":{"line":420,"column":10},"end":{"line":420,"column":11}},"loc":{"start":{"line":420,"column":19},"end":{"line":422,"column":5}},"line":420},"39":{"name":"(anonymous_39)","decl":{"start":{"line":423,"column":11},"end":{"line":423,"column":12}},"loc":{"start":{"line":423,"column":18},"end":{"line":425,"column":5}},"line":423},"40":{"name":"(anonymous_40)","decl":{"start":{"line":429,"column":36},"end":{"line":429,"column":37}},"loc":{"start":{"line":429,"column":50},"end":{"line":440,"column":1}},"line":429},"41":{"name":"(anonymous_41)","decl":{"start":{"line":432,"column":10},"end":{"line":432,"column":11}},"loc":{"start":{"line":432,"column":19},"end":{"line":434,"column":5}},"line":432},"42":{"name":"(anonymous_42)","decl":{"start":{"line":435,"column":11},"end":{"line":435,"column":12}},"loc":{"start":{"line":435,"column":18},"end":{"line":438,"column":5}},"line":435},"43":{"name":"(anonymous_43)","decl":{"start":{"line":442,"column":27},"end":{"line":442,"column":28}},"loc":{"start":{"line":442,"column":41},"end":{"line":456,"column":1}},"line":442},"44":{"name":"(anonymous_44)","decl":{"start":{"line":449,"column":10},"end":{"line":449,"column":11}},"loc":{"start":{"line":449,"column":19},"end":{"line":451,"column":5}},"line":449},"45":{"name":"(anonymous_45)","decl":{"start":{"line":452,"column":11},"end":{"line":452,"column":12}},"loc":{"start":{"line":452,"column":18},"end":{"line":454,"column":5}},"line":452},"46":{"name":"(anonymous_46)","decl":{"start":{"line":458,"column":26},"end":{"line":458,"column":27}},"loc":{"start":{"line":458,"column":40},"end":{"line":487,"column":1}},"line":458},"47":{"name":"(anonymous_47)","decl":{"start":{"line":480,"column":10},"end":{"line":480,"column":11}},"loc":{"start":{"line":480,"column":19},"end":{"line":482,"column":5}},"line":480},"48":{"name":"(anonymous_48)","decl":{"start":{"line":483,"column":11},"end":{"line":483,"column":12}},"loc":{"start":{"line":483,"column":18},"end":{"line":485,"column":5}},"line":483},"49":{"name":"(anonymous_49)","decl":{"start":{"line":489,"column":32},"end":{"line":489,"column":33}},"loc":{"start":{"line":489,"column":46},"end":{"line":512,"column":1}},"line":489},"50":{"name":"(anonymous_50)","decl":{"start":{"line":504,"column":10},"end":{"line":504,"column":11}},"loc":{"start":{"line":504,"column":19},"end":{"line":506,"column":5}},"line":504},"51":{"name":"(anonymous_51)","decl":{"start":{"line":507,"column":11},"end":{"line":507,"column":12}},"loc":{"start":{"line":507,"column":18},"end":{"line":510,"column":5}},"line":507},"52":{"name":"(anonymous_52)","decl":{"start":{"line":514,"column":26},"end":{"line":514,"column":27}},"loc":{"start":{"line":514,"column":40},"end":{"line":528,"column":1}},"line":514},"53":{"name":"(anonymous_53)","decl":{"start":{"line":521,"column":10},"end":{"line":521,"column":11}},"loc":{"start":{"line":521,"column":19},"end":{"line":523,"column":5}},"line":521},"54":{"name":"(anonymous_54)","decl":{"start":{"line":524,"column":11},"end":{"line":524,"column":12}},"loc":{"start":{"line":524,"column":18},"end":{"line":526,"column":5}},"line":524},"55":{"name":"(anonymous_55)","decl":{"start":{"line":530,"column":25},"end":{"line":530,"column":26}},"loc":{"start":{"line":530,"column":39},"end":{"line":544,"column":1}},"line":530},"56":{"name":"(anonymous_56)","decl":{"start":{"line":536,"column":10},"end":{"line":536,"column":11}},"loc":{"start":{"line":536,"column":18},"end":{"line":538,"column":5}},"line":536},"57":{"name":"(anonymous_57)","decl":{"start":{"line":539,"column":11},"end":{"line":539,"column":12}},"loc":{"start":{"line":539,"column":18},"end":{"line":542,"column":5}},"line":539},"58":{"name":"(anonymous_58)","decl":{"start":{"line":546,"column":43},"end":{"line":546,"column":44}},"loc":{"start":{"line":546,"column":57},"end":{"line":558,"column":1}},"line":546},"59":{"name":"(anonymous_59)","decl":{"start":{"line":551,"column":10},"end":{"line":551,"column":11}},"loc":{"start":{"line":551,"column":16},"end":{"line":553,"column":5}},"line":551},"60":{"name":"(anonymous_60)","decl":{"start":{"line":554,"column":11},"end":{"line":554,"column":12}},"loc":{"start":{"line":554,"column":18},"end":{"line":556,"column":5}},"line":554},"61":{"name":"(anonymous_61)","decl":{"start":{"line":560,"column":39},"end":{"line":560,"column":40}},"loc":{"start":{"line":560,"column":53},"end":{"line":612,"column":1}},"line":560},"62":{"name":"(anonymous_62)","decl":{"start":{"line":602,"column":10},"end":{"line":602,"column":11}},"loc":{"start":{"line":602,"column":16},"end":{"line":604,"column":5}},"line":602},"63":{"name":"(anonymous_63)","decl":{"start":{"line":605,"column":11},"end":{"line":605,"column":12}},"loc":{"start":{"line":605,"column":18},"end":{"line":610,"column":5}},"line":605},"64":{"name":"(anonymous_64)","decl":{"start":{"line":614,"column":36},"end":{"line":614,"column":37}},"loc":{"start":{"line":614,"column":50},"end":{"line":688,"column":1}},"line":614},"65":{"name":"(anonymous_65)","decl":{"start":{"line":645,"column":24},"end":{"line":645,"column":25}},"loc":{"start":{"line":645,"column":31},"end":{"line":645,"column":48}},"line":645},"66":{"name":"(anonymous_66)","decl":{"start":{"line":652,"column":18},"end":{"line":652,"column":19}},"loc":{"start":{"line":652,"column":24},"end":{"line":654,"column":13}},"line":652},"67":{"name":"(anonymous_67)","decl":{"start":{"line":655,"column":19},"end":{"line":655,"column":20}},"loc":{"start":{"line":655,"column":26},"end":{"line":657,"column":13}},"line":655},"68":{"name":"(anonymous_68)","decl":{"start":{"line":665,"column":29},"end":{"line":665,"column":30}},"loc":{"start":{"line":665,"column":37},"end":{"line":677,"column":13}},"line":665},"69":{"name":"(anonymous_69)","decl":{"start":{"line":670,"column":22},"end":{"line":670,"column":23}},"loc":{"start":{"line":670,"column":30},"end":{"line":672,"column":17}},"line":670},"70":{"name":"(anonymous_70)","decl":{"start":{"line":673,"column":23},"end":{"line":673,"column":24}},"loc":{"start":{"line":673,"column":30},"end":{"line":675,"column":17}},"line":673},"71":{"name":"(anonymous_71)","decl":{"start":{"line":678,"column":19},"end":{"line":678,"column":20}},"loc":{"start":{"line":678,"column":26},"end":{"line":680,"column":13}},"line":678},"72":{"name":"(anonymous_72)","decl":{"start":{"line":690,"column":22},"end":{"line":690,"column":23}},"loc":{"start":{"line":690,"column":36},"end":{"line":719,"column":1}},"line":690},"73":{"name":"(anonymous_73)","decl":{"start":{"line":699,"column":10},"end":{"line":699,"column":11}},"loc":{"start":{"line":699,"column":18},"end":{"line":714,"column":5}},"line":699},"74":{"name":"(anonymous_74)","decl":{"start":{"line":704,"column":15},"end":{"line":704,"column":16}},"loc":{"start":{"line":704,"column":22},"end":{"line":706,"column":9}},"line":704},"75":{"name":"(anonymous_75)","decl":{"start":{"line":715,"column":11},"end":{"line":715,"column":12}},"loc":{"start":{"line":715,"column":18},"end":{"line":717,"column":5}},"line":715},"76":{"name":"(anonymous_76)","decl":{"start":{"line":721,"column":34},"end":{"line":721,"column":35}},"loc":{"start":{"line":721,"column":48},"end":{"line":757,"column":1}},"line":721},"77":{"name":"(anonymous_77)","decl":{"start":{"line":730,"column":10},"end":{"line":730,"column":11}},"loc":{"start":{"line":730,"column":18},"end":{"line":755,"column":5}},"line":730},"78":{"name":"(anonymous_78)","decl":{"start":{"line":740,"column":29},"end":{"line":740,"column":30}},"loc":{"start":{"line":740,"column":45},"end":{"line":742,"column":13}},"line":740},"79":{"name":"(anonymous_79)","decl":{"start":{"line":746,"column":18},"end":{"line":746,"column":19}},"loc":{"start":{"line":746,"column":26},"end":{"line":748,"column":13}},"line":746},"80":{"name":"(anonymous_80)","decl":{"start":{"line":749,"column":19},"end":{"line":749,"column":20}},"loc":{"start":{"line":749,"column":26},"end":{"line":751,"column":13}},"line":749},"81":{"name":"(anonymous_81)","decl":{"start":{"line":759,"column":40},"end":{"line":759,"column":41}},"loc":{"start":{"line":759,"column":54},"end":{"line":773,"column":1}},"line":759},"82":{"name":"(anonymous_82)","decl":{"start":{"line":766,"column":10},"end":{"line":766,"column":11}},"loc":{"start":{"line":766,"column":20},"end":{"line":768,"column":5}},"line":766},"83":{"name":"(anonymous_83)","decl":{"start":{"line":769,"column":11},"end":{"line":769,"column":12}},"loc":{"start":{"line":769,"column":18},"end":{"line":771,"column":5}},"line":769},"84":{"name":"(anonymous_84)","decl":{"start":{"line":775,"column":36},"end":{"line":775,"column":37}},"loc":{"start":{"line":775,"column":50},"end":{"line":833,"column":1}},"line":775},"85":{"name":"(anonymous_85)","decl":{"start":{"line":795,"column":40},"end":{"line":795,"column":41}},"loc":{"start":{"line":795,"column":61},"end":{"line":830,"column":5}},"line":795},"86":{"name":"(anonymous_86)","decl":{"start":{"line":800,"column":14},"end":{"line":800,"column":15}},"loc":{"start":{"line":800,"column":22},"end":{"line":800,"column":60}},"line":800},"87":{"name":"(anonymous_87)","decl":{"start":{"line":815,"column":18},"end":{"line":815,"column":19}},"loc":{"start":{"line":815,"column":42},"end":{"line":815,"column":114}},"line":815},"88":{"name":"(anonymous_88)","decl":{"start":{"line":819,"column":22},"end":{"line":819,"column":23}},"loc":{"start":{"line":819,"column":38},"end":{"line":819,"column":73}},"line":819},"89":{"name":"(anonymous_89)","decl":{"start":{"line":824,"column":54},"end":{"line":824,"column":55}},"loc":{"start":{"line":824,"column":70},"end":{"line":824,"column":109}},"line":824},"90":{"name":"(anonymous_90)","decl":{"start":{"line":835,"column":31},"end":{"line":835,"column":32}},"loc":{"start":{"line":835,"column":45},"end":{"line":857,"column":1}},"line":835},"91":{"name":"(anonymous_91)","decl":{"start":{"line":848,"column":10},"end":{"line":848,"column":11}},"loc":{"start":{"line":848,"column":21},"end":{"line":851,"column":5}},"line":848},"92":{"name":"(anonymous_92)","decl":{"start":{"line":852,"column":11},"end":{"line":852,"column":12}},"loc":{"start":{"line":852,"column":18},"end":{"line":855,"column":5}},"line":852},"93":{"name":"(anonymous_93)","decl":{"start":{"line":859,"column":25},"end":{"line":859,"column":26}},"loc":{"start":{"line":859,"column":39},"end":{"line":888,"column":1}},"line":859},"94":{"name":"(anonymous_94)","decl":{"start":{"line":880,"column":10},"end":{"line":880,"column":11}},"loc":{"start":{"line":880,"column":17},"end":{"line":883,"column":5}},"line":880},"95":{"name":"(anonymous_95)","decl":{"start":{"line":884,"column":11},"end":{"line":884,"column":12}},"loc":{"start":{"line":884,"column":18},"end":{"line":886,"column":5}},"line":884},"96":{"name":"(anonymous_96)","decl":{"start":{"line":890,"column":23},"end":{"line":890,"column":24}},"loc":{"start":{"line":890,"column":34},"end":{"line":917,"column":1}},"line":890},"97":{"name":"(anonymous_97)","decl":{"start":{"line":892,"column":10},"end":{"line":892,"column":11}},"loc":{"start":{"line":892,"column":21},"end":{"line":913,"column":5}},"line":892},"98":{"name":"(anonymous_98)","decl":{"start":{"line":896,"column":18},"end":{"line":896,"column":19}},"loc":{"start":{"line":896,"column":26},"end":{"line":896,"column":67}},"line":896},"99":{"name":"(anonymous_99)","decl":{"start":{"line":897,"column":19},"end":{"line":897,"column":20}},"loc":{"start":{"line":897,"column":26},"end":{"line":897,"column":42}},"line":897},"100":{"name":"(anonymous_100)","decl":{"start":{"line":900,"column":61},"end":{"line":900,"column":62}},"loc":{"start":{"line":900,"column":77},"end":{"line":900,"column":120}},"line":900},"101":{"name":"(anonymous_101)","decl":{"start":{"line":902,"column":85},"end":{"line":902,"column":86}},"loc":{"start":{"line":902,"column":101},"end":{"line":902,"column":142}},"line":902},"102":{"name":"(anonymous_102)","decl":{"start":{"line":905,"column":14},"end":{"line":905,"column":15}},"loc":{"start":{"line":905,"column":22},"end":{"line":911,"column":9}},"line":905},"103":{"name":"(anonymous_103)","decl":{"start":{"line":907,"column":37},"end":{"line":907,"column":38}},"loc":{"start":{"line":907,"column":48},"end":{"line":909,"column":17}},"line":907},"104":{"name":"(anonymous_104)","decl":{"start":{"line":914,"column":11},"end":{"line":914,"column":12}},"loc":{"start":{"line":914,"column":18},"end":{"line":916,"column":5}},"line":914},"105":{"name":"(anonymous_105)","decl":{"start":{"line":919,"column":39},"end":{"line":919,"column":40}},"loc":{"start":{"line":919,"column":53},"end":{"line":940,"column":1}},"line":919},"106":{"name":"(anonymous_106)","decl":{"start":{"line":926,"column":10},"end":{"line":926,"column":11}},"loc":{"start":{"line":926,"column":21},"end":{"line":938,"column":5}},"line":926},"107":{"name":"(anonymous_107)","decl":{"start":{"line":942,"column":40},"end":{"line":942,"column":41}},"loc":{"start":{"line":942,"column":54},"end":{"line":959,"column":1}},"line":942},"108":{"name":"(anonymous_108)","decl":{"start":{"line":947,"column":10},"end":{"line":947,"column":11}},"loc":{"start":{"line":947,"column":20},"end":{"line":953,"column":5}},"line":947},"109":{"name":"(anonymous_109)","decl":{"start":{"line":954,"column":11},"end":{"line":954,"column":12}},"loc":{"start":{"line":954,"column":18},"end":{"line":957,"column":5}},"line":954},"110":{"name":"(anonymous_110)","decl":{"start":{"line":961,"column":38},"end":{"line":961,"column":39}},"loc":{"start":{"line":961,"column":52},"end":{"line":1005,"column":1}},"line":961},"111":{"name":"(anonymous_111)","decl":{"start":{"line":990,"column":10},"end":{"line":990,"column":11}},"loc":{"start":{"line":990,"column":27},"end":{"line":999,"column":5}},"line":990},"112":{"name":"(anonymous_112)","decl":{"start":{"line":995,"column":14},"end":{"line":995,"column":15}},"loc":{"start":{"line":995,"column":20},"end":{"line":995,"column":52}},"line":995},"113":{"name":"(anonymous_113)","decl":{"start":{"line":1000,"column":11},"end":{"line":1000,"column":12}},"loc":{"start":{"line":1000,"column":18},"end":{"line":1003,"column":5}},"line":1000},"114":{"name":"(anonymous_114)","decl":{"start":{"line":1007,"column":48},"end":{"line":1007,"column":49}},"loc":{"start":{"line":1007,"column":62},"end":{"line":1027,"column":1}},"line":1007},"115":{"name":"(anonymous_115)","decl":{"start":{"line":1020,"column":10},"end":{"line":1020,"column":11}},"loc":{"start":{"line":1020,"column":19},"end":{"line":1022,"column":5}},"line":1020},"116":{"name":"(anonymous_116)","decl":{"start":{"line":1023,"column":11},"end":{"line":1023,"column":12}},"loc":{"start":{"line":1023,"column":18},"end":{"line":1025,"column":5}},"line":1023},"117":{"name":"(anonymous_117)","decl":{"start":{"line":1029,"column":43},"end":{"line":1029,"column":44}},"loc":{"start":{"line":1029,"column":57},"end":{"line":1054,"column":1}},"line":1029},"118":{"name":"(anonymous_118)","decl":{"start":{"line":1047,"column":10},"end":{"line":1047,"column":11}},"loc":{"start":{"line":1047,"column":19},"end":{"line":1049,"column":5}},"line":1047},"119":{"name":"(anonymous_119)","decl":{"start":{"line":1050,"column":11},"end":{"line":1050,"column":12}},"loc":{"start":{"line":1050,"column":18},"end":{"line":1052,"column":5}},"line":1050},"120":{"name":"(anonymous_120)","decl":{"start":{"line":1056,"column":49},"end":{"line":1056,"column":50}},"loc":{"start":{"line":1056,"column":63},"end":{"line":1071,"column":1}},"line":1056},"121":{"name":"(anonymous_121)","decl":{"start":{"line":1063,"column":10},"end":{"line":1063,"column":11}},"loc":{"start":{"line":1063,"column":19},"end":{"line":1065,"column":5}},"line":1063},"122":{"name":"(anonymous_122)","decl":{"start":{"line":1066,"column":11},"end":{"line":1066,"column":12}},"loc":{"start":{"line":1066,"column":18},"end":{"line":1069,"column":5}},"line":1066},"123":{"name":"(anonymous_123)","decl":{"start":{"line":1073,"column":36},"end":{"line":1073,"column":37}},"loc":{"start":{"line":1073,"column":50},"end":{"line":1101,"column":1}},"line":1073},"124":{"name":"(anonymous_124)","decl":{"start":{"line":1082,"column":14},"end":{"line":1082,"column":15}},"loc":{"start":{"line":1082,"column":22},"end":{"line":1093,"column":9}},"line":1082},"125":{"name":"(anonymous_125)","decl":{"start":{"line":1084,"column":61},"end":{"line":1084,"column":62}},"loc":{"start":{"line":1084,"column":69},"end":{"line":1084,"column":105}},"line":1084},"126":{"name":"(anonymous_126)","decl":{"start":{"line":1086,"column":59},"end":{"line":1086,"column":60}},"loc":{"start":{"line":1086,"column":67},"end":{"line":1086,"column":98}},"line":1086},"127":{"name":"(anonymous_127)","decl":{"start":{"line":1089,"column":18},"end":{"line":1089,"column":19}},"loc":{"start":{"line":1089,"column":26},"end":{"line":1089,"column":53}},"line":1089},"128":{"name":"(anonymous_128)","decl":{"start":{"line":1094,"column":15},"end":{"line":1094,"column":16}},"loc":{"start":{"line":1094,"column":22},"end":{"line":1096,"column":9}},"line":1094},"129":{"name":"(anonymous_129)","decl":{"start":{"line":1104,"column":36},"end":{"line":1104,"column":37}},"loc":{"start":{"line":1104,"column":50},"end":{"line":1116,"column":1}},"line":1104},"130":{"name":"(anonymous_130)","decl":{"start":{"line":1109,"column":14},"end":{"line":1109,"column":15}},"loc":{"start":{"line":1109,"column":29},"end":{"line":1111,"column":9}},"line":1109},"131":{"name":"(anonymous_131)","decl":{"start":{"line":1112,"column":15},"end":{"line":1112,"column":16}},"loc":{"start":{"line":1112,"column":22},"end":{"line":1115,"column":9}},"line":1112},"132":{"name":"(anonymous_132)","decl":{"start":{"line":1118,"column":28},"end":{"line":1118,"column":29}},"loc":{"start":{"line":1118,"column":34},"end":{"line":1120,"column":1}},"line":1118}},"branchMap":{"0":{"loc":{"start":{"line":53,"column":18},"end":{"line":53,"column":56}},"type":"binary-expr","locations":[{"start":{"line":53,"column":18},"end":{"line":53,"column":28}},{"start":{"line":53,"column":32},"end":{"line":53,"column":56}}],"line":53},"1":{"loc":{"start":{"line":55,"column":4},"end":{"line":57,"column":5}},"type":"if","locations":[{"start":{"line":55,"column":4},"end":{"line":57,"column":5}},{"start":{},"end":{}}],"line":55},"2":{"loc":{"start":{"line":60,"column":8},"end":{"line":62,"column":9}},"type":"if","locations":[{"start":{"line":60,"column":8},"end":{"line":62,"column":9}},{"start":{},"end":{}}],"line":60},"3":{"loc":{"start":{"line":89,"column":4},"end":{"line":89,"column":67}},"type":"cond-expr","locations":[{"start":{"line":89,"column":26},"end":{"line":89,"column":62}},{"start":{"line":89,"column":65},"end":{"line":89,"column":67}}],"line":89},"4":{"loc":{"start":{"line":99,"column":4},"end":{"line":101,"column":5}},"type":"if","locations":[{"start":{"line":99,"column":4},"end":{"line":101,"column":5}},{"start":{},"end":{}}],"line":99},"5":{"loc":{"start":{"line":102,"column":4},"end":{"line":104,"column":5}},"type":"if","locations":[{"start":{"line":102,"column":4},"end":{"line":104,"column":5}},{"start":{},"end":{}}],"line":102},"6":{"loc":{"start":{"line":105,"column":4},"end":{"line":107,"column":5}},"type":"if","locations":[{"start":{"line":105,"column":4},"end":{"line":107,"column":5}},{"start":{},"end":{}}],"line":105},"7":{"loc":{"start":{"line":108,"column":4},"end":{"line":110,"column":5}},"type":"if","locations":[{"start":{"line":108,"column":4},"end":{"line":110,"column":5}},{"start":{},"end":{}}],"line":108},"8":{"loc":{"start":{"line":132,"column":12},"end":{"line":134,"column":13}},"type":"if","locations":[{"start":{"line":132,"column":12},"end":{"line":134,"column":13}},{"start":{},"end":{}}],"line":132},"9":{"loc":{"start":{"line":146,"column":8},"end":{"line":148,"column":9}},"type":"if","locations":[{"start":{"line":146,"column":8},"end":{"line":148,"column":9}},{"start":{},"end":{}}],"line":146},"10":{"loc":{"start":{"line":151,"column":8},"end":{"line":169,"column":9}},"type":"if","locations":[{"start":{"line":151,"column":8},"end":{"line":169,"column":9}},{"start":{"line":167,"column":15},"end":{"line":169,"column":9}}],"line":151},"11":{"loc":{"start":{"line":151,"column":11},"end":{"line":151,"column":51}},"type":"binary-expr","locations":[{"start":{"line":151,"column":11},"end":{"line":151,"column":28}},{"start":{"line":151,"column":32},"end":{"line":151,"column":51}}],"line":151},"12":{"loc":{"start":{"line":155,"column":16},"end":{"line":157,"column":17}},"type":"if","locations":[{"start":{"line":155,"column":16},"end":{"line":157,"column":17}},{"start":{},"end":{}}],"line":155},"13":{"loc":{"start":{"line":159,"column":16},"end":{"line":163,"column":17}},"type":"if","locations":[{"start":{"line":159,"column":16},"end":{"line":163,"column":17}},{"start":{"line":161,"column":22},"end":{"line":163,"column":17}}],"line":159},"14":{"loc":{"start":{"line":190,"column":8},"end":{"line":192,"column":9}},"type":"if","locations":[{"start":{"line":190,"column":8},"end":{"line":192,"column":9}},{"start":{},"end":{}}],"line":190},"15":{"loc":{"start":{"line":197,"column":19},"end":{"line":197,"column":28}},"type":"binary-expr","locations":[{"start":{"line":197,"column":19},"end":{"line":197,"column":20}},{"start":{"line":197,"column":24},"end":{"line":197,"column":28}}],"line":197},"16":{"loc":{"start":{"line":203,"column":8},"end":{"line":226,"column":9}},"type":"if","locations":[{"start":{"line":203,"column":8},"end":{"line":226,"column":9}},{"start":{"line":208,"column":13},"end":{"line":226,"column":9}}],"line":203},"17":{"loc":{"start":{"line":204,"column":12},"end":{"line":206,"column":13}},"type":"if","locations":[{"start":{"line":204,"column":12},"end":{"line":206,"column":13}},{"start":{},"end":{}}],"line":204},"18":{"loc":{"start":{"line":249,"column":8},"end":{"line":251,"column":9}},"type":"if","locations":[{"start":{"line":249,"column":8},"end":{"line":251,"column":9}},{"start":{},"end":{}}],"line":249},"19":{"loc":{"start":{"line":254,"column":19},"end":{"line":254,"column":28}},"type":"binary-expr","locations":[{"start":{"line":254,"column":19},"end":{"line":254,"column":20}},{"start":{"line":254,"column":24},"end":{"line":254,"column":28}}],"line":254},"20":{"loc":{"start":{"line":260,"column":8},"end":{"line":283,"column":9}},"type":"if","locations":[{"start":{"line":260,"column":8},"end":{"line":283,"column":9}},{"start":{"line":265,"column":13},"end":{"line":283,"column":9}}],"line":260},"21":{"loc":{"start":{"line":261,"column":12},"end":{"line":263,"column":13}},"type":"if","locations":[{"start":{"line":261,"column":12},"end":{"line":263,"column":13}},{"start":{},"end":{}}],"line":261},"22":{"loc":{"start":{"line":296,"column":8},"end":{"line":327,"column":9}},"type":"if","locations":[{"start":{"line":296,"column":8},"end":{"line":327,"column":9}},{"start":{"line":325,"column":15},"end":{"line":327,"column":9}}],"line":296},"23":{"loc":{"start":{"line":338,"column":8},"end":{"line":342,"column":9}},"type":"if","locations":[{"start":{"line":338,"column":8},"end":{"line":342,"column":9}},{"start":{},"end":{}}],"line":338},"24":{"loc":{"start":{"line":345,"column":8},"end":{"line":356,"column":9}},"type":"if","locations":[{"start":{"line":345,"column":8},"end":{"line":356,"column":9}},{"start":{"line":352,"column":15},"end":{"line":356,"column":9}}],"line":345},"25":{"loc":{"start":{"line":367,"column":4},"end":{"line":369,"column":5}},"type":"if","locations":[{"start":{"line":367,"column":4},"end":{"line":369,"column":5}},{"start":{},"end":{}}],"line":367},"26":{"loc":{"start":{"line":367,"column":7},"end":{"line":367,"column":79}},"type":"binary-expr","locations":[{"start":{"line":367,"column":7},"end":{"line":367,"column":43}},{"start":{"line":367,"column":47},"end":{"line":367,"column":79}}],"line":367},"27":{"loc":{"start":{"line":374,"column":8},"end":{"line":376,"column":9}},"type":"if","locations":[{"start":{"line":374,"column":8},"end":{"line":376,"column":9}},{"start":{},"end":{}}],"line":374},"28":{"loc":{"start":{"line":379,"column":12},"end":{"line":381,"column":13}},"type":"if","locations":[{"start":{"line":379,"column":12},"end":{"line":381,"column":13}},{"start":{},"end":{}}],"line":379},"29":{"loc":{"start":{"line":383,"column":12},"end":{"line":385,"column":13}},"type":"if","locations":[{"start":{"line":383,"column":12},"end":{"line":385,"column":13}},{"start":{},"end":{}}],"line":383},"30":{"loc":{"start":{"line":464,"column":4},"end":{"line":470,"column":5}},"type":"if","locations":[{"start":{"line":464,"column":4},"end":{"line":470,"column":5}},{"start":{"line":466,"column":11},"end":{"line":470,"column":5}}],"line":464},"31":{"loc":{"start":{"line":466,"column":11},"end":{"line":470,"column":5}},"type":"if","locations":[{"start":{"line":466,"column":11},"end":{"line":470,"column":5}},{"start":{"line":468,"column":11},"end":{"line":470,"column":5}}],"line":466},"32":{"loc":{"start":{"line":468,"column":11},"end":{"line":470,"column":5}},"type":"if","locations":[{"start":{"line":468,"column":11},"end":{"line":470,"column":5}},{"start":{},"end":{}}],"line":468},"33":{"loc":{"start":{"line":472,"column":19},"end":{"line":472,"column":36}},"type":"cond-expr","locations":[{"start":{"line":472,"column":27},"end":{"line":472,"column":32}},{"start":{"line":472,"column":35},"end":{"line":472,"column":36}}],"line":472},"34":{"loc":{"start":{"line":495,"column":4},"end":{"line":501,"column":5}},"type":"if","locations":[{"start":{"line":495,"column":4},"end":{"line":501,"column":5}},{"start":{"line":497,"column":11},"end":{"line":501,"column":5}}],"line":495},"35":{"loc":{"start":{"line":497,"column":11},"end":{"line":501,"column":5}},"type":"if","locations":[{"start":{"line":497,"column":11},"end":{"line":501,"column":5}},{"start":{"line":499,"column":11},"end":{"line":501,"column":5}}],"line":497},"36":{"loc":{"start":{"line":499,"column":11},"end":{"line":501,"column":5}},"type":"if","locations":[{"start":{"line":499,"column":11},"end":{"line":501,"column":5}},{"start":{},"end":{}}],"line":499},"37":{"loc":{"start":{"line":566,"column":4},"end":{"line":568,"column":5}},"type":"if","locations":[{"start":{"line":566,"column":4},"end":{"line":568,"column":5}},{"start":{},"end":{}}],"line":566},"38":{"loc":{"start":{"line":570,"column":4},"end":{"line":572,"column":5}},"type":"if","locations":[{"start":{"line":570,"column":4},"end":{"line":572,"column":5}},{"start":{},"end":{}}],"line":570},"39":{"loc":{"start":{"line":579,"column":12},"end":{"line":586,"column":13}},"type":"if","locations":[{"start":{"line":579,"column":12},"end":{"line":586,"column":13}},{"start":{},"end":{}}],"line":579},"40":{"loc":{"start":{"line":582,"column":16},"end":{"line":584,"column":17}},"type":"if","locations":[{"start":{"line":582,"column":16},"end":{"line":584,"column":17}},{"start":{},"end":{}}],"line":582},"41":{"loc":{"start":{"line":582,"column":19},"end":{"line":582,"column":99}},"type":"binary-expr","locations":[{"start":{"line":582,"column":19},"end":{"line":582,"column":65}},{"start":{"line":582,"column":69},"end":{"line":582,"column":99}}],"line":582},"42":{"loc":{"start":{"line":606,"column":8},"end":{"line":608,"column":9}},"type":"if","locations":[{"start":{"line":606,"column":8},"end":{"line":608,"column":9}},{"start":{},"end":{}}],"line":606},"43":{"loc":{"start":{"line":619,"column":4},"end":{"line":686,"column":5}},"type":"if","locations":[{"start":{"line":619,"column":4},"end":{"line":686,"column":5}},{"start":{"line":684,"column":11},"end":{"line":686,"column":5}}],"line":619},"44":{"loc":{"start":{"line":623,"column":8},"end":{"line":625,"column":9}},"type":"if","locations":[{"start":{"line":623,"column":8},"end":{"line":625,"column":9}},{"start":{},"end":{}}],"line":623},"45":{"loc":{"start":{"line":627,"column":8},"end":{"line":643,"column":9}},"type":"if","locations":[{"start":{"line":627,"column":8},"end":{"line":643,"column":9}},{"start":{},"end":{}}],"line":627},"46":{"loc":{"start":{"line":628,"column":12},"end":{"line":630,"column":13}},"type":"if","locations":[{"start":{"line":628,"column":12},"end":{"line":630,"column":13}},{"start":{},"end":{}}],"line":628},"47":{"loc":{"start":{"line":628,"column":15},"end":{"line":628,"column":46}},"type":"binary-expr","locations":[{"start":{"line":628,"column":15},"end":{"line":628,"column":26}},{"start":{"line":628,"column":30},"end":{"line":628,"column":46}}],"line":628},"48":{"loc":{"start":{"line":632,"column":12},"end":{"line":634,"column":13}},"type":"if","locations":[{"start":{"line":632,"column":12},"end":{"line":634,"column":13}},{"start":{},"end":{}}],"line":632},"49":{"loc":{"start":{"line":636,"column":12},"end":{"line":638,"column":13}},"type":"if","locations":[{"start":{"line":636,"column":12},"end":{"line":638,"column":13}},{"start":{},"end":{}}],"line":636},"50":{"loc":{"start":{"line":640,"column":12},"end":{"line":642,"column":13}},"type":"if","locations":[{"start":{"line":640,"column":12},"end":{"line":642,"column":13}},{"start":{},"end":{}}],"line":640},"51":{"loc":{"start":{"line":640,"column":15},"end":{"line":640,"column":47}},"type":"binary-expr","locations":[{"start":{"line":640,"column":15},"end":{"line":640,"column":27}},{"start":{"line":640,"column":31},"end":{"line":640,"column":47}}],"line":640},"52":{"loc":{"start":{"line":647,"column":22},"end":{"line":647,"column":102}},"type":"binary-expr","locations":[{"start":{"line":647,"column":22},"end":{"line":647,"column":24}},{"start":{"line":647,"column":28},"end":{"line":647,"column":102}}],"line":647},"53":{"loc":{"start":{"line":649,"column":8},"end":{"line":682,"column":9}},"type":"if","locations":[{"start":{"line":649,"column":8},"end":{"line":682,"column":9}},{"start":{"line":659,"column":14},"end":{"line":682,"column":9}}],"line":649},"54":{"loc":{"start":{"line":651,"column":94},"end":{"line":651,"column":115}},"type":"cond-expr","locations":[{"start":{"line":651,"column":102},"end":{"line":651,"column":107}},{"start":{"line":651,"column":110},"end":{"line":651,"column":115}}],"line":651},"55":{"loc":{"start":{"line":667,"column":35},"end":{"line":667,"column":48}},"type":"cond-expr","locations":[{"start":{"line":667,"column":43},"end":{"line":667,"column":44}},{"start":{"line":667,"column":47},"end":{"line":667,"column":48}}],"line":667},"56":{"loc":{"start":{"line":694,"column":23},"end":{"line":694,"column":45}},"type":"cond-expr","locations":[{"start":{"line":694,"column":40},"end":{"line":694,"column":41}},{"start":{"line":694,"column":44},"end":{"line":694,"column":45}}],"line":694},"57":{"loc":{"start":{"line":708,"column":8},"end":{"line":710,"column":9}},"type":"if","locations":[{"start":{"line":708,"column":8},"end":{"line":710,"column":9}},{"start":{},"end":{}}],"line":708},"58":{"loc":{"start":{"line":708,"column":11},"end":{"line":708,"column":31}},"type":"binary-expr","locations":[{"start":{"line":708,"column":11},"end":{"line":708,"column":21}},{"start":{"line":708,"column":25},"end":{"line":708,"column":31}}],"line":708},"59":{"loc":{"start":{"line":727,"column":23},"end":{"line":727,"column":46}},"type":"cond-expr","locations":[{"start":{"line":727,"column":40},"end":{"line":727,"column":41}},{"start":{"line":727,"column":44},"end":{"line":727,"column":46}}],"line":727},"60":{"loc":{"start":{"line":732,"column":8},"end":{"line":753,"column":9}},"type":"if","locations":[{"start":{"line":732,"column":8},"end":{"line":753,"column":9}},{"start":{"line":743,"column":14},"end":{"line":753,"column":9}}],"line":732},"61":{"loc":{"start":{"line":781,"column":4},"end":{"line":783,"column":5}},"type":"if","locations":[{"start":{"line":781,"column":4},"end":{"line":783,"column":5}},{"start":{},"end":{}}],"line":781},"62":{"loc":{"start":{"line":790,"column":4},"end":{"line":793,"column":5}},"type":"if","locations":[{"start":{"line":790,"column":4},"end":{"line":793,"column":5}},{"start":{},"end":{}}],"line":790},"63":{"loc":{"start":{"line":799,"column":154},"end":{"line":799,"column":173}},"type":"cond-expr","locations":[{"start":{"line":799,"column":168},"end":{"line":799,"column":169}},{"start":{"line":799,"column":172},"end":{"line":799,"column":173}}],"line":799},"64":{"loc":{"start":{"line":803,"column":18},"end":{"line":803,"column":51}},"type":"cond-expr","locations":[{"start":{"line":803,"column":32},"end":{"line":803,"column":39}},{"start":{"line":803,"column":42},"end":{"line":803,"column":51}}],"line":803},"65":{"loc":{"start":{"line":810,"column":8},"end":{"line":822,"column":9}},"type":"if","locations":[{"start":{"line":810,"column":8},"end":{"line":822,"column":9}},{"start":{},"end":{}}],"line":810},"66":{"loc":{"start":{"line":817,"column":12},"end":{"line":820,"column":13}},"type":"if","locations":[{"start":{"line":817,"column":12},"end":{"line":820,"column":13}},{"start":{},"end":{}}],"line":817},"67":{"loc":{"start":{"line":894,"column":8},"end":{"line":898,"column":9}},"type":"if","locations":[{"start":{"line":894,"column":8},"end":{"line":898,"column":9}},{"start":{},"end":{}}],"line":894},"68":{"loc":{"start":{"line":904,"column":159},"end":{"line":904,"column":182}},"type":"cond-expr","locations":[{"start":{"line":904,"column":176},"end":{"line":904,"column":177}},{"start":{"line":904,"column":180},"end":{"line":904,"column":182}}],"line":904},"69":{"loc":{"start":{"line":906,"column":12},"end":{"line":910,"column":13}},"type":"if","locations":[{"start":{"line":906,"column":12},"end":{"line":910,"column":13}},{"start":{},"end":{}}],"line":906},"70":{"loc":{"start":{"line":928,"column":8},"end":{"line":936,"column":9}},"type":"if","locations":[{"start":{"line":928,"column":8},"end":{"line":936,"column":9}},{"start":{"line":934,"column":14},"end":{"line":936,"column":9}}],"line":928},"71":{"loc":{"start":{"line":928,"column":12},"end":{"line":928,"column":77}},"type":"binary-expr","locations":[{"start":{"line":928,"column":12},"end":{"line":928,"column":43}},{"start":{"line":928,"column":47},"end":{"line":928,"column":77}}],"line":928},"72":{"loc":{"start":{"line":948,"column":8},"end":{"line":952,"column":9}},"type":"if","locations":[{"start":{"line":948,"column":8},"end":{"line":952,"column":9}},{"start":{"line":950,"column":14},"end":{"line":952,"column":9}}],"line":948},"73":{"loc":{"start":{"line":972,"column":4},"end":{"line":974,"column":5}},"type":"if","locations":[{"start":{"line":972,"column":4},"end":{"line":974,"column":5}},{"start":{},"end":{}}],"line":972},"74":{"loc":{"start":{"line":976,"column":4},"end":{"line":978,"column":5}},"type":"if","locations":[{"start":{"line":976,"column":4},"end":{"line":978,"column":5}},{"start":{},"end":{}}],"line":976},"75":{"loc":{"start":{"line":1015,"column":4},"end":{"line":1017,"column":5}},"type":"if","locations":[{"start":{"line":1015,"column":4},"end":{"line":1017,"column":5}},{"start":{},"end":{}}],"line":1015},"76":{"loc":{"start":{"line":1038,"column":4},"end":{"line":1040,"column":5}},"type":"if","locations":[{"start":{"line":1038,"column":4},"end":{"line":1040,"column":5}},{"start":{},"end":{}}],"line":1038},"77":{"loc":{"start":{"line":1080,"column":4},"end":{"line":1099,"column":5}},"type":"if","locations":[{"start":{"line":1080,"column":4},"end":{"line":1099,"column":5}},{"start":{"line":1097,"column":11},"end":{"line":1099,"column":5}}],"line":1080},"78":{"loc":{"start":{"line":1106,"column":4},"end":{"line":1106,"column":104}},"type":"if","locations":[{"start":{"line":1106,"column":4},"end":{"line":1106,"column":104}},{"start":{},"end":{}}],"line":1106}},"s":{"0":1,"1":1,"2":1,"3":1,"4":1,"5":1,"6":1,"7":1,"8":1,"9":1,"10":1,"11":1,"12":1,"13":6,"14":6,"15":6,"16":1,"17":5,"18":5,"19":1,"20":4,"21":4,"22":4,"23":1,"24":1,"25":1,"26":1,"27":2,"28":2,"29":2,"30":2,"31":2,"32":1,"33":6,"34":6,"35":6,"36":1,"37":5,"38":1,"39":4,"40":1,"41":3,"42":1,"43":2,"44":2,"45":2,"46":2,"47":2,"48":1,"49":1,"50":1,"51":0,"52":1,"53":0,"54":0,"55":0,"56":0,"57":0,"58":0,"59":0,"60":0,"61":0,"62":0,"63":0,"64":0,"65":0,"66":0,"67":1,"68":0,"69":0,"70":0,"71":0,"72":0,"73":0,"74":0,"75":0,"76":0,"77":0,"78":0,"79":0,"80":0,"81":0,"82":0,"83":0,"84":0,"85":0,"86":0,"87":0,"88":1,"89":0,"90":0,"91":0,"92":0,"93":0,"94":0,"95":0,"96":0,"97":0,"98":0,"99":0,"100":0,"101":0,"102":0,"103":0,"104":0,"105":0,"106":0,"107":0,"108":1,"109":0,"110":0,"111":0,"112":0,"113":0,"114":0,"115":0,"116":0,"117":0,"118":0,"119":0,"120":0,"121":0,"122":0,"123":0,"124":0,"125":1,"126":0,"127":0,"128":0,"129":0,"130":0,"131":0,"132":0,"133":0,"134":0,"135":0,"136":0,"137":0,"138":1,"139":0,"140":0,"141":0,"142":0,"143":0,"144":0,"145":0,"146":0,"147":0,"148":0,"149":0,"150":0,"151":0,"152":0,"153":0,"154":0,"155":0,"156":1,"157":0,"158":0,"159":0,"160":0,"161":0,"162":1,"163":0,"164":0,"165":0,"166":0,"167":1,"168":0,"169":0,"170":0,"171":1,"172":0,"173":0,"174":0,"175":0,"176":0,"177":0,"178":0,"179":0,"180":0,"181":0,"182":0,"183":1,"184":0,"185":0,"186":0,"187":0,"188":0,"189":0,"190":0,"191":0,"192":0,"193":0,"194":0,"195":1,"196":0,"197":0,"198":0,"199":0,"200":1,"201":0,"202":0,"203":0,"204":0,"205":0,"206":1,"207":0,"208":0,"209":0,"210":0,"211":1,"212":0,"213":0,"214":0,"215":0,"216":0,"217":0,"218":0,"219":0,"220":0,"221":0,"222":0,"223":0,"224":0,"225":0,"226":0,"227":0,"228":0,"229":0,"230":0,"231":0,"232":0,"233":1,"234":0,"235":0,"236":0,"237":0,"238":0,"239":0,"240":0,"241":0,"242":0,"243":0,"244":0,"245":0,"246":0,"247":0,"248":0,"249":0,"250":0,"251":0,"252":0,"253":0,"254":0,"255":0,"256":0,"257":0,"258":0,"259":0,"260":0,"261":0,"262":0,"263":0,"264":1,"265":0,"266":0,"267":0,"268":0,"269":0,"270":0,"271":0,"272":0,"273":0,"274":1,"275":0,"276":0,"277":0,"278":0,"279":0,"280":0,"281":0,"282":0,"283":0,"284":0,"285":0,"286":1,"287":0,"288":0,"289":0,"290":0,"291":0,"292":1,"293":0,"294":0,"295":0,"296":0,"297":0,"298":0,"299":0,"300":0,"301":0,"302":0,"303":0,"304":0,"305":0,"306":0,"307":0,"308":0,"309":0,"310":0,"311":0,"312":0,"313":0,"314":0,"315":0,"316":1,"317":0,"318":0,"319":0,"320":0,"321":0,"322":0,"323":0,"324":1,"325":0,"326":0,"327":0,"328":0,"329":0,"330":0,"331":1,"332":0,"333":0,"334":0,"335":0,"336":0,"337":0,"338":0,"339":0,"340":0,"341":0,"342":0,"343":0,"344":0,"345":0,"346":1,"347":0,"348":0,"349":0,"350":0,"351":0,"352":0,"353":0,"354":1,"355":0,"356":0,"357":0,"358":0,"359":0,"360":0,"361":0,"362":1,"363":0,"364":0,"365":0,"366":0,"367":0,"368":0,"369":0,"370":0,"371":0,"372":0,"373":0,"374":0,"375":0,"376":0,"377":0,"378":1,"379":0,"380":0,"381":0,"382":0,"383":0,"384":0,"385":0,"386":0,"387":1,"388":0,"389":0,"390":0,"391":0,"392":0,"393":0,"394":0,"395":0,"396":0,"397":1,"398":0,"399":0,"400":0,"401":0,"402":0,"403":0,"404":1,"405":0,"406":0,"407":0,"408":0,"409":0,"410":0,"411":0,"412":0,"413":0,"414":0,"415":0,"416":0,"417":0,"418":0,"419":1,"420":3,"421":1,"422":2,"423":1,"424":1,"425":1,"426":1,"427":1},"f":{"0":6,"1":5,"2":1,"3":2,"4":2,"5":6,"6":2,"7":1,"8":1,"9":0,"10":0,"11":0,"12":0,"13":0,"14":0,"15":0,"16":0,"17":0,"18":0,"19":0,"20":0,"21":0,"22":0,"23":0,"24":0,"25":0,"26":0,"27":0,"28":0,"29":0,"30":0,"31":0,"32":0,"33":0,"34":0,"35":0,"36":0,"37":0,"38":0,"39":0,"40":0,"41":0,"42":0,"43":0,"44":0,"45":0,"46":0,"47":0,"48":0,"49":0,"50":0,"51":0,"52":0,"53":0,"54":0,"55":0,"56":0,"57":0,"58":0,"59":0,"60":0,"61":0,"62":0,"63":0,"64":0,"65":0,"66":0,"67":0,"68":0,"69":0,"70":0,"71":0,"72":0,"73":0,"74":0,"75":0,"76":0,"77":0,"78":0,"79":0,"80":0,"81":0,"82":0,"83":0,"84":0,"85":0,"86":0,"87":0,"88":0,"89":0,"90":0,"91":0,"92":0,"93":0,"94":0,"95":0,"96":0,"97":0,"98":0,"99":0,"100":0,"101":0,"102":0,"103":0,"104":0,"105":0,"106":0,"107":0,"108":0,"109":0,"110":0,"111":0,"112":0,"113":0,"114":0,"115":0,"116":0,"117":0,"118":0,"119":0,"120":0,"121":0,"122":0,"123":0,"124":0,"125":0,"126":0,"127":0,"128":0,"129":3,"130":1,"131":1,"132":1},"b":{"0":[6,5],"1":[1,5],"2":[1,4],"3":[1,1],"4":[1,5],"5":[1,4],"6":[1,3],"7":[1,2],"8":[1,0],"9":[0,0],"10":[0,0],"11":[0,0],"12":[0,0],"13":[0,0],"14":[0,0],"15":[0,0],"16":[0,0],"17":[0,0],"18":[0,0],"19":[0,0],"20":[0,0],"21":[0,0],"22":[0,0],"23":[0,0],"24":[0,0],"25":[0,0],"26":[0,0],"27":[0,0],"28":[0,0],"29":[0,0],"30":[0,0],"31":[0,0],"32":[0,0],"33":[0,0],"34":[0,0],"35":[0,0],"36":[0,0],"37":[0,0],"38":[0,0],"39":[0,0],"40":[0,0],"41":[0,0],"42":[0,0],"43":[0,0],"44":[0,0],"45":[0,0],"46":[0,0],"47":[0,0],"48":[0,0],"49":[0,0],"50":[0,0],"51":[0,0],"52":[0,0],"53":[0,0],"54":[0,0],"55":[0,0],"56":[0,0],"57":[0,0],"58":[0,0],"59":[0,0],"60":[0,0],"61":[0,0],"62":[0,0],"63":[0,0],"64":[0,0],"65":[0,0],"66":[0,0],"67":[0,0],"68":[0,0],"69":[0,0],"70":[0,0],"71":[0,0],"72":[0,0],"73":[0,0],"74":[0,0],"75":[0,0],"76":[0,0],"77":[0,0],"78":[1,2]},"_coverageSchema":"1a1c01bbd47fc00a2c39e90264f33305004495a9","hash":"d05b1eef954e247ab2becc1fbdd2bf271588e0f5"}
,"C:\\Users\\Brandon Pyle\\Documents\\GitHub\\christisking\\server\\Schema\\Comment.js": {"path":"C:\\Users\\Brandon Pyle\\Documents\\GitHub\\christisking\\server\\Schema\\Comment.js","statementMap":{"0":{"start":{"line":3,"column":22},"end":{"line":42,"column":2}}},"fnMap":{},"branchMap":{},"s":{"0":1},"f":{},"b":{},"_coverageSchema":"1a1c01bbd47fc00a2c39e90264f33305004495a9","hash":"7c192bf03ed6928917e7545564f400727d9d38d6"}
,"C:\\Users\\Brandon Pyle\\Documents\\GitHub\\christisking\\server\\Schema\\Notification.js": {"path":"C:\\Users\\Brandon Pyle\\Documents\\GitHub\\christisking\\server\\Schema\\Notification.js","statementMap":{"0":{"start":{"line":3,"column":27},"end":{"line":44,"column":1}}},"fnMap":{},"branchMap":{},"s":{"0":1},"f":{},"b":{},"_coverageSchema":"1a1c01bbd47fc00a2c39e90264f33305004495a9","hash":"778f8ff8510402b1cf169ddb888ada5b93360a75"}
,"C:\\Users\\Brandon Pyle\\Documents\\GitHub\\christisking\\server\\Schema\\Post.js": {"path":"C:\\Users\\Brandon Pyle\\Documents\\GitHub\\christisking\\server\\Schema\\Post.js","statementMap":{"0":{"start":{"line":3,"column":19},"end":{"line":69,"column":2}}},"fnMap":{},"branchMap":{},"s":{"0":1},"f":{},"b":{},"_coverageSchema":"1a1c01bbd47fc00a2c39e90264f33305004495a9","hash":"4379181bd7ebfa52ce884456289e2f1ee420afda"}
,"C:\\Users\\Brandon Pyle\\Documents\\GitHub\\christisking\\server\\Schema\\Uploads.js": {"path":"C:\\Users\\Brandon Pyle\\Documents\\GitHub\\christisking\\server\\Schema\\Uploads.js","statementMap":{"0":{"start":{"line":3,"column":22},"end":{"line":30,"column":2}}},"fnMap":{},"branchMap":{},"s":{"0":1},"f":{},"b":{},"_coverageSchema":"1a1c01bbd47fc00a2c39e90264f33305004495a9","hash":"8a10e309744c3dac1e99d480988023cf23ab6b85"}
,"C:\\Users\\Brandon Pyle\\Documents\\GitHub\\christisking\\server\\Schema\\User.js": {"path":"C:\\Users\\Brandon Pyle\\Documents\\GitHub\\christisking\\server\\Schema\\User.js","statementMap":{"0":{"start":{"line":3,"column":19},"end":{"line":91,"column":2}}},"fnMap":{},"branchMap":{},"s":{"0":1},"f":{},"b":{},"_coverageSchema":"1a1c01bbd47fc00a2c39e90264f33305004495a9","hash":"51f043f6346b68d53fb333c8b08761174e6a1498"}
}
