TN:
SF:server.js
FN:50,(anonymous_0)
FN:59,(anonymous_1)
FN:71,(anonymous_2)
FN:84,(anonymous_3)
FN:87,(anonymous_4)
FN:95,(anonymous_5)
FN:112,(anonymous_6)
FN:129,(anonymous_7)
FN:131,(anonymous_8)
FN:140,(anonymous_9)
FN:145,(anonymous_10)
FN:153,(anonymous_11)
FN:172,(anonymous_12)
FN:179,(anonymous_13)
FN:185,(anonymous_14)
FN:196,(anonymous_15)
FN:199,(anonymous_16)
FN:219,(anonymous_17)
FN:222,(anonymous_18)
FN:231,(anonymous_19)
FN:237,(anonymous_20)
FN:244,(anonymous_21)
FN:253,(anonymous_22)
FN:256,(anonymous_23)
FN:276,(anonymous_24)
FN:279,(anonymous_25)
FN:288,(anonymous_26)
FN:294,(anonymous_27)
FN:309,(anonymous_28)
FN:334,(anonymous_29)
FN:363,(anonymous_30)
FN:372,(anonymous_31)
FN:378,(anonymous_32)
FN:387,(anonymous_33)
FN:390,(anonymous_34)
FN:393,(anonymous_35)
FN:401,(anonymous_36)
FN:408,(anonymous_37)
FN:420,(anonymous_38)
FN:423,(anonymous_39)
FN:429,(anonymous_40)
FN:432,(anonymous_41)
FN:435,(anonymous_42)
FN:442,(anonymous_43)
FN:449,(anonymous_44)
FN:452,(anonymous_45)
FN:458,(anonymous_46)
FN:480,(anonymous_47)
FN:483,(anonymous_48)
FN:489,(anonymous_49)
FN:504,(anonymous_50)
FN:507,(anonymous_51)
FN:514,(anonymous_52)
FN:521,(anonymous_53)
FN:524,(anonymous_54)
FN:530,(anonymous_55)
FN:536,(anonymous_56)
FN:539,(anonymous_57)
FN:546,(anonymous_58)
FN:551,(anonymous_59)
FN:554,(anonymous_60)
FN:560,(anonymous_61)
FN:602,(anonymous_62)
FN:605,(anonymous_63)
FN:614,(anonymous_64)
FN:645,(anonymous_65)
FN:652,(anonymous_66)
FN:655,(anonymous_67)
FN:665,(anonymous_68)
FN:670,(anonymous_69)
FN:673,(anonymous_70)
FN:678,(anonymous_71)
FN:690,(anonymous_72)
FN:699,(anonymous_73)
FN:704,(anonymous_74)
FN:715,(anonymous_75)
FN:721,(anonymous_76)
FN:730,(anonymous_77)
FN:740,(anonymous_78)
FN:746,(anonymous_79)
FN:749,(anonymous_80)
FN:759,(anonymous_81)
FN:766,(anonymous_82)
FN:769,(anonymous_83)
FN:775,(anonymous_84)
FN:795,(anonymous_85)
FN:800,(anonymous_86)
FN:815,(anonymous_87)
FN:819,(anonymous_88)
FN:824,(anonymous_89)
FN:835,(anonymous_90)
FN:848,(anonymous_91)
FN:852,(anonymous_92)
FN:859,(anonymous_93)
FN:880,(anonymous_94)
FN:884,(anonymous_95)
FN:890,(anonymous_96)
FN:892,(anonymous_97)
FN:896,(anonymous_98)
FN:897,(anonymous_99)
FN:900,(anonymous_100)
FN:902,(anonymous_101)
FN:905,(anonymous_102)
FN:907,(anonymous_103)
FN:914,(anonymous_104)
FN:919,(anonymous_105)
FN:926,(anonymous_106)
FN:942,(anonymous_107)
FN:947,(anonymous_108)
FN:954,(anonymous_109)
FN:961,(anonymous_110)
FN:990,(anonymous_111)
FN:995,(anonymous_112)
FN:1000,(anonymous_113)
FN:1007,(anonymous_114)
FN:1020,(anonymous_115)
FN:1023,(anonymous_116)
FN:1029,(anonymous_117)
FN:1047,(anonymous_118)
FN:1050,(anonymous_119)
FN:1056,(anonymous_120)
FN:1063,(anonymous_121)
FN:1066,(anonymous_122)
FN:1073,(anonymous_123)
FN:1082,(anonymous_124)
FN:1084,(anonymous_125)
FN:1086,(anonymous_126)
FN:1089,(anonymous_127)
FN:1094,(anonymous_128)
FN:1104,(anonymous_129)
FN:1109,(anonymous_130)
FN:1112,(anonymous_131)
FN:1118,(anonymous_132)
FNF:133
FNH:13
FNDA:6,(anonymous_0)
FNDA:5,(anonymous_1)
FNDA:1,(anonymous_2)
FNDA:2,(anonymous_3)
FNDA:2,(anonymous_4)
FNDA:6,(anonymous_5)
FNDA:2,(anonymous_6)
FNDA:1,(anonymous_7)
FNDA:1,(anonymous_8)
FNDA:0,(anonymous_9)
FNDA:0,(anonymous_10)
FNDA:0,(anonymous_11)
FNDA:0,(anonymous_12)
FNDA:0,(anonymous_13)
FNDA:0,(anonymous_14)
FNDA:0,(anonymous_15)
FNDA:0,(anonymous_16)
FNDA:0,(anonymous_17)
FNDA:0,(anonymous_18)
FNDA:0,(anonymous_19)
FNDA:0,(anonymous_20)
FNDA:0,(anonymous_21)
FNDA:0,(anonymous_22)
FNDA:0,(anonymous_23)
FNDA:0,(anonymous_24)
FNDA:0,(anonymous_25)
FNDA:0,(anonymous_26)
FNDA:0,(anonymous_27)
FNDA:0,(anonymous_28)
FNDA:0,(anonymous_29)
FNDA:0,(anonymous_30)
FNDA:0,(anonymous_31)
FNDA:0,(anonymous_32)
FNDA:0,(anonymous_33)
FNDA:0,(anonymous_34)
FNDA:0,(anonymous_35)
FNDA:0,(anonymous_36)
FNDA:0,(anonymous_37)
FNDA:0,(anonymous_38)
FNDA:0,(anonymous_39)
FNDA:0,(anonymous_40)
FNDA:0,(anonymous_41)
FNDA:0,(anonymous_42)
FNDA:0,(anonymous_43)
FNDA:0,(anonymous_44)
FNDA:0,(anonymous_45)
FNDA:0,(anonymous_46)
FNDA:0,(anonymous_47)
FNDA:0,(anonymous_48)
FNDA:0,(anonymous_49)
FNDA:0,(anonymous_50)
FNDA:0,(anonymous_51)
FNDA:0,(anonymous_52)
FNDA:0,(anonymous_53)
FNDA:0,(anonymous_54)
FNDA:0,(anonymous_55)
FNDA:0,(anonymous_56)
FNDA:0,(anonymous_57)
FNDA:0,(anonymous_58)
FNDA:0,(anonymous_59)
FNDA:0,(anonymous_60)
FNDA:0,(anonymous_61)
FNDA:0,(anonymous_62)
FNDA:0,(anonymous_63)
FNDA:0,(anonymous_64)
FNDA:0,(anonymous_65)
FNDA:0,(anonymous_66)
FNDA:0,(anonymous_67)
FNDA:0,(anonymous_68)
FNDA:0,(anonymous_69)
FNDA:0,(anonymous_70)
FNDA:0,(anonymous_71)
FNDA:0,(anonymous_72)
FNDA:0,(anonymous_73)
FNDA:0,(anonymous_74)
FNDA:0,(anonymous_75)
FNDA:0,(anonymous_76)
FNDA:0,(anonymous_77)
FNDA:0,(anonymous_78)
FNDA:0,(anonymous_79)
FNDA:0,(anonymous_80)
FNDA:0,(anonymous_81)
FNDA:0,(anonymous_82)
FNDA:0,(anonymous_83)
FNDA:0,(anonymous_84)
FNDA:0,(anonymous_85)
FNDA:0,(anonymous_86)
FNDA:0,(anonymous_87)
FNDA:0,(anonymous_88)
FNDA:0,(anonymous_89)
FNDA:0,(anonymous_90)
FNDA:0,(anonymous_91)
FNDA:0,(anonymous_92)
FNDA:0,(anonymous_93)
FNDA:0,(anonymous_94)
FNDA:0,(anonymous_95)
FNDA:0,(anonymous_96)
FNDA:0,(anonymous_97)
FNDA:0,(anonymous_98)
FNDA:0,(anonymous_99)
FNDA:0,(anonymous_100)
FNDA:0,(anonymous_101)
FNDA:0,(anonymous_102)
FNDA:0,(anonymous_103)
FNDA:0,(anonymous_104)
FNDA:0,(anonymous_105)
FNDA:0,(anonymous_106)
FNDA:0,(anonymous_107)
FNDA:0,(anonymous_108)
FNDA:0,(anonymous_109)
FNDA:0,(anonymous_110)
FNDA:0,(anonymous_111)
FNDA:0,(anonymous_112)
FNDA:0,(anonymous_113)
FNDA:0,(anonymous_114)
FNDA:0,(anonymous_115)
FNDA:0,(anonymous_116)
FNDA:0,(anonymous_117)
FNDA:0,(anonymous_118)
FNDA:0,(anonymous_119)
FNDA:0,(anonymous_120)
FNDA:0,(anonymous_121)
FNDA:0,(anonymous_122)
FNDA:0,(anonymous_123)
FNDA:0,(anonymous_124)
FNDA:0,(anonymous_125)
FNDA:0,(anonymous_126)
FNDA:0,(anonymous_127)
FNDA:0,(anonymous_128)
FNDA:3,(anonymous_129)
FNDA:1,(anonymous_130)
FNDA:1,(anonymous_131)
FNDA:1,(anonymous_132)
DA:20,1
DA:21,1
DA:22,1
DA:24,1
DA:28,1
DA:29,1
DA:31,1
DA:32,1
DA:33,1
DA:35,1
DA:36,1
DA:46,1
DA:50,1
DA:52,6
DA:53,6
DA:55,6
DA:56,1
DA:59,5
DA:60,5
DA:61,1
DA:64,4
DA:65,4
DA:66,4
DA:71,1
DA:73,1
DA:75,1
DA:84,1
DA:85,2
DA:87,2
DA:89,2
DA:91,2
DA:95,1
DA:96,6
DA:97,6
DA:99,6
DA:100,1
DA:102,5
DA:103,1
DA:105,4
DA:106,1
DA:108,3
DA:109,1
DA:112,2
DA:113,2
DA:114,2
DA:116,2
DA:129,2
DA:130,1
DA:132,1
DA:133,1
DA:135,0
DA:140,1
DA:142,0
DA:144,0
DA:146,0
DA:147,0
DA:151,0
DA:153,0
DA:155,0
DA:156,0
DA:159,0
DA:160,0
DA:162,0
DA:168,0
DA:173,0
DA:174,0
DA:179,1
DA:181,0
DA:183,0
DA:187,0
DA:188,0
DA:190,0
DA:191,0
DA:194,0
DA:196,0
DA:197,0
DA:200,0
DA:203,0
DA:204,0
DA:205,0
DA:210,0
DA:212,0
DA:219,0
DA:220,0
DA:223,0
DA:228,0
DA:232,0
DA:237,1
DA:239,0
DA:242,0
DA:246,0
DA:247,0
DA:249,0
DA:250,0
DA:253,0
DA:254,0
DA:257,0
DA:260,0
DA:261,0
DA:262,0
DA:267,0
DA:269,0
DA:276,0
DA:277,0
DA:280,0
DA:285,0
DA:289,0
DA:294,1
DA:295,0
DA:296,0
DA:297,0
DA:298,0
DA:300,0
DA:301,0
DA:307,0
DA:309,0
DA:310,0
DA:312,0
DA:320,0
DA:322,0
DA:323,0
DA:326,0
DA:329,0
DA:330,0
DA:334,1
DA:335,0
DA:336,0
DA:338,0
DA:339,0
DA:345,0
DA:346,0
DA:347,0
DA:350,0
DA:351,0
DA:353,0
DA:358,0
DA:359,0
DA:363,1
DA:365,0
DA:367,0
DA:368,0
DA:371,0
DA:374,0
DA:375,0
DA:378,0
DA:379,0
DA:380,0
DA:383,0
DA:384,0
DA:387,0
DA:389,0
DA:391,0
DA:394,0
DA:402,0
DA:403,0
DA:408,1
DA:410,0
DA:412,0
DA:414,0
DA:421,0
DA:424,0
DA:429,1
DA:431,0
DA:433,0
DA:436,0
DA:437,0
DA:442,1
DA:444,0
DA:450,0
DA:453,0
DA:458,1
DA:460,0
DA:464,0
DA:465,0
DA:466,0
DA:467,0
DA:468,0
DA:469,0
DA:472,0
DA:474,0
DA:481,0
DA:484,0
DA:489,1
DA:491,0
DA:495,0
DA:496,0
DA:497,0
DA:498,0
DA:499,0
DA:500,0
DA:503,0
DA:505,0
DA:508,0
DA:509,0
DA:514,1
DA:516,0
DA:518,0
DA:522,0
DA:525,0
DA:530,1
DA:532,0
DA:534,0
DA:537,0
DA:540,0
DA:541,0
DA:546,1
DA:548,0
DA:550,0
DA:552,0
DA:555,0
DA:560,1
DA:562,0
DA:564,0
DA:566,0
DA:567,0
DA:570,0
DA:571,0
DA:574,0
DA:576,0
DA:578,0
DA:579,0
DA:580,0
DA:582,0
DA:583,0
DA:590,0
DA:593,0
DA:599,0
DA:603,0
DA:606,0
DA:607,0
DA:609,0
DA:614,1
DA:616,0
DA:617,0
DA:619,0
DA:621,0
DA:623,0
DA:624,0
DA:627,0
DA:628,0
DA:629,0
DA:632,0
DA:633,0
DA:636,0
DA:637,0
DA:640,0
DA:641,0
DA:645,0
DA:647,0
DA:649,0
DA:651,0
DA:653,0
DA:656,0
DA:661,0
DA:665,0
DA:667,0
DA:669,0
DA:671,0
DA:674,0
DA:679,0
DA:685,0
DA:690,1
DA:692,0
DA:694,0
DA:696,0
DA:701,0
DA:705,0
DA:708,0
DA:709,0
DA:712,0
DA:716,0
DA:721,1
DA:723,0
DA:725,0
DA:727,0
DA:729,0
DA:732,0
DA:733,0
DA:740,0
DA:741,0
DA:745,0
DA:747,0
DA:750,0
DA:759,1
DA:761,0
DA:763,0
DA:765,0
DA:767,0
DA:770,0
DA:775,1
DA:777,0
DA:779,0
DA:781,0
DA:782,0
DA:786,0
DA:790,0
DA:791,0
DA:792,0
DA:795,0
DA:797,0
DA:799,0
DA:800,0
DA:802,0
DA:810,0
DA:812,0
DA:814,0
DA:815,0
DA:817,0
DA:818,0
DA:819,0
DA:824,0
DA:826,0
DA:835,1
DA:837,0
DA:839,0
DA:841,0
DA:849,0
DA:850,0
DA:853,0
DA:854,0
DA:859,1
DA:861,0
DA:863,0
DA:865,0
DA:881,0
DA:882,0
DA:885,0
DA:890,1
DA:891,0
DA:894,0
DA:895,0
DA:896,0
DA:897,0
DA:900,0
DA:902,0
DA:904,0
DA:906,0
DA:907,0
DA:908,0
DA:915,0
DA:919,1
DA:921,0
DA:923,0
DA:925,0
DA:928,0
DA:930,0
DA:932,0
DA:935,0
DA:942,1
DA:944,0
DA:946,0
DA:948,0
DA:949,0
DA:951,0
DA:955,0
DA:956,0
DA:961,1
DA:962,0
DA:964,0
DA:966,0
DA:968,0
DA:970,0
DA:972,0
DA:973,0
DA:976,0
DA:977,0
DA:980,0
DA:992,0
DA:995,0
DA:997,0
DA:1001,0
DA:1002,0
DA:1007,1
DA:1009,0
DA:1011,0
DA:1013,0
DA:1015,0
DA:1016,0
DA:1019,0
DA:1021,0
DA:1024,0
DA:1029,1
DA:1031,0
DA:1033,0
DA:1035,0
DA:1036,0
DA:1038,0
DA:1039,0
DA:1042,0
DA:1048,0
DA:1051,0
DA:1056,1
DA:1058,0
DA:1060,0
DA:1062,0
DA:1064,0
DA:1067,0
DA:1068,0
DA:1073,1
DA:1075,0
DA:1076,0
DA:1077,0
DA:1080,0
DA:1081,0
DA:1084,0
DA:1086,0
DA:1088,0
DA:1089,0
DA:1091,0
DA:1095,0
DA:1098,0
DA:1104,1
DA:1106,3
DA:1108,2
DA:1110,1
DA:1113,1
DA:1114,1
DA:1118,1
DA:1119,1
LF:419
LH:88
BRDA:53,0,0,6
BRDA:53,0,1,5
BRDA:55,1,0,1
BRDA:55,1,1,5
BRDA:60,2,0,1
BRDA:60,2,1,4
BRDA:89,3,0,1
BRDA:89,3,1,1
BRDA:99,4,0,1
BRDA:99,4,1,5
BRDA:102,5,0,1
BRDA:102,5,1,4
BRDA:105,6,0,1
BRDA:105,6,1,3
BRDA:108,7,0,1
BRDA:108,7,1,2
BRDA:132,8,0,1
BRDA:132,8,1,0
BRDA:146,9,0,0
BRDA:146,9,1,0
BRDA:151,10,0,0
BRDA:151,10,1,0
BRDA:151,11,0,0
BRDA:151,11,1,0
BRDA:155,12,0,0
BRDA:155,12,1,0
BRDA:159,13,0,0
BRDA:159,13,1,0
BRDA:190,14,0,0
BRDA:190,14,1,0
BRDA:197,15,0,0
BRDA:197,15,1,0
BRDA:203,16,0,0
BRDA:203,16,1,0
BRDA:204,17,0,0
BRDA:204,17,1,0
BRDA:249,18,0,0
BRDA:249,18,1,0
BRDA:254,19,0,0
BRDA:254,19,1,0
BRDA:260,20,0,0
BRDA:260,20,1,0
BRDA:261,21,0,0
BRDA:261,21,1,0
BRDA:296,22,0,0
BRDA:296,22,1,0
BRDA:338,23,0,0
BRDA:338,23,1,0
BRDA:345,24,0,0
BRDA:345,24,1,0
BRDA:367,25,0,0
BRDA:367,25,1,0
BRDA:367,26,0,0
BRDA:367,26,1,0
BRDA:374,27,0,0
BRDA:374,27,1,0
BRDA:379,28,0,0
BRDA:379,28,1,0
BRDA:383,29,0,0
BRDA:383,29,1,0
BRDA:464,30,0,0
BRDA:464,30,1,0
BRDA:466,31,0,0
BRDA:466,31,1,0
BRDA:468,32,0,0
BRDA:468,32,1,0
BRDA:472,33,0,0
BRDA:472,33,1,0
BRDA:495,34,0,0
BRDA:495,34,1,0
BRDA:497,35,0,0
BRDA:497,35,1,0
BRDA:499,36,0,0
BRDA:499,36,1,0
BRDA:566,37,0,0
BRDA:566,37,1,0
BRDA:570,38,0,0
BRDA:570,38,1,0
BRDA:579,39,0,0
BRDA:579,39,1,0
BRDA:582,40,0,0
BRDA:582,40,1,0
BRDA:582,41,0,0
BRDA:582,41,1,0
BRDA:606,42,0,0
BRDA:606,42,1,0
BRDA:619,43,0,0
BRDA:619,43,1,0
BRDA:623,44,0,0
BRDA:623,44,1,0
BRDA:627,45,0,0
BRDA:627,45,1,0
BRDA:628,46,0,0
BRDA:628,46,1,0
BRDA:628,47,0,0
BRDA:628,47,1,0
BRDA:632,48,0,0
BRDA:632,48,1,0
BRDA:636,49,0,0
BRDA:636,49,1,0
BRDA:640,50,0,0
BRDA:640,50,1,0
BRDA:640,51,0,0
BRDA:640,51,1,0
BRDA:647,52,0,0
BRDA:647,52,1,0
BRDA:649,53,0,0
BRDA:649,53,1,0
BRDA:651,54,0,0
BRDA:651,54,1,0
BRDA:667,55,0,0
BRDA:667,55,1,0
BRDA:694,56,0,0
BRDA:694,56,1,0
BRDA:708,57,0,0
BRDA:708,57,1,0
BRDA:708,58,0,0
BRDA:708,58,1,0
BRDA:727,59,0,0
BRDA:727,59,1,0
BRDA:732,60,0,0
BRDA:732,60,1,0
BRDA:781,61,0,0
BRDA:781,61,1,0
BRDA:790,62,0,0
BRDA:790,62,1,0
BRDA:799,63,0,0
BRDA:799,63,1,0
BRDA:803,64,0,0
BRDA:803,64,1,0
BRDA:810,65,0,0
BRDA:810,65,1,0
BRDA:817,66,0,0
BRDA:817,66,1,0
BRDA:894,67,0,0
BRDA:894,67,1,0
BRDA:904,68,0,0
BRDA:904,68,1,0
BRDA:906,69,0,0
BRDA:906,69,1,0
BRDA:928,70,0,0
BRDA:928,70,1,0
BRDA:928,71,0,0
BRDA:928,71,1,0
BRDA:948,72,0,0
BRDA:948,72,1,0
BRDA:972,73,0,0
BRDA:972,73,1,0
BRDA:976,74,0,0
BRDA:976,74,1,0
BRDA:1015,75,0,0
BRDA:1015,75,1,0
BRDA:1038,76,0,0
BRDA:1038,76,1,0
BRDA:1080,77,0,0
BRDA:1080,77,1,0
BRDA:1106,78,0,1
BRDA:1106,78,1,2
BRF:158
BRH:19
end_of_record
TN:
SF:Schema\Comment.js
FNF:0
FNH:0
DA:3,1
LF:1
LH:1
BRF:0
BRH:0
end_of_record
TN:
SF:Schema\Notification.js
FNF:0
FNH:0
DA:3,1
LF:1
LH:1
BRF:0
BRH:0
end_of_record
TN:
SF:Schema\Post.js
FNF:0
FNH:0
DA:3,1
LF:1
LH:1
BRF:0
BRH:0
end_of_record
TN:
SF:Schema\Uploads.js
FNF:0
FNH:0
DA:3,1
LF:1
LH:1
BRF:0
BRH:0
end_of_record
TN:
SF:Schema\User.js
FNF:0
FNH:0
DA:3,1
LF:1
LH:1
BRF:0
BRH:0
end_of_record
