TN:
SF:server.js
FN:73,(anonymous_0)
FN:82,(anonymous_1)
FN:94,(anonymous_2)
FN:107,(anonymous_3)
FN:110,(anonymous_4)
FN:118,(anonymous_5)
FN:136,(anonymous_6)
FN:153,(anonymous_7)
FN:155,(anonymous_8)
FN:164,(anonymous_9)
FN:169,(anonymous_10)
FN:177,(anonymous_11)
FN:196,(anonymous_12)
FN:203,(anonymous_13)
FN:209,(anonymous_14)
FN:220,(anonymous_15)
FN:223,(anonymous_16)
FN:243,(anonymous_17)
FN:246,(anonymous_18)
FN:255,(anonymous_19)
FN:261,(anonymous_20)
FN:268,(anonymous_21)
FN:277,(anonymous_22)
FN:280,(anonymous_23)
FN:300,(anonymous_24)
FN:303,(anonymous_25)
FN:312,(anonymous_26)
FN:318,(anonymous_27)
FN:333,(anonymous_28)
FN:358,(anonymous_29)
FN:388,(anonymous_30)
FN:398,(anonymous_31)
FN:403,(anonymous_32)
FN:412,(anonymous_33)
FN:415,(anonymous_34)
FN:418,(anonymous_35)
FN:425,(anonymous_36)
FN:434,(anonymous_37)
FN:446,(anonymous_38)
FN:449,(anonymous_39)
FN:455,(anonymous_40)
FN:458,(anonymous_41)
FN:461,(anonymous_42)
FN:468,(anonymous_43)
FN:475,(anonymous_44)
FN:478,(anonymous_45)
FN:484,(anonymous_46)
FN:506,(anonymous_47)
FN:509,(anonymous_48)
FN:515,(anonymous_49)
FN:530,(anonymous_50)
FN:533,(anonymous_51)
FN:540,(anonymous_52)
FN:547,(anonymous_53)
FN:550,(anonymous_54)
FN:577,(anonymous_55)
FN:580,(anonymous_56)
FN:584,(anonymous_57)
FN:590,(anonymous_58)
FN:601,(anonymous_59)
FN:604,(anonymous_60)
FN:613,(anonymous_61)
FN:644,(anonymous_62)
FN:651,(anonymous_63)
FN:654,(anonymous_64)
FN:664,(anonymous_65)
FN:669,(anonymous_66)
FN:672,(anonymous_67)
FN:677,(anonymous_68)
FN:689,(anonymous_69)
FN:698,(anonymous_70)
FN:703,(anonymous_71)
FN:714,(anonymous_72)
FN:720,(anonymous_73)
FN:729,(anonymous_74)
FN:739,(anonymous_75)
FN:745,(anonymous_76)
FN:748,(anonymous_77)
FN:758,(anonymous_78)
FN:765,(anonymous_79)
FN:768,(anonymous_80)
FN:774,(anonymous_81)
FN:794,(anonymous_82)
FN:799,(anonymous_83)
FN:814,(anonymous_84)
FN:818,(anonymous_85)
FN:823,(anonymous_86)
FN:834,(anonymous_87)
FN:847,(anonymous_88)
FN:851,(anonymous_89)
FN:858,(anonymous_90)
FN:879,(anonymous_91)
FN:883,(anonymous_92)
FN:889,(anonymous_93)
FN:891,(anonymous_94)
FN:895,(anonymous_95)
FN:896,(anonymous_96)
FN:899,(anonymous_97)
FN:901,(anonymous_98)
FN:904,(anonymous_99)
FN:906,(anonymous_100)
FN:913,(anonymous_101)
FN:918,(anonymous_102)
FN:925,(anonymous_103)
FN:941,(anonymous_104)
FN:946,(anonymous_105)
FN:953,(anonymous_106)
FN:960,(anonymous_107)
FN:989,(anonymous_108)
FN:994,(anonymous_109)
FN:999,(anonymous_110)
FN:1006,(anonymous_111)
FN:1019,(anonymous_112)
FN:1022,(anonymous_113)
FN:1028,(anonymous_114)
FN:1046,(anonymous_115)
FN:1049,(anonymous_116)
FN:1055,(anonymous_117)
FN:1062,(anonymous_118)
FN:1065,(anonymous_119)
FN:1072,(anonymous_120)
FN:1081,(anonymous_121)
FN:1083,(anonymous_122)
FN:1085,(anonymous_123)
FN:1088,(anonymous_124)
FN:1093,(anonymous_125)
FN:1103,(anonymous_126)
FN:1108,(anonymous_127)
FN:1111,(anonymous_128)
FN:1117,(anonymous_129)
FNF:130
FNH:13
FNDA:6,(anonymous_0)
FNDA:5,(anonymous_1)
FNDA:1,(anonymous_2)
FNDA:2,(anonymous_3)
FNDA:2,(anonymous_4)
FNDA:6,(anonymous_5)
FNDA:2,(anonymous_6)
FNDA:1,(anonymous_7)
FNDA:1,(anonymous_8)
FNDA:0,(anonymous_9)
FNDA:0,(anonymous_10)
FNDA:0,(anonymous_11)
FNDA:0,(anonymous_12)
FNDA:0,(anonymous_13)
FNDA:0,(anonymous_14)
FNDA:0,(anonymous_15)
FNDA:0,(anonymous_16)
FNDA:0,(anonymous_17)
FNDA:0,(anonymous_18)
FNDA:0,(anonymous_19)
FNDA:0,(anonymous_20)
FNDA:0,(anonymous_21)
FNDA:0,(anonymous_22)
FNDA:0,(anonymous_23)
FNDA:0,(anonymous_24)
FNDA:0,(anonymous_25)
FNDA:0,(anonymous_26)
FNDA:0,(anonymous_27)
FNDA:0,(anonymous_28)
FNDA:0,(anonymous_29)
FNDA:0,(anonymous_30)
FNDA:0,(anonymous_31)
FNDA:0,(anonymous_32)
FNDA:0,(anonymous_33)
FNDA:0,(anonymous_34)
FNDA:0,(anonymous_35)
FNDA:0,(anonymous_36)
FNDA:0,(anonymous_37)
FNDA:0,(anonymous_38)
FNDA:0,(anonymous_39)
FNDA:0,(anonymous_40)
FNDA:0,(anonymous_41)
FNDA:0,(anonymous_42)
FNDA:0,(anonymous_43)
FNDA:0,(anonymous_44)
FNDA:0,(anonymous_45)
FNDA:0,(anonymous_46)
FNDA:0,(anonymous_47)
FNDA:0,(anonymous_48)
FNDA:0,(anonymous_49)
FNDA:0,(anonymous_50)
FNDA:0,(anonymous_51)
FNDA:0,(anonymous_52)
FNDA:0,(anonymous_53)
FNDA:0,(anonymous_54)
FNDA:0,(anonymous_55)
FNDA:0,(anonymous_56)
FNDA:0,(anonymous_57)
FNDA:0,(anonymous_58)
FNDA:0,(anonymous_59)
FNDA:0,(anonymous_60)
FNDA:0,(anonymous_61)
FNDA:0,(anonymous_62)
FNDA:0,(anonymous_63)
FNDA:0,(anonymous_64)
FNDA:0,(anonymous_65)
FNDA:0,(anonymous_66)
FNDA:0,(anonymous_67)
FNDA:0,(anonymous_68)
FNDA:0,(anonymous_69)
FNDA:0,(anonymous_70)
FNDA:0,(anonymous_71)
FNDA:0,(anonymous_72)
FNDA:0,(anonymous_73)
FNDA:0,(anonymous_74)
FNDA:0,(anonymous_75)
FNDA:0,(anonymous_76)
FNDA:0,(anonymous_77)
FNDA:0,(anonymous_78)
FNDA:0,(anonymous_79)
FNDA:0,(anonymous_80)
FNDA:0,(anonymous_81)
FNDA:0,(anonymous_82)
FNDA:0,(anonymous_83)
FNDA:0,(anonymous_84)
FNDA:0,(anonymous_85)
FNDA:0,(anonymous_86)
FNDA:0,(anonymous_87)
FNDA:0,(anonymous_88)
FNDA:0,(anonymous_89)
FNDA:0,(anonymous_90)
FNDA:0,(anonymous_91)
FNDA:0,(anonymous_92)
FNDA:0,(anonymous_93)
FNDA:0,(anonymous_94)
FNDA:0,(anonymous_95)
FNDA:0,(anonymous_96)
FNDA:0,(anonymous_97)
FNDA:0,(anonymous_98)
FNDA:0,(anonymous_99)
FNDA:0,(anonymous_100)
FNDA:0,(anonymous_101)
FNDA:0,(anonymous_102)
FNDA:0,(anonymous_103)
FNDA:0,(anonymous_104)
FNDA:0,(anonymous_105)
FNDA:0,(anonymous_106)
FNDA:0,(anonymous_107)
FNDA:0,(anonymous_108)
FNDA:0,(anonymous_109)
FNDA:0,(anonymous_110)
FNDA:0,(anonymous_111)
FNDA:0,(anonymous_112)
FNDA:0,(anonymous_113)
FNDA:0,(anonymous_114)
FNDA:0,(anonymous_115)
FNDA:0,(anonymous_116)
FNDA:0,(anonymous_117)
FNDA:0,(anonymous_118)
FNDA:0,(anonymous_119)
FNDA:0,(anonymous_120)
FNDA:0,(anonymous_121)
FNDA:0,(anonymous_122)
FNDA:0,(anonymous_123)
FNDA:0,(anonymous_124)
FNDA:0,(anonymous_125)
FNDA:3,(anonymous_126)
FNDA:1,(anonymous_127)
FNDA:1,(anonymous_128)
FNDA:1,(anonymous_129)
DA:21,1
DA:22,1
DA:23,1
DA:25,1
DA:29,1
DA:30,1
DA:32,1
DA:33,1
DA:34,1
DA:36,1
DA:40,1
DA:44,1
DA:48,1
DA:53,1
DA:54,1
DA:63,1
DA:64,1
DA:65,1
DA:66,1
DA:68,1
DA:73,1
DA:75,6
DA:76,6
DA:78,6
DA:79,1
DA:82,5
DA:83,5
DA:84,1
DA:87,4
DA:88,4
DA:89,4
DA:94,1
DA:96,1
DA:98,1
DA:107,1
DA:108,2
DA:110,2
DA:112,2
DA:114,2
DA:118,1
DA:120,6
DA:121,6
DA:123,6
DA:124,1
DA:126,5
DA:127,1
DA:129,4
DA:130,1
DA:132,3
DA:133,1
DA:136,2
DA:137,2
DA:138,2
DA:140,2
DA:153,2
DA:154,1
DA:156,1
DA:157,1
DA:159,0
DA:164,1
DA:166,0
DA:168,0
DA:170,0
DA:171,0
DA:175,0
DA:177,0
DA:179,0
DA:180,0
DA:183,0
DA:184,0
DA:186,0
DA:192,0
DA:197,0
DA:198,0
DA:203,1
DA:205,0
DA:207,0
DA:211,0
DA:212,0
DA:214,0
DA:215,0
DA:218,0
DA:220,0
DA:221,0
DA:224,0
DA:227,0
DA:228,0
DA:229,0
DA:234,0
DA:236,0
DA:243,0
DA:244,0
DA:247,0
DA:252,0
DA:256,0
DA:261,1
DA:263,0
DA:266,0
DA:270,0
DA:271,0
DA:273,0
DA:274,0
DA:277,0
DA:278,0
DA:281,0
DA:284,0
DA:285,0
DA:286,0
DA:291,0
DA:293,0
DA:300,0
DA:301,0
DA:304,0
DA:309,0
DA:313,0
DA:318,1
DA:319,0
DA:320,0
DA:321,0
DA:322,0
DA:324,0
DA:325,0
DA:331,0
DA:333,0
DA:334,0
DA:336,0
DA:344,0
DA:346,0
DA:347,0
DA:350,0
DA:353,0
DA:354,0
DA:358,1
DA:359,0
DA:360,0
DA:362,0
DA:363,0
DA:369,0
DA:370,0
DA:371,0
DA:374,0
DA:375,0
DA:377,0
DA:382,0
DA:383,0
DA:388,1
DA:390,0
DA:392,0
DA:393,0
DA:396,0
DA:397,0
DA:399,0
DA:400,0
DA:403,0
DA:404,0
DA:405,0
DA:408,0
DA:409,0
DA:412,0
DA:414,0
DA:416,0
DA:419,0
DA:426,0
DA:427,0
DA:430,0
DA:434,1
DA:436,0
DA:438,0
DA:440,0
DA:447,0
DA:450,0
DA:455,1
DA:457,0
DA:459,0
DA:462,0
DA:463,0
DA:468,1
DA:470,0
DA:476,0
DA:479,0
DA:484,1
DA:486,0
DA:490,0
DA:491,0
DA:492,0
DA:493,0
DA:494,0
DA:495,0
DA:498,0
DA:500,0
DA:507,0
DA:510,0
DA:515,1
DA:517,0
DA:521,0
DA:522,0
DA:523,0
DA:524,0
DA:525,0
DA:526,0
DA:529,0
DA:531,0
DA:534,0
DA:535,0
DA:540,1
DA:542,0
DA:544,0
DA:548,0
DA:551,0
DA:577,1
DA:578,0
DA:581,0
DA:582,0
DA:585,0
DA:590,1
DA:591,0
DA:597,0
DA:599,0
DA:602,0
DA:605,0
DA:606,0
DA:607,0
DA:609,0
DA:613,1
DA:615,0
DA:616,0
DA:618,0
DA:620,0
DA:622,0
DA:623,0
DA:626,0
DA:627,0
DA:628,0
DA:631,0
DA:632,0
DA:635,0
DA:636,0
DA:639,0
DA:640,0
DA:644,0
DA:646,0
DA:648,0
DA:650,0
DA:652,0
DA:655,0
DA:660,0
DA:664,0
DA:666,0
DA:668,0
DA:670,0
DA:673,0
DA:678,0
DA:684,0
DA:689,1
DA:691,0
DA:693,0
DA:695,0
DA:700,0
DA:704,0
DA:707,0
DA:708,0
DA:711,0
DA:715,0
DA:720,1
DA:722,0
DA:724,0
DA:726,0
DA:728,0
DA:731,0
DA:732,0
DA:739,0
DA:740,0
DA:744,0
DA:746,0
DA:749,0
DA:758,1
DA:760,0
DA:762,0
DA:764,0
DA:766,0
DA:769,0
DA:774,1
DA:776,0
DA:778,0
DA:780,0
DA:781,0
DA:785,0
DA:789,0
DA:790,0
DA:791,0
DA:794,0
DA:796,0
DA:798,0
DA:799,0
DA:801,0
DA:809,0
DA:811,0
DA:813,0
DA:814,0
DA:816,0
DA:817,0
DA:818,0
DA:823,0
DA:825,0
DA:834,1
DA:836,0
DA:838,0
DA:840,0
DA:848,0
DA:849,0
DA:852,0
DA:853,0
DA:858,1
DA:860,0
DA:862,0
DA:864,0
DA:880,0
DA:881,0
DA:884,0
DA:889,1
DA:890,0
DA:893,0
DA:894,0
DA:895,0
DA:896,0
DA:899,0
DA:901,0
DA:903,0
DA:905,0
DA:906,0
DA:907,0
DA:914,0
DA:918,1
DA:920,0
DA:922,0
DA:924,0
DA:927,0
DA:929,0
DA:931,0
DA:934,0
DA:941,1
DA:943,0
DA:945,0
DA:947,0
DA:948,0
DA:950,0
DA:954,0
DA:955,0
DA:960,1
DA:961,0
DA:963,0
DA:965,0
DA:967,0
DA:969,0
DA:971,0
DA:972,0
DA:975,0
DA:976,0
DA:979,0
DA:991,0
DA:994,0
DA:996,0
DA:1000,0
DA:1001,0
DA:1006,1
DA:1008,0
DA:1010,0
DA:1012,0
DA:1014,0
DA:1015,0
DA:1018,0
DA:1020,0
DA:1023,0
DA:1028,1
DA:1030,0
DA:1032,0
DA:1034,0
DA:1035,0
DA:1037,0
DA:1038,0
DA:1041,0
DA:1047,0
DA:1050,0
DA:1055,1
DA:1057,0
DA:1059,0
DA:1061,0
DA:1063,0
DA:1066,0
DA:1067,0
DA:1072,1
DA:1074,0
DA:1075,0
DA:1076,0
DA:1079,0
DA:1080,0
DA:1083,0
DA:1085,0
DA:1087,0
DA:1088,0
DA:1090,0
DA:1094,0
DA:1097,0
DA:1103,1
DA:1105,3
DA:1107,2
DA:1109,1
DA:1112,1
DA:1113,1
DA:1117,1
DA:1118,1
LF:411
LH:95
BRDA:76,0,0,6
BRDA:76,0,1,5
BRDA:78,1,0,1
BRDA:78,1,1,5
BRDA:83,2,0,1
BRDA:83,2,1,4
BRDA:112,3,0,1
BRDA:112,3,1,1
BRDA:123,4,0,1
BRDA:123,4,1,5
BRDA:126,5,0,1
BRDA:126,5,1,4
BRDA:129,6,0,1
BRDA:129,6,1,3
BRDA:132,7,0,1
BRDA:132,7,1,2
BRDA:156,8,0,1
BRDA:156,8,1,0
BRDA:170,9,0,0
BRDA:170,9,1,0
BRDA:175,10,0,0
BRDA:175,10,1,0
BRDA:175,11,0,0
BRDA:175,11,1,0
BRDA:179,12,0,0
BRDA:179,12,1,0
BRDA:183,13,0,0
BRDA:183,13,1,0
BRDA:214,14,0,0
BRDA:214,14,1,0
BRDA:221,15,0,0
BRDA:221,15,1,0
BRDA:227,16,0,0
BRDA:227,16,1,0
BRDA:228,17,0,0
BRDA:228,17,1,0
BRDA:273,18,0,0
BRDA:273,18,1,0
BRDA:278,19,0,0
BRDA:278,19,1,0
BRDA:284,20,0,0
BRDA:284,20,1,0
BRDA:285,21,0,0
BRDA:285,21,1,0
BRDA:320,22,0,0
BRDA:320,22,1,0
BRDA:362,23,0,0
BRDA:362,23,1,0
BRDA:369,24,0,0
BRDA:369,24,1,0
BRDA:392,25,0,0
BRDA:392,25,1,0
BRDA:392,26,0,0
BRDA:392,26,1,0
BRDA:396,27,0,0
BRDA:396,27,1,0
BRDA:399,28,0,0
BRDA:399,28,1,0
BRDA:404,29,0,0
BRDA:404,29,1,0
BRDA:408,30,0,0
BRDA:408,30,1,0
BRDA:490,31,0,0
BRDA:490,31,1,0
BRDA:492,32,0,0
BRDA:492,32,1,0
BRDA:494,33,0,0
BRDA:494,33,1,0
BRDA:498,34,0,0
BRDA:498,34,1,0
BRDA:521,35,0,0
BRDA:521,35,1,0
BRDA:523,36,0,0
BRDA:523,36,1,0
BRDA:525,37,0,0
BRDA:525,37,1,0
BRDA:581,38,0,0
BRDA:581,38,1,0
BRDA:597,39,0,0
BRDA:597,39,1,0
BRDA:606,40,0,0
BRDA:606,40,1,0
BRDA:618,41,0,0
BRDA:618,41,1,0
BRDA:622,42,0,0
BRDA:622,42,1,0
BRDA:626,43,0,0
BRDA:626,43,1,0
BRDA:627,44,0,0
BRDA:627,44,1,0
BRDA:627,45,0,0
BRDA:627,45,1,0
BRDA:631,46,0,0
BRDA:631,46,1,0
BRDA:635,47,0,0
BRDA:635,47,1,0
BRDA:639,48,0,0
BRDA:639,48,1,0
BRDA:639,49,0,0
BRDA:639,49,1,0
BRDA:646,50,0,0
BRDA:646,50,1,0
BRDA:648,51,0,0
BRDA:648,51,1,0
BRDA:650,52,0,0
BRDA:650,52,1,0
BRDA:666,53,0,0
BRDA:666,53,1,0
BRDA:693,54,0,0
BRDA:693,54,1,0
BRDA:707,55,0,0
BRDA:707,55,1,0
BRDA:707,56,0,0
BRDA:707,56,1,0
BRDA:726,57,0,0
BRDA:726,57,1,0
BRDA:731,58,0,0
BRDA:731,58,1,0
BRDA:780,59,0,0
BRDA:780,59,1,0
BRDA:789,60,0,0
BRDA:789,60,1,0
BRDA:798,61,0,0
BRDA:798,61,1,0
BRDA:802,62,0,0
BRDA:802,62,1,0
BRDA:809,63,0,0
BRDA:809,63,1,0
BRDA:816,64,0,0
BRDA:816,64,1,0
BRDA:893,65,0,0
BRDA:893,65,1,0
BRDA:903,66,0,0
BRDA:903,66,1,0
BRDA:905,67,0,0
BRDA:905,67,1,0
BRDA:927,68,0,0
BRDA:927,68,1,0
BRDA:927,69,0,0
BRDA:927,69,1,0
BRDA:947,70,0,0
BRDA:947,70,1,0
BRDA:971,71,0,0
BRDA:971,71,1,0
BRDA:975,72,0,0
BRDA:975,72,1,0
BRDA:1014,73,0,0
BRDA:1014,73,1,0
BRDA:1037,74,0,0
BRDA:1037,74,1,0
BRDA:1079,75,0,0
BRDA:1079,75,1,0
BRDA:1105,76,0,1
BRDA:1105,76,1,2
BRF:154
BRH:19
end_of_record
TN:
SF:Schema\Comment.js
FNF:0
FNH:0
DA:3,1
LF:1
LH:1
BRF:0
BRH:0
end_of_record
TN:
SF:Schema\Notification.js
FNF:0
FNH:0
DA:3,1
LF:1
LH:1
BRF:0
BRH:0
end_of_record
TN:
SF:Schema\Post.js
FNF:0
FNH:0
DA:3,1
LF:1
LH:1
BRF:0
BRH:0
end_of_record
TN:
SF:Schema\Uploads.js
FNF:0
FNH:0
DA:3,1
LF:1
LH:1
BRF:0
BRH:0
end_of_record
TN:
SF:Schema\User.js
FNF:0
FNH:0
DA:3,1
LF:1
LH:1
BRF:0
BRH:0
end_of_record
